PRT1
394
1179
4 0 11 (1248 3072 1008 ) (1024 3072 1008 ) (1024 3072 -1520 ) (1248 3072 -1520 ) 
4 0 10 (1776 3072 1008 ) (1248 3072 1008 ) (1248 3072 -1520 ) (1776 3072 -1520 ) 
4 0 2 (1024 3072 -1520 ) (1024 3072 1008 ) (1024 3248 1008 ) (1024 3248 -1520 ) 
4 0 1 (1024 3248 1008 ) (1024 3568 1008 ) (1024 3568 -1520 ) (1024 3248 -1520 ) 
4 1 5 (496 3568 -1520 ) (496 3248 -1520 ) (496 3248 1008 ) (496 3568 1008 ) 
4 1 3 (496 3248 1008 ) (496 3248 416 ) (672 3248 416 ) (672 3248 1008 ) 
4 1 4 (496 3248 108 ) (496 3248 -1520 ) (672 3248 -1520 ) (672 3248 108 ) 
4 1 2 (672 3248 -1520 ) (1024 3248 -1520 ) (1024 3248 1008 ) (672 3248 1008 ) 
4 2 23 (1024 3072 -1520 ) (1024 3072 -80 ) (672 3072 -80 ) (672 3072 -1520 ) 
4 2 21 (1024 3072 -80 ) (1024 3072 112 ) (672 3072 112 ) (672 3072 -80 ) 
4 2 14 (1024 3072 112 ) (1024 3072 1008 ) (672 3072 1008 ) (672 3072 112 ) 
4 2 3 (672 3248 1008 ) (672 3248 416 ) (672 3072 416 ) (672 3072 1008 ) 
4 2 4 (672 3248 108 ) (672 3248 -1520 ) (672 3072 -1520 ) (672 3072 108 ) 
4 3 15 (672 3072 1008 ) (496 3072 1008 ) (496 3072 416 ) (672 3072 416 ) 
4 3 8 (496 3072 416 ) (496 3072 1008 ) (496 3184 1008 ) (496 3184 416 ) 
4 3 6 (496 3184 1008 ) (496 3248 1008 ) (496 3248 416 ) (496 3184 416 ) 
4 4 23 (496 3072 -80 ) (496 3072 -1520 ) (672 3072 -1520 ) (672 3072 -80 ) 
4 4 22 (496 3072 108 ) (496 3072 -80 ) (672 3072 -80 ) (672 3072 108 ) 
4 4 9 (496 3184 -1520 ) (496 3072 -1520 ) (496 3072 -80 ) (496 3184 -80 ) 
4 4 7 (496 3248 -1520 ) (496 3184 -1520 ) (496 3184 108 ) (496 3248 108 ) 
4 5 30 (0 3248 1008 ) (0 3568 1008 ) (0 3568 -1520 ) (0 3248 -1520 ) 
4 5 6 (496 3248 416 ) (496 3248 1008 ) (0 3248 1008 ) (0 3248 416 ) 
4 5 7 (0 3248 -1520 ) (496 3248 -1520 ) (496 3248 108 ) (0 3248 108 ) 
4 6 31 (0 3184 1008 ) (0 3248 1008 ) (0 3248 416 ) (0 3184 416 ) 
4 6 8 (496 3184 416 ) (496 3184 1008 ) (0 3184 1008 ) (0 3184 416 ) 
4 7 32 (0 3248 108 ) (0 3248 -1520 ) (0 3184 -1520 ) (0 3184 108 ) 
4 7 9 (0 3184 -1520 ) (496 3184 -1520 ) (496 3184 -80 ) (0 3184 -80 ) 
4 8 33 (0 3072 112 ) (0 3072 1008 ) (0 3184 1008 ) (0 3184 112 ) 
4 8 19 (176 3072 112 ) (224 3072 112 ) (224 3072 160 ) (176 3072 160 ) 
4 8 20 (0 3072 160 ) (0 3072 112 ) (176 3072 112 ) (176 3072 160 ) 
4 8 18 (224 3072 1008 ) (0 3072 1008 ) (0 3072 160 ) (224 3072 160 ) 
4 8 17 (416 3072 1008 ) (224 3072 1008 ) (224 3072 112 ) (416 3072 112 ) 
4 8 16 (496 3072 1008 ) (416 3072 1008 ) (416 3072 112 ) (496 3072 112 ) 
4 9 34 (0 3072 -1520 ) (0 3072 -80 ) (0 3184 -80 ) (0 3184 -1520 ) 
4 9 23 (0 3072 -80 ) (0 3072 -1520 ) (496 3072 -1520 ) (496 3072 -80 ) 
4 10 142 (1248 2048 0 ) (1248 2048 -1520 ) (1776 2048 -1520 ) (1776 2048 0 ) 
4 10 139 (1776 2048 1008 ) (1248 2048 1008 ) (1248 2048 0 ) (1776 2048 0 ) 
4 10 12 (1248 2048 704 ) (1248 2048 1008 ) (1248 2272 1008 ) (1248 2272 704 ) 
4 10 13 (1248 2272 -1520 ) (1248 2048 -1520 ) (1248 2048 0 ) (1248 2272 0 ) 
4 10 11 (1248 3072 -1520 ) (1248 2272 -1520 ) (1248 2272 1008 ) (1248 3072 1008 ) 
4 11 29 (1024 2656 -1520 ) (1024 2272 -1520 ) (1024 2272 0 ) (1024 2656 0 ) 
4 11 25 (1024 2272 0 ) (1024 2272 704 ) (1024 2656 704 ) (1024 2656 0 ) 
4 11 24 (1024 2272 704 ) (1024 2272 1008 ) (1024 2656 1008 ) (1024 2656 704 ) 
4 11 23 (1024 3072 -80 ) (1024 3072 -1520 ) (1024 2656 -1520 ) (1024 2656 -80 ) 
4 11 21 (1024 3072 112 ) (1024 3072 -80 ) (1024 2656 -80 ) (1024 2656 112 ) 
4 11 14 (1024 3072 1008 ) (1024 3072 112 ) (1024 2656 112 ) (1024 2656 1008 ) 
4 11 12 (1248 2272 704 ) (1248 2272 1008 ) (1024 2272 1008 ) (1024 2272 704 ) 
4 11 13 (1024 2272 -1520 ) (1248 2272 -1520 ) (1248 2272 0 ) (1024 2272 0 ) 
4 12 140 (1248 2048 1008 ) (1024 2048 1008 ) (1024 2048 704 ) (1248 2048 704 ) 
4 12 27 (1024 2048 704 ) (1024 2048 1008 ) (1024 2272 1008 ) (1024 2272 704 ) 
4 13 142 (1024 2048 0 ) (1024 2048 -1520 ) (1248 2048 -1520 ) (1248 2048 0 ) 
4 13 29 (1024 2272 -1520 ) (1024 2048 -1520 ) (1024 2048 0 ) (1024 2272 0 ) 
4 14 25 (1024 2656 112 ) (1024 2656 704 ) (672 2656 704 ) (672 2656 112 ) 
4 14 24 (1024 2656 704 ) (1024 2656 1008 ) (672 2656 1008 ) (672 2656 704 ) 
4 14 21 (1024 2656 112 ) (672 2656 112 ) (672 3072 112 ) (1024 3072 112 ) 
4 14 15 (672 2656 416 ) (672 2656 1008 ) (672 3072 1008 ) (672 3072 416 ) 
4 15 24 (672 2656 1008 ) (496 2656 1008 ) (496 2656 704 ) (672 2656 704 ) 
4 15 16 (496 2656 416 ) (496 2656 1008 ) (496 3072 1008 ) (496 3072 416 ) 
4 16 24 (496 2656 1008 ) (416 2656 1008 ) (416 2656 704 ) (496 2656 704 ) 
5 16 17 (416 3072 112 ) (416 2816 112 ) (416 2656 192 ) (416 2656 1008 ) (416 3072 1008 ) 
4 17 26 (224 2656 704 ) (224 2656 192 ) (416 2656 192 ) (416 2656 704 ) 
4 17 24 (416 2656 1008 ) (224 2656 1008 ) (224 2656 704 ) (416 2656 704 ) 
4 17 19 (224 3072 112 ) (224 2816 112 ) (224 2720 160 ) (224 3072 160 ) 
5 17 18 (224 2720 160 ) (224 2656 192 ) (224 2656 1008 ) (224 3072 1008 ) (224 3072 160 ) 
4 18 41 (0 2656 160 ) (0 2656 704 ) (0 3072 704 ) (0 3072 160 ) 
4 18 40 (0 2656 704 ) (0 2656 1008 ) (0 3072 1008 ) (0 3072 704 ) 
4 18 24 (0 2656 1008 ) (0 2656 704 ) (224 2656 704 ) (224 2656 1008 ) 
4 18 19 (176 3072 160 ) (224 3072 160 ) (224 2708 160 ) (176 2708 160 ) 
4 18 20 (0 3072 160 ) (176 3072 160 ) (176 2656 160 ) (0 2656 160 ) 
4 19 20 (176 3072 112 ) (176 2708 112 ) (176 2708 160 ) (176 3072 160 ) 
4 20 41 (0 2656 112 ) (0 2656 160 ) (0 3072 160 ) (0 3072 112 ) 
4 21 29 (1024 2656 -80 ) (1024 2656 0 ) (672 2656 0 ) (672 2656 -80 ) 
4 21 25 (1024 2656 0 ) (1024 2656 112 ) (672 2656 112 ) (672 2656 0 ) 
4 21 23 (1024 2656 -80 ) (672 2656 -80 ) (672 3072 -80 ) (1024 3072 -80 ) 
4 21 22 (672 3072 -80 ) (672 2656 -80 ) (672 2656 108 ) (672 3072 108 ) 
4 22 29 (496 2656 0 ) (496 2656 -80 ) (672 2656 -80 ) (672 2656 0 ) 
4 22 23 (672 2656 -80 ) (496 2656 -80 ) (496 3072 -80 ) (672 3072 -80 ) 
4 23 42 (0 2656 -1520 ) (0 2656 -80 ) (0 3072 -80 ) (0 3072 -1520 ) 
4 23 29 (1024 2656 -1520 ) (1024 2656 -80 ) (0 2656 -80 ) (0 2656 -1520 ) 
4 24 104 (0 2336 704 ) (0 2272 704 ) (0 2272 1008 ) (0 2336 1008 ) 
4 24 75 (0 2464 704 ) (0 2336 704 ) (0 2336 1008 ) (0 2464 1008 ) 
4 24 40 (0 2656 1008 ) (0 2656 704 ) (0 2464 704 ) (0 2464 1008 ) 
4 24 28 (672 2272 1008 ) (0 2272 1008 ) (0 2272 704 ) (672 2272 704 ) 
4 24 27 (1024 2272 704 ) (1024 2272 1008 ) (672 2272 1008 ) (672 2272 704 ) 
4 24 26 (416 2272 704 ) (224 2272 704 ) (224 2656 704 ) (416 2656 704 ) 
4 24 25 (1024 2272 704 ) (672 2272 704 ) (672 2656 704 ) (1024 2656 704 ) 
4 25 29 (672 2656 0 ) (1024 2656 0 ) (1024 2272 0 ) (672 2272 0 ) 
4 26 28 (416 2272 320 ) (416 2272 704 ) (224 2272 704 ) (224 2272 320 ) 
4 27 143 (1024 2048 704 ) (1024 2048 1008 ) (672 2048 1008 ) (672 2048 704 ) 
4 27 28 (672 2272 1008 ) (672 2272 704 ) (672 2048 704 ) (672 2048 1008 ) 
4 28 202 (0 2048 448 ) (0 2048 320 ) (48 2048 320 ) (48 2048 448 ) 
4 28 199 (128 2048 320 ) (224 2048 320 ) (224 2048 448 ) (128 2048 448 ) 
4 28 201 (48 2048 320 ) (128 2048 320 ) (128 2048 448 ) (48 2048 448 ) 
4 28 195 (128 2048 448 ) (160 2048 448 ) (160 2048 608 ) (128 2048 608 ) 
4 28 198 (0 2048 608 ) (0 2048 448 ) (128 2048 448 ) (128 2048 608 ) 
4 28 192 (160 2048 448 ) (224 2048 448 ) (224 2048 608 ) (160 2048 608 ) 
4 28 191 (0 2048 1008 ) (0 2048 608 ) (224 2048 608 ) (224 2048 1008 ) 
4 28 175 (224 2048 320 ) (416 2048 320 ) (416 2048 336 ) (224 2048 336 ) 
4 28 174 (416 2048 336 ) (416 2048 352 ) (224 2048 352 ) (224 2048 336 ) 
4 28 173 (416 2048 352 ) (416 2048 368 ) (224 2048 368 ) (224 2048 352 ) 
4 28 172 (416 2048 368 ) (416 2048 384 ) (224 2048 384 ) (224 2048 368 ) 
4 28 171 (416 2048 384 ) (416 2048 400 ) (224 2048 400 ) (224 2048 384 ) 
4 28 170 (416 2048 400 ) (416 2048 416 ) (224 2048 416 ) (224 2048 400 ) 
4 28 169 (416 2048 416 ) (416 2048 432 ) (224 2048 432 ) (224 2048 416 ) 
4 28 168 (416 2048 432 ) (416 2048 1008 ) (224 2048 1008 ) (224 2048 432 ) 
4 28 165 (416 2048 320 ) (512 2048 320 ) (512 2048 448 ) (416 2048 448 ) 
4 28 163 (512 2048 320 ) (576 2048 320 ) (576 2048 448 ) (512 2048 448 ) 
4 28 162 (576 2048 320 ) (672 2048 320 ) (672 2048 448 ) (576 2048 448 ) 
4 28 157 (416 2048 608 ) (416 2048 448 ) (480 2048 448 ) (480 2048 608 ) 
4 28 156 (480 2048 1008 ) (416 2048 1008 ) (416 2048 608 ) (480 2048 608 ) 
4 28 153 (512 2048 608 ) (480 2048 608 ) (480 2048 448 ) (512 2048 448 ) 
4 28 152 (672 2048 448 ) (672 2048 608 ) (512 2048 608 ) (512 2048 448 ) 
4 28 151 (672 2048 608 ) (672 2048 1008 ) (480 2048 1008 ) (480 2048 608 ) 
4 28 105 (0 2048 320 ) (0 2048 1008 ) (0 2272 1008 ) (0 2272 320 ) 
4 29 205 (224 2048 0 ) (0 2048 0 ) (0 2048 -1520 ) (224 2048 -1520 ) 
4 29 176 (416 2048 0 ) (224 2048 0 ) (224 2048 -1520 ) (416 2048 -1520 ) 
4 29 167 (672 2048 0 ) (416 2048 0 ) (416 2048 -1520 ) (672 2048 -1520 ) 
4 29 150 (1024 2048 -1520 ) (1024 2048 0 ) (672 2048 0 ) (672 2048 -1520 ) 
4 29 111 (0 2048 -1520 ) (0 2048 -128 ) (0 2336 -128 ) (0 2336 -1520 ) 
4 29 106 (0 2048 -128 ) (0 2048 0 ) (0 2336 0 ) (0 2336 -128 ) 
4 29 86 (0 2336 0 ) (0 2464 0 ) (0 2464 -1520 ) (0 2336 -1520 ) 
4 29 43 (0 2464 0 ) (0 2656 0 ) (0 2656 -1520 ) (0 2464 -1520 ) 
4 30 35 (-240 3568 -1520 ) (-240 3248 -1520 ) (-240 3248 1008 ) (-240 3568 1008 ) 
4 30 31 (-240 3248 1008 ) (-240 3248 416 ) (0 3248 416 ) (0 3248 1008 ) 
4 30 32 (-240 3248 108 ) (-240 3248 -1520 ) (0 3248 -1520 ) (0 3248 108 ) 
4 31 36 (-240 3184 416 ) (-240 3184 1008 ) (-240 3248 1008 ) (-240 3248 416 ) 
4 31 33 (-240 3184 1008 ) (-240 3184 416 ) (0 3184 416 ) (0 3184 1008 ) 
4 32 37 (-240 3248 -1520 ) (-240 3184 -1520 ) (-240 3184 108 ) (-240 3248 108 ) 
4 32 34 (-240 3184 -80 ) (-240 3184 -1520 ) (0 3184 -1520 ) (0 3184 -80 ) 
4 33 57 (-240 3072 156 ) (-240 3072 112 ) (-32 3072 112 ) (-32 3072 156 ) 
4 33 45 (-240 3072 164 ) (-240 3072 156 ) (-32 3072 156 ) (-32 3072 164 ) 
4 33 44 (-32 3072 1008 ) (-240 3072 1008 ) (-240 3072 164 ) (-32 3072 164 ) 
4 33 41 (0 3072 112 ) (0 3072 704 ) (-32 3072 704 ) (-32 3072 112 ) 
4 33 40 (0 3072 704 ) (0 3072 1008 ) (-32 3072 1008 ) (-32 3072 704 ) 
4 33 36 (-240 3072 416 ) (-240 3072 1008 ) (-240 3184 1008 ) (-240 3184 416 ) 
4 34 58 (-32 3072 -80 ) (-240 3072 -80 ) (-240 3072 -1520 ) (-32 3072 -1520 ) 
4 34 42 (0 3072 -1520 ) (0 3072 -80 ) (-32 3072 -80 ) (-32 3072 -1520 ) 
4 34 37 (-240 3184 -1520 ) (-240 3072 -1520 ) (-240 3072 -80 ) (-240 3184 -80 ) 
4 35 39 (-1024 3568 -1520 ) (-1024 3248 -1520 ) (-1024 3248 1008 ) (-1024 3568 1008 ) 
4 35 36 (-240 3248 416 ) (-240 3248 1008 ) (-512 3248 1008 ) (-512 3248 416 ) 
4 35 37 (-512 3248 -1520 ) (-240 3248 -1520 ) (-240 3248 108 ) (-512 3248 108 ) 
4 35 38 (-1024 3248 -1520 ) (-512 3248 -1520 ) (-512 3248 1008 ) (-1024 3248 1008 ) 
4 36 70 (-240 3072 1008 ) (-512 3072 1008 ) (-512 3072 416 ) (-240 3072 416 ) 
4 36 38 (-512 3248 1008 ) (-512 3248 416 ) (-512 3072 416 ) (-512 3072 1008 ) 
4 37 71 (-512 3072 108 ) (-512 3072 -1520 ) (-240 3072 -1520 ) (-240 3072 108 ) 
4 37 38 (-512 3248 108 ) (-512 3248 -1520 ) (-512 3072 -1520 ) (-512 3072 108 ) 
4 38 74 (-1024 3072 208 ) (-1024 3072 -1520 ) (-512 3072 -1520 ) (-512 3072 208 ) 
4 38 73 (-1024 3072 320 ) (-1024 3072 208 ) (-512 3072 208 ) (-512 3072 320 ) 
4 38 72 (-1024 3072 416 ) (-1024 3072 320 ) (-512 3072 320 ) (-512 3072 416 ) 
4 38 70 (-512 3072 1008 ) (-1024 3072 1008 ) (-1024 3072 416 ) (-512 3072 416 ) 
4 38 39 (-1024 3248 -1520 ) (-1024 3072 -1520 ) (-1024 3072 1008 ) (-1024 3248 1008 ) 
4 39 137 (-2048 3072 -1520 ) (-2048 3072 1008 ) (-2048 3568 1008 ) (-2048 3568 -1520 ) 
4 39 112 (-2048 3072 1008 ) (-2048 3072 -1520 ) (-1024 3072 -1520 ) (-1024 3072 1008 ) 
4 40 75 (0 2464 704 ) (0 2464 1008 ) (-32 2464 1008 ) (-32 2464 704 ) 
4 40 55 (-32 2464 704 ) (-32 2464 1008 ) (-32 2480 1008 ) (-32 2480 704 ) 
4 40 53 (-32 2480 1008 ) (-32 2496 1008 ) (-32 2496 704 ) (-32 2480 704 ) 
4 40 51 (-32 2496 1008 ) (-32 2512 1008 ) (-32 2512 704 ) (-32 2496 704 ) 
4 40 49 (-32 2512 1008 ) (-32 2528 1008 ) (-32 2528 704 ) (-32 2512 704 ) 
4 40 47 (-32 2528 1008 ) (-32 2544 1008 ) (-32 2544 704 ) (-32 2528 704 ) 
4 40 46 (-32 2544 1008 ) (-32 2560 1008 ) (-32 2560 704 ) (-32 2544 704 ) 
4 40 44 (-32 2560 1008 ) (-32 3072 1008 ) (-32 3072 704 ) (-32 2560 704 ) 
4 40 41 (-32 2656 704 ) (-32 3072 704 ) (0 3072 704 ) (0 2656 704 ) 
4 41 57 (-32 2656 112 ) (-32 2656 156 ) (-32 3072 156 ) (-32 3072 112 ) 
4 41 45 (-32 2656 156 ) (-32 2656 164 ) (-32 3072 164 ) (-32 3072 156 ) 
4 41 44 (-32 2656 164 ) (-32 2656 704 ) (-32 3072 704 ) (-32 3072 164 ) 
4 42 58 (-32 2656 -1520 ) (-32 2656 -80 ) (-32 3072 -80 ) (-32 3072 -1520 ) 
4 42 43 (0 2656 -1520 ) (0 2656 -80 ) (-32 2656 -80 ) (-32 2656 -1520 ) 
4 43 86 (0 2464 -1520 ) (0 2464 0 ) (-32 2464 0 ) (-32 2464 -1520 ) 
4 43 69 (-32 2464 -1520 ) (-32 2464 0 ) (-32 2576 0 ) (-32 2576 -1520 ) 
4 43 67 (-32 2576 0 ) (-32 2592 0 ) (-32 2592 -1520 ) (-32 2576 -1520 ) 
4 43 66 (-32 2592 0 ) (-32 2608 0 ) (-32 2608 -1520 ) (-32 2592 -1520 ) 
4 43 64 (-32 2608 0 ) (-32 2624 0 ) (-32 2624 -1520 ) (-32 2608 -1520 ) 
4 43 62 (-32 2624 0 ) (-32 2640 0 ) (-32 2640 -1520 ) (-32 2624 -1520 ) 
4 43 60 (-32 2640 0 ) (-32 2656 0 ) (-32 2656 -1520 ) (-32 2640 -1520 ) 
4 44 70 (-240 3072 1008 ) (-240 3072 416 ) (-240 2560 416 ) (-240 2560 1008 ) 
4 44 46 (-240 2560 1008 ) (-240 2560 172 ) (-32 2560 172 ) (-32 2560 1008 ) 
4 44 45 (-240 2576 164 ) (-240 3072 164 ) (-32 3072 164 ) (-32 2576 164 ) 
4 45 65 (-240 2592 156 ) (-240 2608 156 ) (-32 2608 156 ) (-32 2592 156 ) 
4 45 63 (-240 2608 156 ) (-240 2624 156 ) (-32 2624 156 ) (-32 2608 156 ) 
4 45 61 (-240 2624 156 ) (-240 2640 156 ) (-32 2640 156 ) (-32 2624 156 ) 
4 45 59 (-240 2640 156 ) (-240 2656 156 ) (-32 2656 156 ) (-32 2640 156 ) 
4 45 57 (-240 2656 156 ) (-240 3072 156 ) (-32 3072 156 ) (-32 2656 156 ) 
4 46 70 (-240 2544 416 ) (-240 2544 1008 ) (-240 2560 1008 ) (-240 2560 416 ) 
4 46 47 (-240 2544 1008 ) (-240 2544 180 ) (-32 2544 180 ) (-32 2544 1008 ) 
4 47 70 (-240 2528 416 ) (-240 2528 1008 ) (-240 2544 1008 ) (-240 2544 416 ) 
4 47 49 (-240 2528 1008 ) (-240 2528 188 ) (-32 2528 188 ) (-32 2528 1008 ) 
4 48 68 (-240 2528 156 ) (-240 2544 156 ) (-32 2544 156 ) (-32 2528 156 ) 
4 48 50 (-240 2528 164 ) (-240 2528 156 ) (-32 2528 156 ) (-32 2528 164 ) 
4 49 70 (-240 2512 416 ) (-240 2512 1008 ) (-240 2528 1008 ) (-240 2528 416 ) 
4 49 51 (-240 2512 1008 ) (-240 2512 196 ) (-32 2512 196 ) (-32 2512 1008 ) 
4 50 68 (-240 2512 156 ) (-240 2528 156 ) (-32 2528 156 ) (-32 2512 156 ) 
4 50 52 (-240 2512 172 ) (-240 2512 156 ) (-32 2512 156 ) (-32 2512 172 ) 
4 51 70 (-240 2496 416 ) (-240 2496 1008 ) (-240 2512 1008 ) (-240 2512 416 ) 
4 51 53 (-240 2496 1008 ) (-240 2496 204 ) (-32 2496 204 ) (-32 2496 1008 ) 
4 52 68 (-240 2496 156 ) (-240 2512 156 ) (-32 2512 156 ) (-32 2496 156 ) 
4 52 54 (-240 2496 180 ) (-240 2496 156 ) (-32 2496 156 ) (-32 2496 180 ) 
4 53 70 (-240 2480 416 ) (-240 2480 1008 ) (-240 2496 1008 ) (-240 2496 416 ) 
4 53 55 (-240 2480 1008 ) (-240 2480 212 ) (-32 2480 212 ) (-32 2480 1008 ) 
4 54 68 (-240 2480 156 ) (-240 2496 156 ) (-32 2496 156 ) (-32 2480 156 ) 
4 54 56 (-240 2480 188 ) (-240 2480 156 ) (-32 2480 156 ) (-32 2480 188 ) 
4 55 76 (-32 2464 216 ) (-32 2464 1008 ) (-240 2464 1008 ) (-240 2464 216 ) 
4 55 70 (-240 2464 416 ) (-240 2464 1008 ) (-240 2480 1008 ) (-240 2480 416 ) 
4 56 68 (-240 2464 156 ) (-240 2480 156 ) (-32 2480 156 ) (-32 2464 156 ) 
4 57 59 (-32 2656 124 ) (-32 2656 156 ) (-240 2656 156 ) (-240 2656 124 ) 
4 58 71 (-240 3072 -80 ) (-240 3072 -1520 ) (-240 2656 -1520 ) (-240 2656 -80 ) 
4 58 60 (-32 2656 -1520 ) (-32 2656 -80 ) (-240 2656 -80 ) (-240 2656 -1520 ) 
4 59 61 (-32 2640 132 ) (-32 2640 156 ) (-240 2640 156 ) (-240 2640 132 ) 
4 60 71 (-240 2640 -1520 ) (-240 2640 108 ) (-240 2656 108 ) (-240 2656 -1520 ) 
4 60 62 (-32 2640 -1520 ) (-32 2640 108 ) (-240 2640 108 ) (-240 2640 -1520 ) 
4 61 63 (-32 2624 140 ) (-32 2624 156 ) (-240 2624 156 ) (-240 2624 140 ) 
4 62 71 (-240 2624 -1520 ) (-240 2624 108 ) (-240 2640 108 ) (-240 2640 -1520 ) 
4 62 64 (-32 2624 -1520 ) (-32 2624 116 ) (-240 2624 116 ) (-240 2624 -1520 ) 
4 63 65 (-32 2608 148 ) (-32 2608 156 ) (-240 2608 156 ) (-240 2608 148 ) 
4 64 71 (-240 2608 -1520 ) (-240 2608 108 ) (-240 2624 108 ) (-240 2624 -1520 ) 
4 64 66 (-32 2608 -1520 ) (-32 2608 124 ) (-240 2608 124 ) (-240 2608 -1520 ) 
4 66 71 (-240 2592 -1520 ) (-240 2592 108 ) (-240 2608 108 ) (-240 2608 -1520 ) 
4 66 67 (-32 2592 -1520 ) (-32 2592 132 ) (-240 2592 132 ) (-240 2592 -1520 ) 
4 67 71 (-240 2576 -1520 ) (-240 2576 108 ) (-240 2592 108 ) (-240 2592 -1520 ) 
4 67 69 (-32 2576 -1520 ) (-32 2576 140 ) (-240 2576 140 ) (-240 2576 -1520 ) 
4 68 69 (-240 2464 148 ) (-240 2560 148 ) (-32 2560 148 ) (-32 2464 148 ) 
4 69 88 (-32 2464 -1520 ) (-32 2464 112 ) (-240 2464 112 ) (-240 2464 -1520 ) 
4 69 71 (-240 2464 -1520 ) (-240 2464 108 ) (-240 2576 108 ) (-240 2576 -1520 ) 
4 70 113 (-1024 2480 416 ) (-1024 2464 416 ) (-1024 2464 1008 ) (-1024 2480 1008 ) 
4 70 112 (-1024 3072 1008 ) (-1024 3072 416 ) (-1024 2480 416 ) (-1024 2480 1008 ) 
4 70 89 (-400 2464 1008 ) (-1024 2464 1008 ) (-1024 2464 416 ) (-400 2464 416 ) 
4 70 84 (-384 2464 1008 ) (-400 2464 1008 ) (-400 2464 416 ) (-384 2464 416 ) 
4 70 82 (-368 2464 1008 ) (-384 2464 1008 ) (-384 2464 416 ) (-368 2464 416 ) 
4 70 80 (-352 2464 1008 ) (-368 2464 1008 ) (-368 2464 416 ) (-352 2464 416 ) 
4 70 78 (-336 2464 1008 ) (-352 2464 1008 ) (-352 2464 416 ) (-336 2464 416 ) 
4 70 77 (-320 2464 1008 ) (-336 2464 1008 ) (-336 2464 416 ) (-320 2464 416 ) 
4 70 76 (-240 2464 416 ) (-240 2464 1008 ) (-320 2464 1008 ) (-320 2464 416 ) 
4 70 72 (-1024 3072 416 ) (-512 3072 416 ) (-512 2480 416 ) (-1024 2480 416 ) 
4 71 102 (-496 2464 108 ) (-512 2464 108 ) (-512 2464 -1520 ) (-496 2464 -1520 ) 
4 71 101 (-480 2464 108 ) (-496 2464 108 ) (-496 2464 -1520 ) (-480 2464 -1520 ) 
4 71 99 (-464 2464 108 ) (-480 2464 108 ) (-480 2464 -1520 ) (-464 2464 -1520 ) 
4 71 97 (-448 2464 108 ) (-464 2464 108 ) (-464 2464 -1520 ) (-448 2464 -1520 ) 
4 71 95 (-432 2464 108 ) (-448 2464 108 ) (-448 2464 -1520 ) (-432 2464 -1520 ) 
4 71 93 (-416 2464 108 ) (-432 2464 108 ) (-432 2464 -1520 ) (-416 2464 -1520 ) 
4 71 91 (-400 2464 108 ) (-416 2464 108 ) (-416 2464 -1520 ) (-400 2464 -1520 ) 
4 71 88 (-240 2464 -1520 ) (-240 2464 108 ) (-400 2464 108 ) (-400 2464 -1520 ) 
4 71 74 (-512 2464 -1520 ) (-512 2464 108 ) (-512 3072 108 ) (-512 3072 -1520 ) 
4 72 112 (-1024 3072 416 ) (-1024 3072 320 ) (-1024 2480 320 ) (-1024 2480 416 ) 
4 72 73 (-1024 3072 320 ) (-512 3072 320 ) (-512 2480 320 ) (-1024 2480 320 ) 
4 73 112 (-1024 3072 320 ) (-1024 3072 208 ) (-1024 2480 208 ) (-1024 2480 320 ) 
4 73 74 (-512 3072 208 ) (-512 2480 208 ) (-1024 2480 208 ) (-1024 3072 208 ) 
4 74 120 (-1024 2480 -1520 ) (-1024 2464 -1520 ) (-1024 2464 144 ) (-1024 2480 144 ) 
4 74 115 (-1024 2464 144 ) (-1024 2464 208 ) (-1024 2480 208 ) (-1024 2480 144 ) 
4 74 112 (-1024 3072 208 ) (-1024 3072 -1520 ) (-1024 2480 -1520 ) (-1024 2480 208 ) 
4 74 103 (-512 2464 -1520 ) (-512 2464 208 ) (-1024 2464 208 ) (-1024 2464 -1520 ) 
4 75 104 (0 2336 704 ) (0 2336 1008 ) (-32 2336 1008 ) (-32 2336 704 ) 
4 75 76 (-32 2336 704 ) (-32 2336 1008 ) (-32 2464 1008 ) (-32 2464 704 ) 
4 76 107 (-32 2336 1008 ) (-320 2336 1008 ) (-320 2336 704 ) (-32 2336 704 ) 
4 76 77 (-320 2336 232 ) (-320 2336 1008 ) (-320 2464 1008 ) (-320 2464 232 ) 
4 77 107 (-320 2336 1008 ) (-336 2336 1008 ) (-336 2336 704 ) (-320 2336 704 ) 
4 77 78 (-336 2464 1008 ) (-336 2464 240 ) (-336 2336 240 ) (-336 2336 1008 ) 
4 78 107 (-352 2336 1008 ) (-352 2336 704 ) (-336 2336 704 ) (-336 2336 1008 ) 
4 78 80 (-352 2464 1008 ) (-352 2464 248 ) (-352 2336 248 ) (-352 2336 1008 ) 
4 79 87 (-336 2336 216 ) (-352 2336 216 ) (-352 2464 216 ) (-336 2464 216 ) 
4 79 81 (-352 2464 224 ) (-352 2464 216 ) (-352 2336 216 ) (-352 2336 224 ) 
4 80 107 (-368 2336 1008 ) (-368 2336 704 ) (-352 2336 704 ) (-352 2336 1008 ) 
4 80 82 (-368 2464 1008 ) (-368 2464 256 ) (-368 2336 256 ) (-368 2336 1008 ) 
4 81 87 (-352 2336 216 ) (-368 2336 216 ) (-368 2464 216 ) (-352 2464 216 ) 
4 81 83 (-368 2464 232 ) (-368 2464 216 ) (-368 2336 216 ) (-368 2336 232 ) 
4 82 107 (-384 2336 1008 ) (-384 2336 704 ) (-368 2336 704 ) (-368 2336 1008 ) 
4 82 84 (-384 2464 1008 ) (-384 2464 264 ) (-384 2336 264 ) (-384 2336 1008 ) 
4 83 87 (-368 2336 216 ) (-384 2336 216 ) (-384 2464 216 ) (-368 2464 216 ) 
4 83 85 (-384 2464 240 ) (-384 2464 216 ) (-384 2336 216 ) (-384 2336 240 ) 
4 84 107 (-400 2336 1008 ) (-400 2336 704 ) (-384 2336 704 ) (-384 2336 1008 ) 
4 84 90 (-400 2464 320 ) (-400 2464 272 ) (-400 2336 272 ) (-400 2336 320 ) 
4 84 89 (-400 2464 1008 ) (-400 2464 320 ) (-400 2336 320 ) (-400 2336 1008 ) 
4 85 91 (-400 2464 248 ) (-400 2464 216 ) (-400 2336 216 ) (-400 2336 248 ) 
4 85 87 (-384 2336 216 ) (-400 2336 216 ) (-400 2464 216 ) (-384 2464 216 ) 
4 86 111 (0 2336 -1520 ) (0 2336 -128 ) (-32 2336 -128 ) (-32 2336 -1520 ) 
4 86 106 (0 2336 -128 ) (0 2336 0 ) (-32 2336 0 ) (-32 2336 -128 ) 
4 86 88 (-32 2336 -1520 ) (-32 2336 0 ) (-32 2464 0 ) (-32 2464 -1520 ) 
4 87 91 (-400 2464 216 ) (-400 2464 112 ) (-400 2336 112 ) (-400 2336 216 ) 
4 87 88 (-400 2336 112 ) (-400 2464 112 ) (-320 2464 112 ) (-320 2336 112 ) 
4 88 111 (-32 2336 -1520 ) (-32 2336 -128 ) (-400 2336 -128 ) (-400 2336 -1520 ) 
4 88 108 (-32 2336 -128 ) (-32 2336 0 ) (-400 2336 0 ) (-400 2336 -128 ) 
4 88 91 (-400 2464 112 ) (-400 2464 -1520 ) (-400 2336 -1520 ) (-400 2336 112 ) 
4 89 114 (-1024 2336 320 ) (-1024 2336 416 ) (-1024 2464 416 ) (-1024 2464 320 ) 
4 89 113 (-1024 2336 416 ) (-1024 2336 1008 ) (-1024 2464 1008 ) (-1024 2464 416 ) 
4 89 109 (-1024 2336 1008 ) (-1024 2336 416 ) (-768 2336 416 ) (-768 2336 1008 ) 
4 89 107 (-400 2336 704 ) (-400 2336 1008 ) (-768 2336 1008 ) (-768 2336 704 ) 
4 89 100 (-496 2464 320 ) (-480 2464 320 ) (-480 2336 320 ) (-496 2336 320 ) 
4 89 98 (-480 2464 320 ) (-464 2464 320 ) (-464 2336 320 ) (-480 2336 320 ) 
4 89 96 (-464 2464 320 ) (-448 2464 320 ) (-448 2336 320 ) (-464 2336 320 ) 
4 89 94 (-448 2464 320 ) (-432 2464 320 ) (-432 2336 320 ) (-448 2336 320 ) 
4 89 92 (-432 2464 320 ) (-416 2464 320 ) (-416 2336 320 ) (-432 2336 320 ) 
4 89 90 (-416 2464 320 ) (-400 2464 320 ) (-400 2336 320 ) (-416 2336 320 ) 
4 90 92 (-416 2336 280 ) (-416 2336 320 ) (-416 2464 320 ) (-416 2464 280 ) 
4 91 111 (-400 2336 -1520 ) (-400 2336 -128 ) (-416 2336 -128 ) (-416 2336 -1520 ) 
4 91 108 (-400 2336 -128 ) (-400 2336 0 ) (-416 2336 0 ) (-416 2336 -128 ) 
4 91 93 (-416 2336 -1520 ) (-416 2336 256 ) (-416 2464 256 ) (-416 2464 -1520 ) 
4 92 94 (-432 2336 288 ) (-432 2336 320 ) (-432 2464 320 ) (-432 2464 288 ) 
4 93 111 (-416 2336 -1520 ) (-416 2336 -128 ) (-432 2336 -128 ) (-432 2336 -1520 ) 
4 93 108 (-416 2336 -128 ) (-416 2336 0 ) (-432 2336 0 ) (-432 2336 -128 ) 
4 93 95 (-432 2336 -1520 ) (-432 2336 264 ) (-432 2464 264 ) (-432 2464 -1520 ) 
4 94 96 (-448 2336 296 ) (-448 2336 320 ) (-448 2464 320 ) (-448 2464 296 ) 
4 95 111 (-432 2336 -1520 ) (-432 2336 -128 ) (-448 2336 -128 ) (-448 2336 -1520 ) 
4 95 108 (-432 2336 -128 ) (-432 2336 0 ) (-448 2336 0 ) (-448 2336 -128 ) 
4 95 97 (-448 2336 -1520 ) (-448 2336 272 ) (-448 2464 272 ) (-448 2464 -1520 ) 
4 96 98 (-464 2336 304 ) (-464 2336 320 ) (-464 2464 320 ) (-464 2464 304 ) 
4 97 111 (-448 2336 -1520 ) (-448 2336 -128 ) (-464 2336 -128 ) (-464 2336 -1520 ) 
4 97 108 (-448 2336 -128 ) (-448 2336 0 ) (-464 2336 0 ) (-464 2336 -128 ) 
4 97 99 (-464 2336 -1520 ) (-464 2336 280 ) (-464 2464 280 ) (-464 2464 -1520 ) 
4 98 100 (-480 2336 312 ) (-480 2336 320 ) (-480 2464 320 ) (-480 2464 312 ) 
4 99 111 (-464 2336 -1520 ) (-464 2336 -128 ) (-480 2336 -128 ) (-480 2336 -1520 ) 
4 99 108 (-464 2336 -128 ) (-464 2336 0 ) (-480 2336 0 ) (-480 2336 -128 ) 
4 99 101 (-480 2336 -1520 ) (-480 2336 288 ) (-480 2464 288 ) (-480 2464 -1520 ) 
4 101 111 (-480 2336 -1520 ) (-480 2336 -128 ) (-496 2336 -128 ) (-496 2336 -1520 ) 
4 101 108 (-480 2336 -128 ) (-480 2336 0 ) (-496 2336 0 ) (-496 2336 -128 ) 
4 101 102 (-496 2336 -1520 ) (-496 2336 296 ) (-496 2464 296 ) (-496 2464 -1520 ) 
4 102 111 (-496 2336 -1520 ) (-496 2336 -128 ) (-512 2336 -128 ) (-512 2336 -1520 ) 
4 102 108 (-496 2336 -128 ) (-496 2336 0 ) (-512 2336 0 ) (-512 2336 -128 ) 
4 102 103 (-512 2336 -1520 ) (-512 2336 208 ) (-512 2464 208 ) (-512 2464 -1520 ) 
4 103 120 (-1024 2336 -1520 ) (-1024 2336 144 ) (-1024 2464 144 ) (-1024 2464 -1520 ) 
4 103 115 (-1024 2336 144 ) (-1024 2336 208 ) (-1024 2464 208 ) (-1024 2464 144 ) 
4 103 111 (-1024 2336 -128 ) (-1024 2336 -1520 ) (-512 2336 -1520 ) (-512 2336 -128 ) 
4 103 108 (-768 2336 -128 ) (-512 2336 -128 ) (-512 2336 0 ) (-768 2336 0 ) 
4 104 107 (-32 2336 1008 ) (-32 2336 704 ) (-32 2272 704 ) (-32 2272 1008 ) 
4 104 105 (-32 2272 1008 ) (-32 2272 704 ) (0 2272 704 ) (0 2272 1008 ) 
4 105 240 (0 2048 320 ) (0 2048 1008 ) (-32 2048 1008 ) (-32 2048 320 ) 
4 105 107 (-32 2048 704 ) (-32 2048 1008 ) (-32 2272 1008 ) (-32 2272 704 ) 
4 106 246 (0 2048 -128 ) (0 2048 0 ) (-32 2048 0 ) (-32 2048 -128 ) 
4 106 111 (-32 2336 -128 ) (0 2336 -128 ) (0 2048 -128 ) (-32 2048 -128 ) 
4 106 108 (-32 2336 0 ) (-32 2336 -128 ) (-32 2048 -128 ) (-32 2048 0 ) 
4 107 241 (-768 2048 1008 ) (-768 2048 704 ) (-32 2048 704 ) (-32 2048 1008 ) 
4 107 110 (-768 2112 704 ) (-768 2048 704 ) (-768 2048 1008 ) (-768 2112 1008 ) 
4 107 109 (-768 2336 1008 ) (-768 2336 704 ) (-768 2112 704 ) (-768 2112 1008 ) 
4 108 247 (-768 2048 0 ) (-768 2048 -128 ) (-32 2048 -128 ) (-32 2048 0 ) 
4 108 111 (-768 2336 -128 ) (-32 2336 -128 ) (-32 2048 -128 ) (-768 2048 -128 ) 
4 109 123 (-1024 2336 1008 ) (-1024 2336 416 ) (-1024 2272 416 ) (-1024 2272 1008 ) 
4 109 124 (-1024 2272 416 ) (-1024 2112 416 ) (-1024 2112 1008 ) (-1024 2272 1008 ) 
4 109 110 (-1024 2112 1008 ) (-1024 2112 416 ) (-768 2112 416 ) (-768 2112 1008 ) 
4 110 311 (-1024 2048 176 ) (-1024 2048 144 ) (-1008 2048 144 ) (-1008 2048 176 ) 
4 110 310 (-1008 2048 144 ) (-880 2048 144 ) (-880 2048 176 ) (-1008 2048 176 ) 
4 110 306 (-880 2048 144 ) (-768 2048 144 ) (-768 2048 176 ) (-880 2048 176 ) 
4 110 302 (-896 2048 176 ) (-880 2048 176 ) (-880 2048 320 ) (-896 2048 320 ) 
4 110 305 (-1024 2048 320 ) (-1024 2048 176 ) (-896 2048 176 ) (-896 2048 320 ) 
4 110 284 (-880 2048 176 ) (-768 2048 176 ) (-768 2048 320 ) (-880 2048 320 ) 
4 110 278 (-896 2048 320 ) (-880 2048 320 ) (-880 2048 392 ) (-896 2048 392 ) 
4 110 279 (-1024 2048 392 ) (-1024 2048 320 ) (-896 2048 320 ) (-896 2048 392 ) 
4 110 277 (-880 2048 320 ) (-808 2048 320 ) (-808 2048 392 ) (-880 2048 392 ) 
4 110 276 (-808 2048 320 ) (-768 2048 320 ) (-768 2048 392 ) (-808 2048 392 ) 
4 110 275 (-1024 2048 1008 ) (-1024 2048 392 ) (-768 2048 392 ) (-768 2048 1008 ) 
4 110 126 (-1024 2048 144 ) (-1024 2048 192 ) (-1024 2112 192 ) (-1024 2112 144 ) 
4 110 125 (-1024 2048 192 ) (-1024 2048 240 ) (-1024 2112 240 ) (-1024 2112 192 ) 
4 110 124 (-1024 2048 240 ) (-1024 2048 1008 ) (-1024 2112 1008 ) (-1024 2112 240 ) 
4 111 312 (-768 2048 -128 ) (-1024 2048 -128 ) (-1024 2048 -1520 ) (-768 2048 -1520 ) 
4 111 247 (-32 2048 -128 ) (-768 2048 -128 ) (-768 2048 -1520 ) (-32 2048 -1520 ) 
4 111 246 (0 2048 -1520 ) (0 2048 -128 ) (-32 2048 -128 ) (-32 2048 -1520 ) 
4 111 136 (-1024 2048 -1520 ) (-1024 2048 -128 ) (-1024 2336 -128 ) (-1024 2336 -1520 ) 
4 112 138 (-2048 2480 -1520 ) (-2048 2480 1008 ) (-2048 3072 1008 ) (-2048 3072 -1520 ) 
3 112 121 (-1920 2480 32 ) (-1920 2480 -112 ) (-1632 2480 32 ) 
5 112 120 (-1024 2480 -1520 ) (-1024 2480 144 ) (-1408 2480 144 ) (-1920 2480 -112 ) (-1920 2480 -1520 ) 
4 112 122 (-1920 2480 144 ) (-2048 2480 144 ) (-2048 2480 -1520 ) (-1920 2480 -1520 ) 
4 112 118 (-1904 2480 416 ) (-1920 2480 416 ) (-1920 2480 240 ) (-1904 2480 240 ) 
4 112 119 (-1920 2480 416 ) (-2048 2480 416 ) (-2048 2480 144 ) (-1920 2480 144 ) 
4 112 116 (-1309.329956 2480 416 ) (-1904 2480 416 ) (-1904 2480 240 ) (-1632 2480 240 ) 
4 112 115 (-1024 2480 144 ) (-1024 2480 208 ) (-1280 2480 208 ) (-1408 2480 144 ) 
4 112 113 (-1024 2480 416 ) (-1024 2480 1008 ) (-2048 2480 1008 ) (-2048 2480 416 ) 
4 113 138 (-2048 2336 416 ) (-2048 2336 1008 ) (-2048 2480 1008 ) (-2048 2480 416 ) 
4 113 127 (-2048 2336 1008 ) (-2048 2336 416 ) (-1280 2336 416 ) (-1280 2336 1008 ) 
4 113 123 (-1280 2336 416 ) (-1024 2336 416 ) (-1024 2336 1008 ) (-1280 2336 1008 ) 
4 113 118 (-1904 2336 416 ) (-1920 2336 416 ) (-1920 2480 416 ) (-1904 2480 416 ) 
4 113 119 (-1920 2336 416 ) (-2048 2336 416 ) (-2048 2480 416 ) (-1920 2480 416 ) 
4 113 116 (-1904 2464 416 ) (-1904 2480 416 ) (-1309.329956 2480 416 ) (-1309.329956 2464 416 ) 
4 113 117 (-1088 2336 416 ) (-1904 2336 416 ) (-1904 2464 416 ) (-1088 2464 416 ) 
4 113 114 (-1024 2336 416 ) (-1088 2336 416 ) (-1088 2464 416 ) (-1024 2464 416 ) 
4 114 123 (-1024 2336 320 ) (-1024 2336 416 ) (-1088 2336 416 ) (-1280 2336 320 ) 
4 114 117 (-1280 2336 320 ) (-1088 2336 416 ) (-1088 2464 416 ) (-1280 2464 320 ) 
4 115 120 (-1024 2336 144 ) (-1408 2336 144 ) (-1408 2480 144 ) (-1024 2480 144 ) 
4 116 118 (-1904 2464 240 ) (-1904 2464 416 ) (-1904 2480 416 ) (-1904 2480 240 ) 
4 116 117 (-1904 2464 416 ) (-1904 2464 240 ) (-1632 2464 240 ) (-1309.329956 2464 416 ) 
4 117 128 (-1904 2336 144 ) (-1632 2336 144 ) (-1632 2336 416 ) (-1904 2336 416 ) 
3 117 123 (-1280 2336 320 ) (-1088 2336 416 ) (-1280 2336 416 ) 
4 117 118 (-1904 2336 240 ) (-1904 2336 416 ) (-1904 2464 416 ) (-1904 2464 240 ) 
4 118 129 (-1904 2336 240 ) (-1904 2336 416 ) (-1920 2336 416 ) (-1920 2336 240 ) 
4 118 119 (-1920 2336 240 ) (-1920 2336 416 ) (-1920 2480 416 ) (-1920 2480 240 ) 
4 119 138 (-2048 2336 144 ) (-2048 2336 416 ) (-2048 2480 416 ) (-2048 2480 144 ) 
4 119 132 (-2048 2336 416 ) (-2048 2336 144 ) (-1920 2336 144 ) (-1920 2336 416 ) 
4 119 122 (-1920 2336 144 ) (-2048 2336 144 ) (-2048 2480 144 ) (-1920 2480 144 ) 
4 120 136 (-1920 2336 -1520 ) (-1024 2336 -1520 ) (-1024 2336 -128 ) (-1920 2336 -128 ) 
4 120 134 (-1792 2336 -48 ) (-1920 2336 -112 ) (-1920 2336 -128 ) (-1792 2336 -128 ) 
4 120 133 (-1024 2336 -128 ) (-1024 2336 144 ) (-1280 2336 144 ) (-1280 2336 -128 ) 
4 120 121 (-1920 2480 -112 ) (-1920 2336 -112 ) (-1632 2336 32 ) (-1632 2480 32 ) 
4 120 122 (-1920 2480 -1520 ) (-1920 2336 -1520 ) (-1920 2336 -112 ) (-1920 2480 -112 ) 
4 121 134 (-1920 2336 32 ) (-1920 2336 -112 ) (-1792 2336 -48 ) (-1792 2336 32 ) 
4 121 122 (-1920 2336 -112 ) (-1920 2336 32 ) (-1920 2480 32 ) (-1920 2480 -112 ) 
4 122 138 (-2048 2336 -1520 ) (-2048 2336 144 ) (-2048 2480 144 ) (-2048 2480 -1520 ) 
4 122 136 (-2048 2336 -128 ) (-2048 2336 -1520 ) (-1920 2336 -1520 ) (-1920 2336 -128 ) 
4 122 135 (-2048 2336 144 ) (-2048 2336 -128 ) (-1920 2336 -128 ) (-1920 2336 144 ) 
4 123 127 (-1280 2336 1008 ) (-1280 2336 416 ) (-1280 2272 416 ) (-1280 2272 1008 ) 
4 123 124 (-1024 2272 288 ) (-1024 2272 1008 ) (-1280 2272 1008 ) (-1280 2272 288 ) 
4 124 319 (-1024 2048 240 ) (-1024 2048 1008 ) (-1280 2048 1008 ) (-1280 2048 240 ) 
4 124 130 (-1280 2112 240 ) (-1280 2048 240 ) (-1280 2048 416 ) (-1280 2112 416 ) 
4 124 127 (-1280 2048 416 ) (-1280 2048 1008 ) (-1280 2272 1008 ) (-1280 2272 416 ) 
4 124 125 (-1024 2048 240 ) (-1280 2048 240 ) (-1280 2208 240 ) (-1024 2208 240 ) 
4 125 322 (-1024 2048 192 ) (-1024 2048 240 ) (-1280 2048 240 ) (-1280 2048 192 ) 
4 125 131 (-1280 2112 192 ) (-1280 2048 192 ) (-1280 2048 240 ) (-1280 2112 240 ) 
4 125 126 (-1280 2048 192 ) (-1280 2112 192 ) (-1024 2112 192 ) (-1024 2048 192 ) 
4 126 330 (-1024 2048 144 ) (-1024 2048 176 ) (-1280 2048 176 ) (-1280 2048 144 ) 
4 126 322 (-1024 2048 176 ) (-1024 2048 192 ) (-1280 2048 192 ) (-1280 2048 176 ) 
4 126 131 (-1280 2112 144 ) (-1280 2048 144 ) (-1280 2048 192 ) (-1280 2112 192 ) 
4 127 320 (-1920 2048 416 ) (-1776 2048 416 ) (-1776 2048 1008 ) (-1920 2048 1008 ) 
4 127 319 (-1776 2048 416 ) (-1280 2048 416 ) (-1280 2048 1008 ) (-1776 2048 1008 ) 
4 127 321 (-2048 2048 1008 ) (-2048 2048 416 ) (-1920 2048 416 ) (-1920 2048 1008 ) 
4 127 138 (-2048 2048 416 ) (-2048 2048 1008 ) (-2048 2336 1008 ) (-2048 2336 416 ) 
4 127 130 (-1280 2112 416 ) (-1280 2048 416 ) (-1776 2048 416 ) (-1776 2112 416 ) 
4 127 129 (-1920 2336 416 ) (-1904 2336 416 ) (-1904 2112 416 ) (-1920 2112 416 ) 
4 127 128 (-1904 2336 416 ) (-1632 2336 416 ) (-1792 2112 416 ) (-1904 2112 416 ) 
4 127 132 (-2048 2336 416 ) (-1920 2336 416 ) (-1920 2048 416 ) (-2048 2048 416 ) 
4 128 131 (-1904 2112 144 ) (-1792 2112 144 ) (-1792 2112 240 ) (-1904 2112 240 ) 
4 128 129 (-1904 2112 240 ) (-1904 2112 416 ) (-1904 2336 416 ) (-1904 2336 240 ) 
4 129 132 (-1920 2112 240 ) (-1920 2112 416 ) (-1920 2336 416 ) (-1920 2336 240 ) 
4 130 319 (-1280 2048 240 ) (-1280 2048 416 ) (-1776 2048 416 ) (-1776 2048 240 ) 
4 130 131 (-1776 2112 240 ) (-1280 2112 240 ) (-1280 2048 240 ) (-1776 2048 240 ) 
4 131 335 (-1904 2048 144 ) (-1792 2048 144 ) (-1792 2048 240 ) (-1904 2048 240 ) 
4 131 333 (-1792 2048 144 ) (-1776 2048 144 ) (-1776 2048 240 ) (-1792 2048 240 ) 
4 131 331 (-1776 2048 144 ) (-1664 2048 144 ) (-1664 2048 176 ) (-1776 2048 176 ) 
4 131 330 (-1664 2048 144 ) (-1280 2048 144 ) (-1280 2048 176 ) (-1664 2048 176 ) 
4 131 325 (-1552 2048 240 ) (-1664 2048 240 ) (-1664 2048 176 ) (-1552 2048 176 ) 
4 131 327 (-1664 2048 240 ) (-1776 2048 240 ) (-1776 2048 176 ) (-1664 2048 176 ) 
4 131 323 (-1536 2048 240 ) (-1552 2048 240 ) (-1552 2048 176 ) (-1536 2048 176 ) 
4 131 322 (-1280 2048 176 ) (-1280 2048 240 ) (-1536 2048 240 ) (-1536 2048 176 ) 
4 132 336 (-2048 2048 240 ) (-2048 2048 144 ) (-1920 2048 144 ) (-1920 2048 240 ) 
4 132 321 (-2048 2048 416 ) (-2048 2048 240 ) (-1920 2048 240 ) (-1920 2048 416 ) 
4 132 138 (-2048 2048 144 ) (-2048 2048 416 ) (-2048 2336 416 ) (-2048 2336 144 ) 
4 132 135 (-1920 2048 144 ) (-2048 2048 144 ) (-2048 2336 144 ) (-1920 2336 144 ) 
4 133 136 (-1280 2336 -128 ) (-1024 2336 -128 ) (-1024 2112 -128 ) (-1280 2112 -128 ) 
4 134 345 (-1920 2048 32 ) (-1920 2048 -128 ) (-1792 2048 -128 ) (-1792 2048 32 ) 
4 134 136 (-1920 2336 -128 ) (-1792 2336 -128 ) (-1792 2048 -128 ) (-1920 2048 -128 ) 
4 134 135 (-1920 2336 -128 ) (-1920 2048 -128 ) (-1920 2048 32 ) (-1920 2336 32 ) 
4 135 352 (-1920 2048 144 ) (-2048 2048 144 ) (-2048 2048 -128 ) (-1920 2048 -128 ) 
4 135 138 (-2048 2048 -128 ) (-2048 2048 144 ) (-2048 2336 144 ) (-2048 2336 -128 ) 
4 135 136 (-2048 2048 -128 ) (-2048 2336 -128 ) (-1920 2336 -128 ) (-1920 2048 -128 ) 
4 136 352 (-1920 2048 -128 ) (-2048 2048 -128 ) (-2048 2048 -1520 ) (-1920 2048 -1520 ) 
4 136 348 (-1024 2048 -1520 ) (-1024 2048 -256 ) (-1920 2048 -256 ) (-1920 2048 -1520 ) 
4 136 345 (-1792 2048 -128 ) (-1920 2048 -128 ) (-1920 2048 -256 ) (-1792 2048 -256 ) 
4 136 344 (-1024 2048 -256 ) (-1024 2048 -128 ) (-1792 2048 -128 ) (-1792 2048 -256 ) 
4 136 138 (-2048 2048 -1520 ) (-2048 2048 -128 ) (-2048 2336 -128 ) (-2048 2336 -1520 ) 
4 137 138 (-2048 3072 -1520 ) (-2048 3072 1008 ) (-2288 3072 1008 ) (-2288 3072 -1520 ) 
4 138 381 (-2048 2048 -1520 ) (-2048 2048 1008 ) (-2288 2048 1008 ) (-2288 2048 -1520 ) 
4 139 206 (1776 1024 1008 ) (1248 1024 1008 ) (1248 1024 0 ) (1776 1024 0 ) 
4 139 142 (1776 1024 0 ) (1248 1024 0 ) (1248 2048 0 ) (1776 2048 0 ) 
4 139 141 (1248 1568 192 ) (1248 1568 704 ) (1248 1712 704 ) (1248 1712 192 ) 
4 139 140 (1248 2048 1008 ) (1248 2048 704 ) (1248 1024 704 ) (1248 1024 1008 ) 
4 140 207 (1024 1024 1008 ) (1024 1024 704 ) (1248 1024 704 ) (1248 1024 1008 ) 
4 140 145 (1024 1456 704 ) (1024 1024 704 ) (1024 1024 1008 ) (1024 1456 1008 ) 
4 140 143 (1024 2048 1008 ) (1024 2048 704 ) (1024 1456 704 ) (1024 1456 1008 ) 
4 140 141 (1248 1712 704 ) (1248 1568 704 ) (1024 1568 704 ) (1024 1712 704 ) 
4 141 144 (1024 1568 241.777756 ) (1024 1568 704 ) (1024 1712 704 ) (1024 1712 241.777771 ) 
4 142 208 (1248 1024 0 ) (1024 1024 0 ) (1024 1024 -1520 ) (1248 1024 -1520 ) 
4 142 206 (1776 1024 0 ) (1248 1024 0 ) (1248 1024 -1520 ) (1776 1024 -1520 ) 
4 142 150 (1024 2048 0 ) (1024 2048 -1520 ) (1024 1024 -1520 ) (1024 1024 0 ) 
4 143 151 (672 2048 1008 ) (672 2048 704 ) (672 1456 704 ) (672 1456 1008 ) 
4 143 146 (672 1456 1008 ) (672 1456 704 ) (864 1456 704 ) (864 1456 1008 ) 
4 143 145 (864 1456 704 ) (1024 1456 704 ) (1024 1456 1008 ) (864 1456 1008 ) 
4 143 144 (672 1568 704 ) (672 1712 704 ) (1024 1712 704 ) (1024 1568 704 ) 
4 144 162 (672 1568 320 ) (672 1568 448 ) (672 1712 448 ) (672 1712 320 ) 
4 144 152 (672 1568 448 ) (672 1568 608 ) (672 1712 608 ) (672 1712 448 ) 
4 144 151 (672 1568 608 ) (672 1568 704 ) (672 1712 704 ) (672 1712 608 ) 
4 145 210 (1024 1024 704 ) (1024 1024 1008 ) (864 1024 1008 ) (864 1024 704 ) 
4 145 147 (864 1024 768 ) (864 1024 1008 ) (864 1280 1008 ) (864 1280 768 ) 
4 145 146 (864 1456 1008 ) (864 1456 704 ) (864 1280 704 ) (864 1280 1008 ) 
4 146 151 (672 1280 1008 ) (672 1456 1008 ) (672 1456 640 ) (672 1280 640 ) 
4 146 148 (672 1280 640 ) (672 1456 640 ) (864 1456 640 ) (864 1280 640 ) 
4 146 147 (864 1280 768 ) (864 1280 1008 ) (672 1280 1008 ) (672 1280 768 ) 
4 147 212 (672 1024 1008 ) (672 1024 768 ) (864 1024 768 ) (864 1024 1008 ) 
4 147 151 (672 1024 768 ) (672 1024 1008 ) (672 1280 1008 ) (672 1280 768 ) 
4 148 213 (672 1024 640 ) (672 1024 544 ) (864 1024 544 ) (864 1024 640 ) 
4 148 152 (672 1024 544 ) (672 1024 608 ) (672 1456 608 ) (672 1456 544 ) 
4 148 151 (672 1024 608 ) (672 1024 640 ) (672 1456 640 ) (672 1456 608 ) 
4 148 149 (672 1024 544 ) (672 1344 544 ) (864 1344 544 ) (864 1024 544 ) 
4 149 213 (672 1024 544 ) (672 1024 320 ) (864 1024 320 ) (864 1024 544 ) 
3 149 162 (672 1024 320 ) (672 1024 448 ) (672 1206.857178 448 ) 
4 149 152 (672 1024 448 ) (672 1024 544 ) (672 1344 544 ) (672 1206.857178 448 ) 
4 150 230 (1024 1024 -1520 ) (1024 1024 -256 ) (672 1024 -256 ) (672 1024 -1520 ) 
4 150 226 (1024 1024 -256 ) (1024 1024 0 ) (672 1024 0 ) (672 1024 -256 ) 
4 150 167 (672 1024 -1520 ) (672 1024 0 ) (672 2048 0 ) (672 2048 -1520 ) 
4 151 214 (672 1024 608 ) (672 1024 768 ) (480 1024 768 ) (480 1024 608 ) 
4 151 212 (672 1024 768 ) (672 1024 1008 ) (480 1024 1008 ) (480 1024 768 ) 
4 151 156 (480 1024 608 ) (480 1024 1008 ) (480 2048 1008 ) (480 2048 608 ) 
4 151 154 (480 1616 608 ) (480 1696 608 ) (512 1696 608 ) (512 1616 608 ) 
4 151 155 (480 1024 608 ) (480 1216 608 ) (512 1216 608 ) (512 1024 608 ) 
4 151 153 (480 1856 608 ) (480 2048 608 ) (512 2048 608 ) (512 1856 608 ) 
4 151 152 (512 2048 608 ) (672 2048 608 ) (672 1024 608 ) (512 1024 608 ) 
4 152 214 (672 1024 448 ) (672 1024 608 ) (512 1024 608 ) (512 1024 448 ) 
4 152 163 (512 2048 448 ) (576 2048 448 ) (576 1680 448 ) (512 1680 448 ) 
4 152 164 (576 1616 448 ) (576 1024 448 ) (512 1024 448 ) (512 1616 448 ) 
4 152 162 (576 2048 448 ) (672 2048 448 ) (672 1024 448 ) (576 1024 448 ) 
4 152 154 (512 1696 448 ) (512 1616 448 ) (512 1616 608 ) (512 1696 608 ) 
4 152 155 (512 1216 448 ) (512 1024 448 ) (512 1024 608 ) (512 1216 608 ) 
4 152 153 (512 2048 448 ) (512 1856 448 ) (512 1856 608 ) (512 2048 608 ) 
4 153 165 (480 2048 448 ) (512 2048 448 ) (512 1856 448 ) (480 1856 448 ) 
4 153 157 (480 2048 448 ) (480 1856 448 ) (480 1856 608 ) (480 2048 608 ) 
4 154 158 (480 1696 448 ) (480 1616 448 ) (480 1616 608 ) (480 1696 608 ) 
4 155 214 (512 1024 608 ) (480 1024 608 ) (480 1024 448 ) (512 1024 448 ) 
4 155 166 (512 1216 448 ) (512 1024 448 ) (480 1024 448 ) (480 1216 448 ) 
4 155 161 (480 1216 448 ) (480 1024 448 ) (480 1024 608 ) (480 1216 608 ) 
4 156 214 (416 1024 768 ) (416 1024 608 ) (480 1024 608 ) (480 1024 768 ) 
4 156 212 (416 1024 1008 ) (416 1024 768 ) (480 1024 768 ) (480 1024 1008 ) 
4 156 182 (416 1216 608 ) (416 1184 608 ) (416 1184 1008 ) (416 1216 1008 ) 
4 156 183 (416 1184 608 ) (416 1024 608 ) (416 1024 1008 ) (416 1184 1008 ) 
4 156 178 (416 1536 608 ) (416 1472 608 ) (416 1472 1008 ) (416 1536 1008 ) 
4 156 177 (416 1856 608 ) (416 1536 608 ) (416 1536 1008 ) (416 1856 1008 ) 
4 156 179 (416 1472 608 ) (416 1216 608 ) (416 1216 1008 ) (416 1472 1008 ) 
4 156 168 (416 2048 1008 ) (416 2048 608 ) (416 1856 608 ) (416 1856 1008 ) 
4 156 161 (416 1024 608 ) (416 1216 608 ) (480 1216 608 ) (480 1024 608 ) 
4 156 159 (416 1472 608 ) (416 1536 608 ) (480 1536 608 ) (480 1472 608 ) 
4 156 160 (416 1248 608 ) (416 1472 608 ) (480 1472 608 ) (480 1248 608 ) 
4 156 157 (416 1856 608 ) (416 2048 608 ) (480 2048 608 ) (480 1856 608 ) 
4 156 158 (416 1536 608 ) (416 1824 608 ) (480 1824 608 ) (480 1536 608 ) 
4 157 168 (416 2048 608 ) (416 2048 448 ) (416 1856 448 ) (416 1856 608 ) 
4 157 165 (416 1856 448 ) (416 2048 448 ) (480 2048 448 ) (480 1856 448 ) 
4 158 177 (416 1824 448 ) (416 1536 448 ) (416 1536 608 ) (416 1824 608 ) 
4 158 159 (480 1536 576 ) (480 1536 608 ) (416 1536 608 ) (416 1536 576 ) 
4 159 178 (416 1472 576 ) (416 1472 608 ) (416 1536 608 ) (416 1536 576 ) 
4 159 160 (480 1472 576 ) (480 1472 608 ) (416 1472 608 ) (416 1472 576 ) 
4 160 179 (416 1472 448 ) (416 1248 448 ) (416 1248 608 ) (416 1472 608 ) 
4 161 214 (416 1024 608 ) (416 1024 448 ) (480 1024 448 ) (480 1024 608 ) 
4 161 182 (416 1216 448 ) (416 1184 448 ) (416 1184 608 ) (416 1216 608 ) 
4 161 183 (416 1184 448 ) (416 1024 448 ) (416 1024 608 ) (416 1184 608 ) 
4 161 166 (416 1024 448 ) (416 1216 448 ) (480 1216 448 ) (480 1024 448 ) 
4 162 214 (672 1024 320 ) (672 1024 448 ) (576 1024 448 ) (576 1024 320 ) 
4 162 163 (576 2048 320 ) (576 1680 320 ) (576 1680 448 ) (576 2048 448 ) 
4 162 164 (576 1616 320 ) (576 1024 320 ) (576 1024 448 ) (576 1616 448 ) 
4 163 165 (512 2048 320 ) (512 1856 320 ) (512 1856 448 ) (512 2048 448 ) 
4 164 214 (576 1024 448 ) (512 1024 448 ) (512 1024 320 ) (576 1024 320 ) 
4 164 166 (512 1216 320 ) (512 1024 320 ) (512 1024 448 ) (512 1216 448 ) 
4 165 175 (416 2048 336 ) (416 2048 320 ) (416 1984 320 ) (416 1984 336 ) 
4 165 174 (416 2048 352 ) (416 2048 336 ) (416 1968 336 ) (416 1968 352 ) 
4 165 173 (416 2048 368 ) (416 2048 352 ) (416 1952 352 ) (416 1952 368 ) 
4 165 172 (416 2048 384 ) (416 2048 368 ) (416 1936 368 ) (416 1936 384 ) 
4 165 171 (416 2048 400 ) (416 2048 384 ) (416 1920 384 ) (416 1920 400 ) 
4 165 170 (416 2048 416 ) (416 2048 400 ) (416 1904 400 ) (416 1904 416 ) 
4 165 169 (416 2048 432 ) (416 2048 416 ) (416 1888 416 ) (416 1888 432 ) 
4 165 168 (416 2048 448 ) (416 2048 432 ) (416 1856 432 ) (416 1856 448 ) 
4 166 214 (512 1024 448 ) (416 1024 448 ) (416 1024 320 ) (512 1024 320 ) 
4 166 189 (416 1088 320 ) (416 1024 320 ) (416 1024 336 ) (416 1088 336 ) 
4 166 188 (416 1024 336 ) (416 1024 352 ) (416 1104 352 ) (416 1104 336 ) 
4 166 187 (416 1024 352 ) (416 1024 368 ) (416 1120 368 ) (416 1120 352 ) 
4 166 186 (416 1024 368 ) (416 1024 384 ) (416 1136 384 ) (416 1136 368 ) 
4 166 185 (416 1024 384 ) (416 1024 400 ) (416 1152 400 ) (416 1152 384 ) 
4 166 184 (416 1024 400 ) (416 1024 416 ) (416 1168 416 ) (416 1168 400 ) 
4 166 182 (416 1184 448 ) (416 1216 448 ) (416 1216 432 ) (416 1184 432 ) 
4 166 183 (416 1024 416 ) (416 1024 448 ) (416 1184 448 ) (416 1184 416 ) 
4 167 230 (672 1024 -1520 ) (672 1024 -256 ) (416 1024 -256 ) (416 1024 -1520 ) 
4 167 226 (672 1024 -256 ) (672 1024 0 ) (416 1024 0 ) (416 1024 -256 ) 
4 167 190 (416 1216 -1520 ) (416 1024 -1520 ) (416 1024 0 ) (416 1216 0 ) 
4 167 181 (416 1856 -1520 ) (416 1216 -1520 ) (416 1216 0 ) (416 1856 0 ) 
4 167 176 (416 2048 0 ) (416 2048 -1520 ) (416 1856 -1520 ) (416 1856 0 ) 
4 168 199 (224 1856 432 ) (224 1856 448 ) (224 2048 448 ) (224 2048 432 ) 
4 168 192 (224 1856 448 ) (224 1856 608 ) (224 2048 608 ) (224 2048 448 ) 
4 168 191 (224 1856 608 ) (224 1856 1008 ) (224 2048 1008 ) (224 2048 608 ) 
4 168 177 (288 1856 448 ) (416 1856 448 ) (416 1856 1008 ) (288 1856 1008 ) 
4 168 180 (224 1856 1008 ) (224 1856 448 ) (288 1856 448 ) (288 1856 1008 ) 
4 168 169 (224 1888 432 ) (224 2048 432 ) (416 2048 432 ) (416 1888 432 ) 
4 169 199 (224 1888 432 ) (224 2048 432 ) (224 2048 416 ) (224 1888 416 ) 
4 169 170 (224 1904 416 ) (224 2048 416 ) (416 2048 416 ) (416 1904 416 ) 
4 170 199 (224 1904 416 ) (224 2048 416 ) (224 2048 400 ) (224 1904 400 ) 
4 170 171 (224 1920 400 ) (224 2048 400 ) (416 2048 400 ) (416 1920 400 ) 
4 171 199 (224 1920 400 ) (224 2048 400 ) (224 2048 384 ) (224 1920 384 ) 
4 171 172 (224 1936 384 ) (224 2048 384 ) (416 2048 384 ) (416 1936 384 ) 
4 172 199 (224 1936 384 ) (224 2048 384 ) (224 2048 368 ) (224 1936 368 ) 
4 172 173 (224 1952 368 ) (224 2048 368 ) (416 2048 368 ) (416 1952 368 ) 
4 173 199 (224 1952 368 ) (224 2048 368 ) (224 2048 352 ) (224 1952 352 ) 
4 173 174 (224 1968 352 ) (224 2048 352 ) (416 2048 352 ) (416 1968 352 ) 
4 174 199 (224 1968 352 ) (224 2048 352 ) (224 2048 336 ) (224 1968 336 ) 
4 174 175 (224 1984 336 ) (224 2048 336 ) (416 2048 336 ) (416 1984 336 ) 
4 175 199 (224 1984 336 ) (224 2048 336 ) (224 2048 320 ) (224 1984 320 ) 
4 176 205 (224 1856 -1520 ) (224 1856 0 ) (224 2048 0 ) (224 2048 -1520 ) 
4 176 181 (224 1856 0 ) (224 1856 -1520 ) (416 1856 -1520 ) (416 1856 0 ) 
4 177 178 (288 1536 1008 ) (288 1536 576 ) (416 1536 576 ) (416 1536 1008 ) 
4 177 180 (288 1856 448 ) (288 1536 448 ) (288 1536 1008 ) (288 1856 1008 ) 
4 178 180 (288 1472 576 ) (288 1472 1008 ) (288 1536 1008 ) (288 1536 576 ) 
4 178 179 (288 1472 1008 ) (288 1472 576 ) (416 1472 576 ) (416 1472 1008 ) 
4 179 182 (288 1216 448 ) (416 1216 448 ) (416 1216 1008 ) (288 1216 1008 ) 
4 179 180 (288 1472 448 ) (288 1216 448 ) (288 1216 1008 ) (288 1472 1008 ) 
4 180 193 (224 1248 608 ) (224 1824 608 ) (224 1824 448 ) (224 1248 448 ) 
4 180 191 (224 1216 608 ) (224 1216 1008 ) (224 1856 1008 ) (224 1856 608 ) 
4 180 182 (224 1216 1008 ) (224 1216 448 ) (288 1216 448 ) (288 1216 1008 ) 
4 181 205 (224 1216 -1520 ) (224 1216 0 ) (224 1856 0 ) (224 1856 -1520 ) 
4 181 190 (224 1216 0 ) (224 1216 -1520 ) (416 1216 -1520 ) (416 1216 0 ) 
4 182 200 (224 1216 448 ) (224 1216 432 ) (224 1184 432 ) (224 1184 448 ) 
4 182 194 (224 1216 608 ) (224 1216 448 ) (224 1184 448 ) (224 1184 608 ) 
4 182 191 (224 1184 1008 ) (224 1216 1008 ) (224 1216 608 ) (224 1184 608 ) 
4 182 183 (416 1184 432 ) (416 1184 1008 ) (224 1184 1008 ) (224 1184 432 ) 
4 183 218 (416 1024 416 ) (416 1024 1008 ) (224 1024 1008 ) (224 1024 416 ) 
4 183 200 (224 1024 416 ) (224 1024 448 ) (224 1184 448 ) (224 1184 416 ) 
4 183 194 (224 1024 448 ) (224 1024 608 ) (224 1184 608 ) (224 1184 448 ) 
4 183 191 (224 1024 608 ) (224 1024 1008 ) (224 1184 1008 ) (224 1184 608 ) 
4 183 184 (224 1024 416 ) (224 1168 416 ) (416 1168 416 ) (416 1024 416 ) 
4 184 218 (416 1024 400 ) (416 1024 416 ) (224 1024 416 ) (224 1024 400 ) 
4 184 200 (224 1024 400 ) (224 1024 416 ) (224 1168 416 ) (224 1168 400 ) 
4 184 185 (224 1024 400 ) (224 1152 400 ) (416 1152 400 ) (416 1024 400 ) 
4 185 218 (416 1024 384 ) (416 1024 400 ) (224 1024 400 ) (224 1024 384 ) 
4 185 200 (224 1024 384 ) (224 1024 400 ) (224 1152 400 ) (224 1152 384 ) 
4 185 186 (224 1024 384 ) (224 1136 384 ) (416 1136 384 ) (416 1024 384 ) 
4 186 218 (416 1024 368 ) (416 1024 384 ) (224 1024 384 ) (224 1024 368 ) 
4 186 200 (224 1024 368 ) (224 1024 384 ) (224 1136 384 ) (224 1136 368 ) 
4 186 187 (224 1024 368 ) (224 1120 368 ) (416 1120 368 ) (416 1024 368 ) 
4 187 218 (416 1024 352 ) (416 1024 368 ) (224 1024 368 ) (224 1024 352 ) 
4 187 200 (224 1024 352 ) (224 1024 368 ) (224 1120 368 ) (224 1120 352 ) 
4 187 188 (224 1024 352 ) (224 1104 352 ) (416 1104 352 ) (416 1024 352 ) 
4 188 218 (416 1024 336 ) (416 1024 352 ) (224 1024 352 ) (224 1024 336 ) 
4 188 200 (224 1024 336 ) (224 1024 352 ) (224 1104 352 ) (224 1104 336 ) 
4 188 189 (224 1024 336 ) (224 1088 336 ) (416 1088 336 ) (416 1024 336 ) 
4 189 218 (416 1024 320 ) (416 1024 336 ) (224 1024 336 ) (224 1024 320 ) 
4 189 200 (224 1024 320 ) (224 1024 336 ) (224 1088 336 ) (224 1088 320 ) 
4 190 230 (416 1024 -1520 ) (416 1024 -256 ) (224 1024 -256 ) (224 1024 -1520 ) 
4 190 226 (416 1024 -256 ) (416 1024 0 ) (224 1024 0 ) (224 1024 -256 ) 
4 190 205 (224 1024 -1520 ) (224 1024 0 ) (224 1216 0 ) (224 1216 -1520 ) 
4 191 251 (0 1504 608 ) (0 1024 608 ) (0 1024 1008 ) (0 1504 1008 ) 
4 191 249 (0 1600 608 ) (0 1504 608 ) (0 1504 1008 ) (0 1600 1008 ) 
4 191 242 (0 1792 608 ) (0 1600 608 ) (0 1600 1008 ) (0 1792 1008 ) 
4 191 240 (0 2048 1008 ) (0 2048 608 ) (0 1792 608 ) (0 1792 1008 ) 
4 191 218 (224 1024 608 ) (224 1024 1008 ) (0 1024 1008 ) (0 1024 608 ) 
4 191 197 (160 1216 608 ) (160 1024 608 ) (128 1024 608 ) (128 1216 608 ) 
4 191 195 (128 2048 608 ) (160 2048 608 ) (160 1856 608 ) (128 1856 608 ) 
4 191 196 (160 1440 608 ) (160 1280 608 ) (128 1280 608 ) (128 1440 608 ) 
4 191 198 (0 2048 608 ) (128 2048 608 ) (128 1024 608 ) (0 1024 608 ) 
4 191 193 (224 1824 608 ) (224 1248 608 ) (160 1248 608 ) (160 1824 608 ) 
4 191 194 (224 1216 608 ) (224 1024 608 ) (160 1024 608 ) (160 1216 608 ) 
4 191 192 (160 2048 608 ) (224 2048 608 ) (224 1856 608 ) (160 1856 608 ) 
4 192 199 (160 2048 448 ) (224 2048 448 ) (224 1856 448 ) (160 1856 448 ) 
4 192 195 (160 2048 448 ) (160 1856 448 ) (160 1856 608 ) (160 2048 608 ) 
4 193 196 (160 1440 448 ) (160 1280 448 ) (160 1280 608 ) (160 1440 608 ) 
4 194 218 (224 1024 448 ) (224 1024 608 ) (160 1024 608 ) (160 1024 448 ) 
4 194 200 (224 1216 448 ) (224 1024 448 ) (160 1024 448 ) (160 1216 448 ) 
4 194 197 (160 1216 448 ) (160 1024 448 ) (160 1024 608 ) (160 1216 608 ) 
4 195 199 (128 2048 448 ) (160 2048 448 ) (160 1856 448 ) (128 1856 448 ) 
4 195 198 (128 2048 448 ) (128 1856 448 ) (128 1856 608 ) (128 2048 608 ) 
4 196 198 (128 1440 448 ) (128 1280 448 ) (128 1280 608 ) (128 1440 608 ) 
4 197 218 (160 1024 608 ) (128 1024 608 ) (128 1024 448 ) (160 1024 448 ) 
4 197 200 (160 1216 448 ) (160 1024 448 ) (128 1024 448 ) (128 1216 448 ) 
4 197 198 (128 1216 448 ) (128 1024 448 ) (128 1024 608 ) (128 1216 608 ) 
4 198 251 (0 1504 448 ) (0 1024 448 ) (0 1024 608 ) (0 1504 608 ) 
4 198 249 (0 1600 448 ) (0 1504 448 ) (0 1504 608 ) (0 1600 608 ) 
4 198 242 (0 1792 448 ) (0 1600 448 ) (0 1600 608 ) (0 1792 608 ) 
4 198 240 (0 2048 608 ) (0 2048 448 ) (0 1792 448 ) (0 1792 608 ) 
4 198 218 (128 1024 608 ) (0 1024 608 ) (0 1024 448 ) (128 1024 448 ) 
4 198 204 (0 1024 448 ) (0 1440 448 ) (48 1440 448 ) (48 1024 448 ) 
4 198 203 (0 1504 448 ) (0 1568 448 ) (48 1568 448 ) (48 1504 448 ) 
4 198 202 (0 1568 448 ) (0 2048 448 ) (48 2048 448 ) (48 1568 448 ) 
4 198 201 (48 2048 448 ) (128 2048 448 ) (128 1024 448 ) (48 1024 448 ) 
4 199 201 (128 2048 320 ) (128 1856 320 ) (128 1856 448 ) (128 2048 448 ) 
4 200 218 (224 1024 320 ) (224 1024 448 ) (128 1024 448 ) (128 1024 320 ) 
4 200 201 (128 1216 320 ) (128 1024 320 ) (128 1024 448 ) (128 1216 448 ) 
4 201 218 (128 1024 448 ) (48 1024 448 ) (48 1024 320 ) (128 1024 320 ) 
4 201 204 (48 1440 320 ) (48 1024 320 ) (48 1024 448 ) (48 1440 448 ) 
4 201 203 (48 1504 384 ) (48 1504 448 ) (48 1568 448 ) (48 1568 384 ) 
4 201 202 (48 2048 320 ) (48 1568 320 ) (48 1568 448 ) (48 2048 448 ) 
4 202 250 (0 1600 320 ) (0 1568 320 ) (0 1568 384 ) (0 1600 384 ) 
4 202 249 (0 1568 384 ) (0 1568 448 ) (0 1600 448 ) (0 1600 384 ) 
4 202 243 (0 1792 320 ) (0 1600 320 ) (0 1600 384 ) (0 1792 384 ) 
4 202 242 (0 1600 384 ) (0 1600 448 ) (0 1792 448 ) (0 1792 384 ) 
4 202 240 (0 2048 448 ) (0 2048 320 ) (0 1792 320 ) (0 1792 448 ) 
4 202 203 (48 1568 384 ) (48 1568 448 ) (0 1568 448 ) (0 1568 384 ) 
4 203 249 (0 1504 384 ) (0 1504 448 ) (0 1568 448 ) (0 1568 384 ) 
4 204 252 (0 1440 320 ) (0 1024 320 ) (0 1024 448 ) (0 1440 448 ) 
4 204 218 (48 1024 448 ) (0 1024 448 ) (0 1024 320 ) (48 1024 320 ) 
4 205 272 (0 1600 -1520 ) (0 1024 -1520 ) (0 1024 -256 ) (0 1600 -256 ) 
4 205 271 (0 1024 -256 ) (0 1024 -64 ) (0 1600 -64 ) (0 1600 -256 ) 
4 205 253 (0 1024 -64 ) (0 1024 0 ) (0 1600 0 ) (0 1600 -64 ) 
4 205 246 (0 2048 0 ) (0 2048 -1520 ) (0 1600 -1520 ) (0 1600 0 ) 
4 205 230 (224 1024 -1520 ) (224 1024 -256 ) (0 1024 -256 ) (0 1024 -1520 ) 
4 205 227 (96 1024 0 ) (0 1024 0 ) (0 1024 -256 ) (96 1024 -256 ) 
4 205 226 (224 1024 -256 ) (224 1024 0 ) (96 1024 0 ) (96 1024 -256 ) 
4 206 231 (1776 0 1008 ) (1248 0 1008 ) (1248 0 -1520 ) (1776 0 -1520 ) 
4 206 207 (1248 704 704 ) (1248 704 1008 ) (1248 1024 1008 ) (1248 1024 704 ) 
4 206 208 (1248 1024 -1520 ) (1248 704 -1520 ) (1248 704 0 ) (1248 1024 0 ) 
4 206 209 (1248 704 -1520 ) (1248 0 -1520 ) (1248 0 1008 ) (1248 704 1008 ) 
4 207 210 (1024 1024 1008 ) (1024 1024 704 ) (1024 704 704 ) (1024 704 1008 ) 
4 207 209 (1248 704 704 ) (1248 704 1008 ) (1024 704 1008 ) (1024 704 704 ) 
4 208 230 (1024 1024 -256 ) (1024 1024 -1520 ) (1024 704 -1520 ) (1024 704 -256 ) 
4 208 226 (1024 1024 0 ) (1024 1024 -256 ) (1024 704 -256 ) (1024 704 0 ) 
4 208 209 (1024 704 -1520 ) (1248 704 -1520 ) (1248 704 0 ) (1024 704 0 ) 
4 209 231 (1248 0 1008 ) (1024 0 1008 ) (1024 0 -1520 ) (1248 0 -1520 ) 
4 209 230 (1024 704 -1520 ) (1024 0 -1520 ) (1024 0 -256 ) (1024 704 -256 ) 
4 209 228 (1024 0 -256 ) (1024 0 0 ) (1024 512 0 ) (1024 512 -256 ) 
4 209 226 (1024 512 0 ) (1024 704 0 ) (1024 704 -256 ) (1024 512 -256 ) 
4 209 217 (1024 0 0 ) (1024 0 704 ) (1024 512 704 ) (1024 512 0 ) 
4 209 216 (1024 0 704 ) (1024 0 1008 ) (1024 512 1008 ) (1024 512 704 ) 
4 209 211 (1024 512 1008 ) (1024 704 1008 ) (1024 704 0 ) (1024 512 0 ) 
4 210 212 (864 1024 1008 ) (864 1024 768 ) (864 704 768 ) (864 704 1008 ) 
4 210 211 (1024 704 1008 ) (864 704 1008 ) (864 704 704 ) (1024 704 704 ) 
4 211 226 (1024 704 0 ) (1024 512 0 ) (864 512 0 ) (864 704 0 ) 
4 211 217 (960 512 0 ) (1024 512 0 ) (1024 512 704 ) (960 512 704 ) 
4 211 216 (1024 512 704 ) (1024 512 1008 ) (864 512 1008 ) (864 512 704 ) 
4 211 213 (864 512 320 ) (864 512 640 ) (864 704 640 ) (864 704 320 ) 
4 211 212 (864 512 768 ) (864 512 1008 ) (864 704 1008 ) (864 704 768 ) 
4 212 219 (416 704 768 ) (416 512 768 ) (416 512 1008 ) (416 704 1008 ) 
4 212 218 (416 1024 1008 ) (416 1024 768 ) (416 704 768 ) (416 704 1008 ) 
4 212 216 (416 512 1008 ) (416 512 768 ) (864 512 768 ) (864 512 1008 ) 
4 212 214 (672 512 768 ) (416 512 768 ) (416 1024 768 ) (672 1024 768 ) 
4 213 215 (704 512 320 ) (672 512 320 ) (672 704 320 ) (704 704 320 ) 
4 213 214 (672 1024 320 ) (672 512 320 ) (672 512 640 ) (672 1024 640 ) 
4 214 219 (416 704 320 ) (416 512 320 ) (416 512 768 ) (416 704 768 ) 
4 214 218 (416 1024 768 ) (416 1024 320 ) (416 704 320 ) (416 704 768 ) 
4 214 216 (416 512 768 ) (416 512 704 ) (672 512 704 ) (672 512 768 ) 
4 214 215 (672 512 320 ) (416 512 320 ) (416 704 320 ) (672 704 320 ) 
4 215 219 (416 512 192 ) (416 512 320 ) (416 704 320 ) (416 704 192 ) 
4 216 233 (960 0 1008 ) (416 0 1008 ) (416 0 704 ) (960 0 704 ) 
4 216 232 (1024 0 704 ) (1024 0 1008 ) (960 0 1008 ) (960 0 704 ) 
4 216 225 (416 0 704 ) (416 0 1008 ) (416 256 1008 ) (416 256 704 ) 
4 216 220 (416 256 1008 ) (416 512 1008 ) (416 512 704 ) (416 256 704 ) 
4 216 217 (1024 0 704 ) (960 0 704 ) (960 512 704 ) (1024 512 704 ) 
4 217 232 (1024 0 0 ) (1024 0 704 ) (960 0 704 ) (960 0 0 ) 
4 217 228 (1024 512 0 ) (1024 0 0 ) (960 0 0 ) (960 512 0 ) 
4 218 353 (0 1024 1008 ) (0 1024 320 ) (0 704 320 ) (0 704 1008 ) 
4 218 224 (0 704 1008 ) (0 704 320 ) (96 704 320 ) (96 704 1008 ) 
4 218 223 (256 704 704 ) (256 704 1008 ) (96 704 1008 ) (96 704 704 ) 
4 218 219 (256 704 320 ) (416 704 320 ) (416 704 1008 ) (256 704 1008 ) 
4 219 223 (256 704 1008 ) (256 704 704 ) (256 512 704 ) (256 512 1008 ) 
4 219 220 (416 512 704 ) (416 512 1008 ) (256 512 1008 ) (256 512 704 ) 
4 219 221 (256 512 192 ) (416 512 192 ) (416 512 469.333008 ) (256 512 469.333008 ) 
4 220 225 (416 256 704 ) (416 256 1008 ) (256 256 1008 ) (256 256 704 ) 
4 220 223 (256 256 704 ) (256 256 1008 ) (256 512 1008 ) (256 512 704 ) 
4 221 225 (416 256 192 ) (416 256 469.333008 ) (256 256 469.333008 ) (256 256 192 ) 
4 221 222 (416 256 192 ) (256 256 192 ) (256 512 192 ) (416 512 192 ) 
4 222 225 (416 256 64 ) (416 256 192 ) (256 256 192 ) (256 256 64 ) 
4 223 225 (256 256 704 ) (256 256 1008 ) (96 256 1008 ) (96 256 704 ) 
4 223 224 (96 704 1008 ) (96 704 704 ) (96 256 704 ) (96 256 1008 ) 
4 224 359 (0 512 0 ) (0 256 64 ) (0 256 1008 ) (0 512 1008 ) 
4 224 356 (0 704 1008 ) (0 704 0 ) (0 512 0 ) (0 512 1008 ) 
4 224 225 (96 256 64 ) (96 256 1008 ) (0 256 1008 ) (0 256 64 ) 
4 225 360 (0 0 64 ) (0 0 1008 ) (0 256 1008 ) (0 256 64 ) 
4 225 234 (0 0 1008 ) (0 0 64 ) (416 0 64 ) (416 0 1008 ) 
4 226 230 (96 1024 -256 ) (1024 1024 -256 ) (1024 512 -256 ) (96 512 -256 ) 
4 226 228 (96 512 -256 ) (1024 512 -256 ) (1024 512 0 ) (96 512 0 ) 
4 226 227 (96 1024 -256 ) (96 704 -256 ) (96 704 0 ) (96 1024 0 ) 
4 227 354 (0 704 0 ) (0 1024 0 ) (0 1024 -256 ) (0 704 -256 ) 
4 227 230 (0 704 -256 ) (0 1024 -256 ) (96 1024 -256 ) (96 704 -256 ) 
4 228 235 (1024 0 -256 ) (1024 0 0 ) (96 0 0 ) (96 0 -256 ) 
4 228 230 (1024 0 -256 ) (96 0 -256 ) (96 512 -256 ) (1024 512 -256 ) 
4 228 229 (96 256 -256 ) (96 0 -256 ) (96 0 0 ) (96 256 0 ) 
4 229 361 (0 0 -256 ) (0 0 0 ) (0 256 0 ) (0 256 -256 ) 
4 229 235 (96 0 0 ) (0 0 0 ) (0 0 -256 ) (96 0 -256 ) 
4 229 230 (96 0 -256 ) (0 0 -256 ) (0 256 -256 ) (96 256 -256 ) 
4 230 369 (0 0 -1520 ) (0 0 -256 ) (0 1024 -256 ) (0 1024 -1520 ) 
4 230 235 (1024 0 -1520 ) (1024 0 -256 ) (0 0 -256 ) (0 0 -1520 ) 
4 231 239 (1024 -512 -1520 ) (1024 -1008 -1520 ) (1024 -1008 1008 ) (1024 -512 1008 ) 
4 231 236 (1024 -256 -1520 ) (1024 -512 -1520 ) (1024 -512 1008 ) (1024 -256 1008 ) 
4 231 235 (1024 0 0 ) (1024 0 -1520 ) (1024 -256 -1520 ) (1024 -256 0 ) 
4 231 232 (1024 0 1008 ) (1024 0 0 ) (1024 -256 0 ) (1024 -256 1008 ) 
4 232 236 (1024 -256 1008 ) (960 -256 1008 ) (960 -256 0 ) (1024 -256 0 ) 
4 232 235 (1024 -256 0 ) (960 -256 0 ) (960 0 0 ) (1024 0 0 ) 
4 232 233 (960 -256 704 ) (960 -256 1008 ) (960 0 1008 ) (960 0 704 ) 
4 233 237 (960 -256 1008 ) (416 -256 1008 ) (416 -256 704 ) (960 -256 704 ) 
4 233 234 (416 -256 704 ) (416 -256 1008 ) (416 0 1008 ) (416 0 704 ) 
4 234 383 (0 -256 64 ) (0 -256 1008 ) (0 0 1008 ) (0 0 64 ) 
4 234 237 (416 -256 1008 ) (0 -256 1008 ) (0 -256 704 ) (416 -256 704 ) 
4 235 384 (0 -256 -1520 ) (0 -256 0 ) (0 0 0 ) (0 0 -1520 ) 
4 235 238 (0 -256 -64 ) (0 -256 -1520 ) (960 -256 -1520 ) (960 -256 -64 ) 
4 235 236 (960 -256 -1520 ) (1024 -256 -1520 ) (1024 -256 0 ) (960 -256 0 ) 
4 236 239 (960 -512 -1520 ) (1024 -512 -1520 ) (1024 -512 1008 ) (960 -512 1008 ) 
4 236 237 (960 -256 1008 ) (960 -256 704 ) (960 -512 704 ) (960 -512 1008 ) 
4 236 238 (960 -256 -64 ) (960 -256 -1520 ) (960 -512 -1520 ) (960 -512 -64 ) 
4 237 388 (0 -512 1008 ) (0 -256 1008 ) (0 -256 704 ) (0 -512 704 ) 
4 237 239 (960 -512 704 ) (960 -512 1008 ) (0 -512 1008 ) (0 -512 704 ) 
4 238 389 (0 -256 -64 ) (0 -256 -1520 ) (0 -512 -1520 ) (0 -512 -64 ) 
4 238 239 (0 -512 -1520 ) (960 -512 -1520 ) (960 -512 -64 ) (0 -512 -64 ) 
4 239 391 (0 -1008 1008 ) (0 -512 1008 ) (0 -512 -1520 ) (0 -1008 -1520 ) 
4 240 243 (-32 1792 320 ) (0 1792 320 ) (0 1792 384 ) (-32 1792 384 ) 
4 240 242 (0 1792 384 ) (0 1792 1008 ) (-32 1792 1008 ) (-32 1792 384 ) 
4 240 241 (-32 1792 704 ) (-32 1792 1008 ) (-32 2048 1008 ) (-32 2048 704 ) 
4 241 275 (-768 2048 1008 ) (-768 2048 704 ) (-768 1792 704 ) (-768 1792 1008 ) 
4 241 242 (-768 1792 1008 ) (-768 1792 704 ) (-32 1792 704 ) (-32 1792 1008 ) 
4 242 276 (-768 1600 384 ) (-768 1600 392 ) (-768 1792 392 ) (-768 1792 384 ) 
4 242 275 (-768 1600 392 ) (-768 1600 1008 ) (-768 1792 1008 ) (-768 1792 392 ) 
4 242 268 (-768 1600 1008 ) (-768 1600 704 ) (-640 1600 704 ) (-640 1600 1008 ) 
4 242 266 (-608 1600 408 ) (-608 1600 1008 ) (-640 1600 1008 ) (-640 1600 408 ) 
4 242 260 (-596 1600 384 ) (-560 1600 384 ) (-560 1600 400 ) (-596 1600 400 ) 
4 242 259 (-560 1600 384 ) (-544 1600 384 ) (-544 1600 400 ) (-560 1600 400 ) 
4 242 262 (-608 1600 384 ) (-596 1600 384 ) (-596 1600 400 ) (-608 1600 400 ) 
4 242 257 (-544 1600 408 ) (-544 1600 1008 ) (-608 1600 1008 ) (-608 1600 408 ) 
4 242 255 (-512 1600 408 ) (-512 1600 1008 ) (-544 1600 1008 ) (-544 1600 408 ) 
4 242 254 (-32 1600 704 ) (-32 1600 1008 ) (-512 1600 1008 ) (-512 1600 704 ) 
4 242 249 (-32 1600 384 ) (0 1600 384 ) (0 1600 1008 ) (-32 1600 1008 ) 
4 242 244 (-672 1600 384 ) (-736 1600 384 ) (-736 1728 384 ) (-672 1728 384 ) 
4 242 243 (0 1600 384 ) (-672 1600 384 ) (-672 1792 384 ) (0 1792 384 ) 
4 242 245 (-736 1600 384 ) (-768 1600 384 ) (-768 1792 384 ) (-736 1792 384 ) 
4 243 260 (-596 1600 320 ) (-560 1600 320 ) (-560 1600 384 ) (-596 1600 384 ) 
4 243 259 (-560 1600 320 ) (-544 1600 320 ) (-544 1600 384 ) (-560 1600 384 ) 
4 243 262 (-608 1600 320 ) (-596 1600 320 ) (-596 1600 384 ) (-608 1600 384 ) 
4 243 250 (-32 1600 320 ) (0 1600 320 ) (0 1600 384 ) (-32 1600 384 ) 
4 243 244 (-672 1600 384 ) (-672 1728 384 ) (-672 1728 320 ) (-672 1600 320 ) 
4 244 245 (-736 1600 384 ) (-736 1728 384 ) (-736 1728 320 ) (-736 1600 320 ) 
4 245 276 (-768 1600 320 ) (-768 1600 384 ) (-768 1792 384 ) (-768 1792 320 ) 
4 246 272 (0 1600 -1520 ) (0 1600 -256 ) (-32 1600 -256 ) (-32 1600 -1520 ) 
4 246 271 (0 1600 -256 ) (0 1600 -64 ) (-32 1600 -64 ) (-32 1600 -256 ) 
4 246 253 (0 1600 -64 ) (0 1600 0 ) (-32 1600 0 ) (-32 1600 -64 ) 
4 246 248 (-32 1600 -1520 ) (-32 1600 -64 ) (-32 1792 -64 ) (-32 1792 -1520 ) 
4 246 247 (-32 1792 0 ) (-32 2048 0 ) (-32 2048 -1520 ) (-32 1792 -1520 ) 
4 247 312 (-768 1792 -1520 ) (-768 1792 -128 ) (-768 2048 -128 ) (-768 2048 -1520 ) 
4 247 248 (-32 1792 -1520 ) (-32 1792 -64 ) (-768 1792 -64 ) (-768 1792 -1520 ) 
4 248 312 (-768 1600 -1520 ) (-768 1600 -128 ) (-768 1792 -128 ) (-768 1792 -1520 ) 
4 248 273 (-768 1600 -128 ) (-768 1600 -1520 ) (-640 1600 -1520 ) (-640 1600 -128 ) 
4 248 272 (-640 1600 -1520 ) (-32 1600 -1520 ) (-32 1600 -256 ) (-640 1600 -256 ) 
4 248 271 (-32 1600 -256 ) (-32 1600 -64 ) (-512 1600 -64 ) (-512 1600 -256 ) 
4 249 254 (-32 1600 1008 ) (-32 1600 704 ) (-32 1504 704 ) (-32 1504 1008 ) 
4 249 251 (-32 1504 1008 ) (-32 1504 448 ) (0 1504 448 ) (0 1504 1008 ) 
4 249 250 (-32 1568 384 ) (-32 1600 384 ) (0 1600 384 ) (0 1568 384 ) 
4 251 353 (0 1024 448 ) (0 1024 1008 ) (-32 1024 1008 ) (-32 1024 448 ) 
4 251 254 (-32 1024 704 ) (-32 1024 1008 ) (-32 1504 1008 ) (-32 1504 704 ) 
4 251 252 (0 1024 448 ) (-32 1024 448 ) (-32 1440 448 ) (0 1440 448 ) 
4 252 353 (0 1024 320 ) (0 1024 448 ) (-32 1024 448 ) (-32 1024 320 ) 
4 253 354 (0 1024 -64 ) (0 1024 0 ) (-32 1024 0 ) (-32 1024 -64 ) 
4 253 271 (0 1024 -64 ) (-32 1024 -64 ) (-32 1600 -64 ) (0 1600 -64 ) 
4 254 358 (-512 1024 1008 ) (-512 1024 704 ) (-464 1024 704 ) (-464 1024 1008 ) 
4 254 355 (-464 1024 704 ) (-32 1024 704 ) (-32 1024 1008 ) (-464 1024 1008 ) 
4 254 255 (-512 1600 1008 ) (-512 1600 704 ) (-512 1536 704 ) (-512 1536 1008 ) 
4 254 256 (-512 1536 704 ) (-512 1024 704 ) (-512 1024 1008 ) (-512 1536 1008 ) 
4 255 257 (-544 1600 1008 ) (-544 1600 408 ) (-544 1536 408 ) (-544 1536 1008 ) 
4 255 256 (-512 1536 408 ) (-512 1536 1008 ) (-544 1536 1008 ) (-544 1536 408 ) 
4 256 358 (-544 1024 1008 ) (-544 1024 -64 ) (-512 1024 -64 ) (-512 1024 1008 ) 
4 256 265 (-544 1536 -64 ) (-544 1024 -64 ) (-544 1024 400 ) (-544 1536 400 ) 
4 256 258 (-544 1024 400 ) (-544 1024 1008 ) (-544 1536 1008 ) (-544 1536 400 ) 
4 257 266 (-608 1600 1008 ) (-608 1600 408 ) (-608 1536 408 ) (-608 1536 1008 ) 
4 257 258 (-544 1536 408 ) (-544 1536 1008 ) (-608 1536 1008 ) (-608 1536 408 ) 
4 258 358 (-608 1024 1008 ) (-608 1024 400 ) (-544 1024 400 ) (-544 1024 1008 ) 
4 258 267 (-608 1536 400 ) (-608 1024 400 ) (-608 1024 408 ) (-608 1536 408 ) 
4 258 266 (-608 1024 408 ) (-608 1024 1008 ) (-608 1536 1008 ) (-608 1536 408 ) 
4 258 265 (-608 1024 400 ) (-608 1536 400 ) (-544 1536 400 ) (-544 1024 400 ) 
4 259 263 (-544 1592 -64 ) (-544 1592 400 ) (-560 1592 400 ) (-560 1592 -64 ) 
4 259 261 (-560 1600 -64 ) (-560 1592 -64 ) (-560 1592 320 ) (-560 1600 320 ) 
4 259 260 (-560 1592 320 ) (-560 1592 400 ) (-560 1600 400 ) (-560 1600 320 ) 
4 260 263 (-560 1592 400 ) (-596 1592 400 ) (-596 1592 320 ) (-560 1592 320 ) 
4 260 262 (-596 1592 320 ) (-596 1592 400 ) (-596 1600 400 ) (-596 1600 320 ) 
4 260 261 (-596 1592 320 ) (-596 1600 320 ) (-560 1600 320 ) (-560 1592 320 ) 
4 261 263 (-596 1592 320 ) (-596 1592 -64 ) (-560 1592 -64 ) (-560 1592 320 ) 
4 261 262 (-596 1600 -64 ) (-596 1592 -64 ) (-596 1592 320 ) (-596 1600 320 ) 
4 262 263 (-596 1592 400 ) (-608 1592 400 ) (-608 1592 -64 ) (-596 1592 -64 ) 
4 263 264 (-544 1544 -64 ) (-544 1544 24 ) (-608 1544 24 ) (-608 1544 -64 ) 
4 264 265 (-544 1536 -64 ) (-544 1536 24 ) (-608 1536 24 ) (-608 1536 -64 ) 
4 265 358 (-608 1024 400 ) (-608 1024 -64 ) (-544 1024 -64 ) (-544 1024 400 ) 
4 265 267 (-608 1536 -64 ) (-608 1024 -64 ) (-608 1024 400 ) (-608 1536 400 ) 
4 266 358 (-640 1024 1008 ) (-640 1024 408 ) (-608 1024 408 ) (-608 1024 1008 ) 
4 266 269 (-640 1024 416 ) (-640 1024 1008 ) (-640 1056 1008 ) (-640 1056 416 ) 
4 266 268 (-640 1600 1008 ) (-640 1600 704 ) (-640 1056 704 ) (-640 1056 1008 ) 
4 266 267 (-640 1024 408 ) (-640 1536 408 ) (-608 1536 408 ) (-608 1024 408 ) 
4 267 358 (-640 1024 408 ) (-640 1024 -64 ) (-608 1024 -64 ) (-608 1024 408 ) 
4 267 270 (-640 1056 -64 ) (-640 1024 -64 ) (-640 1024 64 ) (-640 1056 64 ) 
4 268 280 (-768 1488 704 ) (-768 1056 704 ) (-768 1056 1008 ) (-768 1488 1008 ) 
4 268 275 (-768 1600 1008 ) (-768 1600 704 ) (-768 1488 704 ) (-768 1488 1008 ) 
4 268 269 (-768 1056 1008 ) (-768 1056 704 ) (-640 1056 704 ) (-640 1056 1008 ) 
4 269 364 (-768 1024 1008 ) (-768 1024 416 ) (-640 1024 416 ) (-640 1024 1008 ) 
4 269 280 (-768 1024 416 ) (-768 1024 1008 ) (-768 1056 1008 ) (-768 1056 416 ) 
4 270 365 (-768 1024 64 ) (-768 1024 -64 ) (-640 1024 -64 ) (-640 1024 64 ) 
4 270 317 (-768 1024 -64 ) (-768 1024 64 ) (-768 1056 64 ) (-768 1056 -64 ) 
4 271 354 (0 1024 -256 ) (0 1024 -64 ) (-32 1024 -64 ) (-32 1024 -256 ) 
4 271 272 (0 1024 -256 ) (-512 1024 -256 ) (-512 1600 -256 ) (0 1600 -256 ) 
4 272 369 (0 1024 -1520 ) (0 1024 -256 ) (-640 1024 -256 ) (-640 1024 -1520 ) 
4 272 274 (-640 1056 -1520 ) (-640 1024 -1520 ) (-640 1024 -256 ) (-640 1056 -256 ) 
4 272 273 (-640 1600 -256 ) (-640 1600 -1520 ) (-640 1056 -1520 ) (-640 1056 -256 ) 
4 273 314 (-768 1056 -1520 ) (-768 1056 -128 ) (-768 1296 -128 ) (-768 1296 -1520 ) 
4 273 312 (-768 1296 -128 ) (-768 1600 -128 ) (-768 1600 -1520 ) (-768 1296 -1520 ) 
4 273 274 (-640 1056 -1520 ) (-640 1056 -256 ) (-768 1056 -256 ) (-768 1056 -1520 ) 
4 274 369 (-640 1024 -1520 ) (-640 1024 -256 ) (-768 1024 -256 ) (-768 1024 -1520 ) 
4 274 318 (-768 1024 -1520 ) (-768 1024 -256 ) (-768 1056 -256 ) (-768 1056 -1520 ) 
4 275 319 (-1024 2048 1008 ) (-1024 2048 392 ) (-1024 1488 392 ) (-1024 1488 1008 ) 
4 275 281 (-896 1488 392 ) (-768 1488 392 ) (-768 1488 416 ) (-896 1488 416 ) 
4 275 282 (-1024 1488 416 ) (-1024 1488 392 ) (-896 1488 392 ) (-896 1488 416 ) 
4 275 280 (-1024 1488 1008 ) (-1024 1488 416 ) (-768 1488 416 ) (-768 1488 1008 ) 
4 275 278 (-896 1792 392 ) (-896 2048 392 ) (-880 2048 392 ) (-880 1792 392 ) 
4 275 279 (-896 1488 392 ) (-1024 1488 392 ) (-1024 2048 392 ) (-896 2048 392 ) 
4 275 277 (-880 1568 392 ) (-880 2048 392 ) (-808 2048 392 ) (-808 1568 392 ) 
4 275 276 (-768 1488 392 ) (-808 1488 392 ) (-808 2048 392 ) (-768 2048 392 ) 
4 276 298 (-768 1808 320 ) (-768 1792 320 ) (-808 1792 320 ) (-808 1808 320 ) 
4 276 296 (-768 1824 320 ) (-768 1808 320 ) (-808 1808 320 ) (-808 1824 320 ) 
4 276 294 (-768 1840 320 ) (-768 1824 320 ) (-808 1824 320 ) (-808 1840 320 ) 
4 276 292 (-768 1856 320 ) (-768 1840 320 ) (-808 1840 320 ) (-808 1856 320 ) 
4 276 290 (-768 1872 320 ) (-768 1856 320 ) (-808 1856 320 ) (-808 1872 320 ) 
4 276 288 (-768 1888 320 ) (-768 1872 320 ) (-808 1872 320 ) (-808 1888 320 ) 
4 276 286 (-768 1904 320 ) (-768 1888 320 ) (-808 1888 320 ) (-808 1904 320 ) 
4 276 285 (-768 1920 320 ) (-768 1904 320 ) (-808 1904 320 ) (-808 1920 320 ) 
4 276 284 (-808 2048 320 ) (-768 2048 320 ) (-768 1920 320 ) (-808 1920 320 ) 
4 276 277 (-808 2048 320 ) (-808 1568 320 ) (-808 1568 392 ) (-808 2048 392 ) 
4 277 298 (-808 1808 320 ) (-808 1792 320 ) (-880 1792 320 ) (-880 1808 320 ) 
4 277 296 (-808 1824 320 ) (-808 1808 320 ) (-880 1808 320 ) (-880 1824 320 ) 
4 277 294 (-808 1840 320 ) (-808 1824 320 ) (-880 1824 320 ) (-880 1840 320 ) 
4 277 292 (-808 1856 320 ) (-808 1840 320 ) (-880 1840 320 ) (-880 1856 320 ) 
4 277 290 (-808 1872 320 ) (-808 1856 320 ) (-880 1856 320 ) (-880 1872 320 ) 
4 277 288 (-808 1888 320 ) (-808 1872 320 ) (-880 1872 320 ) (-880 1888 320 ) 
4 277 286 (-808 1904 320 ) (-808 1888 320 ) (-880 1888 320 ) (-880 1904 320 ) 
4 277 285 (-808 1920 320 ) (-808 1904 320 ) (-880 1904 320 ) (-880 1920 320 ) 
4 277 284 (-880 2048 320 ) (-808 2048 320 ) (-808 1920 320 ) (-880 1920 320 ) 
4 277 278 (-880 2048 320 ) (-880 1792 320 ) (-880 1792 392 ) (-880 2048 392 ) 
4 278 302 (-896 2048 320 ) (-880 2048 320 ) (-880 1792 320 ) (-896 1792 320 ) 
4 278 279 (-896 2048 320 ) (-896 1792 320 ) (-896 1792 392 ) (-896 2048 392 ) 
4 279 319 (-1024 2048 392 ) (-1024 2048 320 ) (-1024 1488 320 ) (-1024 1488 392 ) 
4 279 305 (-1024 2048 320 ) (-896 2048 320 ) (-896 1488 320 ) (-1024 1488 320 ) 
4 279 282 (-1024 1488 392 ) (-1024 1488 320 ) (-896 1488 320 ) (-896 1488 392 ) 
4 280 364 (-768 1024 416 ) (-768 1024 1008 ) (-1024 1024 1008 ) (-1024 1024 416 ) 
4 280 339 (-1024 1024 416 ) (-1024 1024 1008 ) (-1024 1312 1008 ) (-1024 1312 416 ) 
4 280 319 (-1024 1312 1008 ) (-1024 1488 1008 ) (-1024 1488 416 ) (-1024 1312 416 ) 
4 280 283 (-768 1472 416 ) (-768 1056 416 ) (-1024 1056 416 ) (-1024 1472 416 ) 
4 280 281 (-896 1488 416 ) (-768 1488 416 ) (-768 1472 416 ) (-896 1472 416 ) 
4 280 282 (-1024 1488 416 ) (-896 1488 416 ) (-896 1472 416 ) (-1024 1472 416 ) 
4 281 283 (-768 1472 392 ) (-768 1472 416 ) (-896 1472 416 ) (-896 1472 392 ) 
4 281 282 (-896 1472 392 ) (-896 1472 416 ) (-896 1488 416 ) (-896 1488 392 ) 
4 282 319 (-1024 1488 320 ) (-1024 1472 320 ) (-1024 1472 416 ) (-1024 1488 416 ) 
4 282 305 (-896 1472 320 ) (-1024 1472 320 ) (-1024 1488 320 ) (-896 1488 320 ) 
4 282 283 (-1024 1472 320 ) (-896 1472 320 ) (-896 1472 416 ) (-1024 1472 416 ) 
4 283 340 (-1024 1312 320 ) (-1024 1296 320 ) (-1024 1296 416 ) (-1024 1312 416 ) 
4 283 341 (-1024 1296 320 ) (-1024 1056 320 ) (-1024 1056 416 ) (-1024 1296 416 ) 
4 283 319 (-1024 1472 320 ) (-1024 1312 320 ) (-1024 1312 416 ) (-1024 1472 416 ) 
4 283 304 (-880 1056 320 ) (-896 1056 320 ) (-896 1472 320 ) (-880 1472 320 ) 
4 283 305 (-896 1056 320 ) (-1024 1056 320 ) (-1024 1472 320 ) (-896 1472 320 ) 
4 283 301 (-768 1472 320 ) (-768 1056 320 ) (-880 1056 320 ) (-880 1472 320 ) 
4 284 307 (-768 1952 176 ) (-768 1936 176 ) (-880 1936 176 ) (-880 1952 176 ) 
4 284 306 (-880 2048 176 ) (-768 2048 176 ) (-768 1952 176 ) (-880 1952 176 ) 
4 284 302 (-880 2048 176 ) (-880 1920 176 ) (-880 1920 320 ) (-880 2048 320 ) 
4 284 285 (-880 1920 320 ) (-880 1920 192 ) (-768 1920 192 ) (-768 1920 320 ) 
4 285 302 (-880 1904 192 ) (-880 1904 320 ) (-880 1920 320 ) (-880 1920 192 ) 
4 285 286 (-880 1904 320 ) (-880 1904 208 ) (-768 1904 208 ) (-768 1904 320 ) 
4 286 302 (-880 1888 208 ) (-880 1888 320 ) (-880 1904 320 ) (-880 1904 208 ) 
4 286 288 (-880 1888 320 ) (-880 1888 224 ) (-768 1888 224 ) (-768 1888 320 ) 
4 287 309 (-768 1904 176 ) (-768 1888 176 ) (-880 1888 176 ) (-880 1904 176 ) 
4 287 302 (-880 1904 176 ) (-880 1888 176 ) (-880 1888 192 ) (-880 1904 192 ) 
4 287 289 (-880 1888 192 ) (-880 1888 176 ) (-768 1888 176 ) (-768 1888 192 ) 
4 288 302 (-880 1872 224 ) (-880 1872 320 ) (-880 1888 320 ) (-880 1888 224 ) 
4 288 290 (-880 1872 320 ) (-880 1872 240 ) (-768 1872 240 ) (-768 1872 320 ) 
4 289 309 (-768 1888 176 ) (-768 1872 176 ) (-880 1872 176 ) (-880 1888 176 ) 
4 289 302 (-880 1888 176 ) (-880 1872 176 ) (-880 1872 208 ) (-880 1888 208 ) 
4 289 291 (-880 1872 208 ) (-880 1872 176 ) (-768 1872 176 ) (-768 1872 208 ) 
4 290 302 (-880 1856 240 ) (-880 1856 320 ) (-880 1872 320 ) (-880 1872 240 ) 
4 290 292 (-880 1856 320 ) (-880 1856 256 ) (-768 1856 256 ) (-768 1856 320 ) 
4 291 309 (-768 1872 176 ) (-768 1856 176 ) (-880 1856 176 ) (-880 1872 176 ) 
4 291 302 (-880 1872 176 ) (-880 1856 176 ) (-880 1856 224 ) (-880 1872 224 ) 
4 291 293 (-880 1856 224 ) (-880 1856 176 ) (-768 1856 176 ) (-768 1856 224 ) 
4 292 302 (-880 1840 256 ) (-880 1840 320 ) (-880 1856 320 ) (-880 1856 256 ) 
4 292 294 (-880 1840 320 ) (-880 1840 272 ) (-768 1840 272 ) (-768 1840 320 ) 
4 293 309 (-768 1856 176 ) (-768 1840 176 ) (-880 1840 176 ) (-880 1856 176 ) 
4 293 302 (-880 1856 176 ) (-880 1840 176 ) (-880 1840 240 ) (-880 1856 240 ) 
4 293 295 (-880 1840 240 ) (-880 1840 176 ) (-768 1840 176 ) (-768 1840 240 ) 
4 294 302 (-880 1824 272 ) (-880 1824 320 ) (-880 1840 320 ) (-880 1840 272 ) 
4 294 296 (-880 1824 320 ) (-880 1824 288 ) (-768 1824 288 ) (-768 1824 320 ) 
4 295 309 (-768 1840 176 ) (-768 1824 176 ) (-880 1824 176 ) (-880 1840 176 ) 
4 295 302 (-880 1840 176 ) (-880 1824 176 ) (-880 1824 256 ) (-880 1840 256 ) 
4 295 297 (-880 1824 256 ) (-880 1824 176 ) (-768 1824 176 ) (-768 1824 256 ) 
4 296 302 (-880 1808 288 ) (-880 1808 320 ) (-880 1824 320 ) (-880 1824 288 ) 
4 296 298 (-880 1808 320 ) (-880 1808 304 ) (-768 1808 304 ) (-768 1808 320 ) 
4 297 309 (-768 1824 176 ) (-768 1808 176 ) (-880 1808 176 ) (-880 1824 176 ) 
4 297 302 (-880 1824 176 ) (-880 1808 176 ) (-880 1808 272 ) (-880 1824 272 ) 
4 297 299 (-880 1808 272 ) (-880 1808 176 ) (-768 1808 176 ) (-768 1808 272 ) 
4 298 302 (-880 1792 304 ) (-880 1792 320 ) (-880 1808 320 ) (-880 1808 304 ) 
4 299 309 (-768 1808 176 ) (-768 1792 176 ) (-880 1792 176 ) (-880 1808 176 ) 
4 299 302 (-880 1808 176 ) (-880 1792 176 ) (-880 1792 288 ) (-880 1808 288 ) 
4 299 300 (-880 1792 288 ) (-880 1792 176 ) (-768 1792 176 ) (-768 1792 288 ) 
4 300 309 (-768 1792 176 ) (-768 1472 176 ) (-880 1472 176 ) (-880 1792 176 ) 
4 300 303 (-880 1792 176 ) (-880 1472 176 ) (-880 1472 296 ) (-880 1792 296 ) 
4 300 301 (-880 1472 296 ) (-880 1472 176 ) (-768 1472 176 ) (-768 1472 296 ) 
4 301 313 (-768 1296 176 ) (-768 1056 176 ) (-880 1056 176 ) (-880 1296 176 ) 
4 301 309 (-768 1472 176 ) (-768 1296 176 ) (-880 1296 176 ) (-880 1472 176 ) 
4 301 304 (-880 1472 176 ) (-880 1056 176 ) (-880 1056 320 ) (-880 1472 320 ) 
4 302 310 (-896 2048 176 ) (-880 2048 176 ) (-880 1792 176 ) (-896 1792 176 ) 
4 302 303 (-896 1792 296 ) (-896 1792 176 ) (-880 1792 176 ) (-880 1792 296 ) 
4 302 305 (-896 2048 176 ) (-896 1792 176 ) (-896 1792 320 ) (-896 2048 320 ) 
4 303 310 (-880 1792 176 ) (-880 1472 176 ) (-896 1472 176 ) (-896 1792 176 ) 
4 303 305 (-896 1792 176 ) (-896 1472 176 ) (-896 1472 296 ) (-896 1792 296 ) 
4 303 304 (-896 1472 296 ) (-896 1472 176 ) (-880 1472 176 ) (-880 1472 296 ) 
4 304 313 (-880 1296 176 ) (-880 1056 176 ) (-896 1056 176 ) (-896 1296 176 ) 
4 304 310 (-880 1472 176 ) (-880 1296 176 ) (-896 1296 176 ) (-896 1472 176 ) 
4 304 305 (-896 1472 176 ) (-896 1056 176 ) (-896 1056 320 ) (-896 1472 320 ) 
4 305 340 (-1024 1312 176 ) (-1024 1296 176 ) (-1024 1296 320 ) (-1024 1312 320 ) 
4 305 341 (-1024 1296 176 ) (-1024 1056 176 ) (-1024 1056 320 ) (-1024 1296 320 ) 
4 305 322 (-1024 2048 240 ) (-1024 2048 176 ) (-1024 1312 176 ) (-1024 1312 240 ) 
4 305 319 (-1024 2048 320 ) (-1024 2048 240 ) (-1024 1312 240 ) (-1024 1312 320 ) 
4 305 315 (-1024 1056 176 ) (-1024 1296 176 ) (-1008 1296 176 ) (-1008 1056 176 ) 
4 305 313 (-1008 1296 176 ) (-896 1296 176 ) (-896 1056 176 ) (-1008 1056 176 ) 
4 305 311 (-1024 1312 176 ) (-1024 2048 176 ) (-1008 2048 176 ) (-1008 1312 176 ) 
4 305 310 (-1008 2048 176 ) (-896 2048 176 ) (-896 1296 176 ) (-1008 1296 176 ) 
4 306 310 (-880 2048 144 ) (-880 1952 144 ) (-880 1952 176 ) (-880 2048 176 ) 
4 306 307 (-880 1952 176 ) (-880 1952 160 ) (-768 1952 160 ) (-768 1952 176 ) 
4 307 310 (-880 1936 160 ) (-880 1936 176 ) (-880 1952 176 ) (-880 1952 160 ) 
4 308 310 (-880 1936 144 ) (-880 1920 144 ) (-880 1920 160 ) (-880 1936 160 ) 
4 308 309 (-880 1920 160 ) (-880 1920 144 ) (-768 1920 144 ) (-768 1920 160 ) 
4 309 313 (-768 1296 144 ) (-768 1296 176 ) (-880 1296 176 ) (-880 1296 144 ) 
4 309 310 (-880 1920 144 ) (-880 1296 144 ) (-880 1296 176 ) (-880 1920 176 ) 
4 310 313 (-880 1296 176 ) (-1008 1296 176 ) (-1008 1296 144 ) (-880 1296 144 ) 
4 310 311 (-1008 2048 144 ) (-1008 1312 144 ) (-1008 1312 176 ) (-1008 2048 176 ) 
4 311 332 (-1024 1472 144 ) (-1024 1312 144 ) (-1024 1312 176 ) (-1024 1472 176 ) 
4 311 330 (-1024 2048 176 ) (-1024 2048 144 ) (-1024 1472 144 ) (-1024 1472 176 ) 
4 312 348 (-1024 2048 -256 ) (-1024 2048 -1520 ) (-1024 1296 -1520 ) (-1024 1296 -256 ) 
4 312 344 (-1024 2048 -128 ) (-1024 2048 -256 ) (-1024 1296 -256 ) (-1024 1296 -128 ) 
4 312 316 (-1024 1296 -256 ) (-1024 1296 -1520 ) (-1008 1296 -1520 ) (-1008 1296 -256 ) 
4 312 314 (-768 1296 -1520 ) (-768 1296 -128 ) (-1008 1296 -128 ) (-1008 1296 -1520 ) 
4 313 315 (-1008 1296 176 ) (-1008 1296 144 ) (-1008 1056 144 ) (-1008 1056 176 ) 
4 314 318 (-768 1056 -1520 ) (-768 1056 -256 ) (-1008 1056 -256 ) (-1008 1056 -1520 ) 
4 314 316 (-1008 1296 -256 ) (-1008 1296 -1520 ) (-1008 1056 -1520 ) (-1008 1056 -256 ) 
4 315 347 (-1024 1056 138.382446 ) (-1024 1056 144 ) (-1024 1296 144 ) (-1024 1296 138.382446 ) 
4 315 341 (-1024 1056 144 ) (-1024 1056 176 ) (-1024 1296 176 ) (-1024 1296 144 ) 
4 316 348 (-1024 1056 -1520 ) (-1024 1056 -256 ) (-1024 1296 -256 ) (-1024 1296 -1520 ) 
4 316 318 (-1024 1056 -256 ) (-1024 1056 -1520 ) (-1008 1056 -1520 ) (-1008 1056 -256 ) 
4 317 365 (-768 1024 -64 ) (-768 1024 64 ) (-1024 1024 64 ) (-1024 1024 -64 ) 
4 317 349 (-1024 1024 -64 ) (-1024 1024 64 ) (-1024 1056 64 ) (-1024 1056 -64 ) 
4 318 369 (-768 1024 -1520 ) (-768 1024 -256 ) (-1024 1024 -256 ) (-1024 1024 -1520 ) 
4 318 350 (-1024 1024 -1520 ) (-1024 1024 -256 ) (-1024 1056 -256 ) (-1024 1056 -1520 ) 
4 319 340 (-1320 1312 240 ) (-1024 1312 240 ) (-1024 1312 416 ) (-1320 1312 416 ) 
4 319 339 (-1024 1312 416 ) (-1024 1312 1008 ) (-1776 1312 1008 ) (-1776 1312 416 ) 
4 319 328 (-1552 1312 240 ) (-1616 1312 240 ) (-1616 1392 240 ) (-1552 1392 240 ) 
4 319 329 (-1616 1312 240 ) (-1776 1312 240 ) (-1776 1456 240 ) (-1616 1456 240 ) 
4 319 326 (-1552 1472 240 ) (-1552 1456 240 ) (-1664 1456 240 ) (-1664 1472 240 ) 
4 319 325 (-1664 2048 240 ) (-1552 2048 240 ) (-1552 1472 240 ) (-1664 1472 240 ) 
4 319 327 (-1776 1456 240 ) (-1776 2048 240 ) (-1664 2048 240 ) (-1664 1456 240 ) 
4 319 324 (-1536 1312 240 ) (-1552 1312 240 ) (-1552 1472 240 ) (-1536 1472 240 ) 
4 319 323 (-1552 1472 240 ) (-1552 2048 240 ) (-1536 2048 240 ) (-1536 1472 240 ) 
4 319 322 (-1024 1312 240 ) (-1536 1312 240 ) (-1536 2048 240 ) (-1024 2048 240 ) 
4 319 320 (-1776 1312 416 ) (-1776 1312 1008 ) (-1776 2048 1008 ) (-1776 2048 416 ) 
4 320 339 (-1776 1312 416 ) (-1776 1312 1008 ) (-1920 1312 1008 ) (-1920 1312 416 ) 
4 320 321 (-1920 1312 416 ) (-1920 1312 1008 ) (-1920 2048 1008 ) (-1920 2048 416 ) 
4 321 381 (-2048 2048 1008 ) (-2048 2048 240 ) (-2048 1312 240 ) (-2048 1312 1008 ) 
4 321 342 (-2048 1312 416 ) (-2048 1312 240 ) (-1920 1312 240 ) (-1920 1312 416 ) 
4 321 339 (-2048 1312 1008 ) (-2048 1312 416 ) (-1920 1312 416 ) (-1920 1312 1008 ) 
4 321 338 (-1920 1312 240 ) (-2048 1312 240 ) (-2048 1808 240 ) (-1920 1808 240 ) 
4 321 336 (-2048 1808 240 ) (-2048 2048 240 ) (-1920 2048 240 ) (-1920 1808 240 ) 
4 322 340 (-1024 1312 176 ) (-1024 1312 240 ) (-1320 1312 240 ) (-1320 1312 176 ) 
4 322 332 (-1024 1312 176 ) (-1536 1312 176 ) (-1536 1472 176 ) (-1024 1472 176 ) 
4 322 330 (-1536 1472 176 ) (-1536 2048 176 ) (-1024 2048 176 ) (-1024 1472 176 ) 
4 322 324 (-1536 1312 216 ) (-1536 1312 240 ) (-1536 1472 240 ) (-1536 1472 216 ) 
4 322 323 (-1536 2048 176 ) (-1536 1472 176 ) (-1536 1472 240 ) (-1536 2048 240 ) 
4 323 330 (-1552 1472 176 ) (-1552 2048 176 ) (-1536 2048 176 ) (-1536 1472 176 ) 
4 323 325 (-1552 2048 176 ) (-1552 1472 176 ) (-1552 1472 240 ) (-1552 2048 240 ) 
4 323 324 (-1552 1472 240 ) (-1552 1472 216 ) (-1536 1472 216 ) (-1536 1472 240 ) 
4 324 328 (-1552 1312 216 ) (-1552 1312 240 ) (-1552 1392 240 ) (-1552 1392 216 ) 
4 324 326 (-1552 1456 240 ) (-1552 1472 240 ) (-1552 1472 216 ) (-1552 1456 216 ) 
4 325 330 (-1664 2048 176 ) (-1552 2048 176 ) (-1552 1472 176 ) (-1664 1472 176 ) 
4 325 326 (-1664 1472 240 ) (-1664 1472 216 ) (-1552 1472 216 ) (-1552 1472 240 ) 
4 325 327 (-1664 2048 176 ) (-1664 1472 176 ) (-1664 1472 240 ) (-1664 2048 240 ) 
4 326 329 (-1616 1456 240 ) (-1664 1456 240 ) (-1664 1456 216 ) (-1616 1456 216 ) 
4 326 327 (-1664 1456 216 ) (-1664 1456 240 ) (-1664 1472 240 ) (-1664 1472 216 ) 
4 327 333 (-1776 2000 240 ) (-1776 2048 240 ) (-1776 2048 176 ) (-1776 2000 176 ) 
4 327 334 (-1776 1808 240 ) (-1776 1920 240 ) (-1776 1920 176 ) (-1776 1808 176 ) 
4 327 331 (-1776 1472 176 ) (-1776 2048 176 ) (-1664 2048 176 ) (-1664 1472 176 ) 
4 327 329 (-1776 1456 240 ) (-1776 1456 176 ) (-1664 1456 176 ) (-1664 1456 240 ) 
4 328 329 (-1616 1392 176 ) (-1616 1312 176 ) (-1616 1312 240 ) (-1616 1392 240 ) 
4 330 332 (-1024 1472 176 ) (-1536 1472 176 ) (-1536 1472 144 ) (-1024 1472 144 ) 
4 330 331 (-1664 2048 144 ) (-1664 1512 144 ) (-1664 1472 176 ) (-1664 2048 176 ) 
4 331 333 (-1776 2048 144 ) (-1776 2000 144 ) (-1776 2000 176 ) (-1776 2048 176 ) 
4 331 334 (-1776 1920 144 ) (-1776 1808 144 ) (-1776 1808 176 ) (-1776 1920 176 ) 
4 333 335 (-1792 2048 144 ) (-1792 2000 144 ) (-1792 2000 240 ) (-1792 2048 240 ) 
4 334 335 (-1792 1920 144 ) (-1792 1808 144 ) (-1792 1808 240 ) (-1792 1920 240 ) 
4 335 337 (-1904 1808 144 ) (-1792 1808 144 ) (-1792 1808 240 ) (-1904 1808 240 ) 
4 336 381 (-2048 2048 240 ) (-2048 2048 144 ) (-2048 1808 144 ) (-2048 1808 240 ) 
4 336 352 (-2048 2048 144 ) (-1920 2048 144 ) (-1920 1808 144 ) (-2048 1808 144 ) 
4 336 338 (-2048 1808 144 ) (-1920 1808 144 ) (-1920 1808 240 ) (-2048 1808 240 ) 
4 337 346 (-1792 1312 144 ) (-1904 1312 144 ) (-1904 1808 144 ) (-1792 1808 144 ) 
4 338 381 (-2048 1808 144 ) (-2048 1312 144 ) (-2048 1312 240 ) (-2048 1808 240 ) 
4 338 352 (-1920 1312 144 ) (-2048 1312 144 ) (-2048 1808 144 ) (-1920 1808 144 ) 
4 338 342 (-2048 1312 240 ) (-2048 1312 144 ) (-1920 1312 144 ) (-1920 1312 240 ) 
4 339 381 (-2048 1024 416 ) (-2048 1024 1008 ) (-2048 1312 1008 ) (-2048 1312 416 ) 
4 339 370 (-1024 1024 416 ) (-1024 1024 1008 ) (-1920 1024 1008 ) (-1920 1024 416 ) 
4 339 371 (-1920 1024 1008 ) (-2048 1024 1008 ) (-2048 1024 416 ) (-1920 1024 416 ) 
4 339 343 (-1920 1024 416 ) (-2048 1024 416 ) (-2048 1056 416 ) (-1920 1056 416 ) 
4 339 342 (-2048 1312 416 ) (-1920 1312 416 ) (-1920 1056 416 ) (-2048 1056 416 ) 
4 339 340 (-1320 1312 416 ) (-1024 1312 416 ) (-1024 1296 416 ) (-1320 1296 416 ) 
4 339 341 (-1024 1296 416 ) (-1024 1056 416 ) (-1320 1056 416 ) (-1320 1296 416 ) 
4 340 341 (-1320 1296 416 ) (-1320 1296 176 ) (-1024 1296 176 ) (-1024 1296 416 ) 
4 341 347 (-1024 1296 144 ) (-1024 1056 144 ) (-1320 1056 144 ) (-1320 1296 144 ) 
4 342 381 (-2048 1312 144 ) (-2048 1056 144 ) (-2048 1056 416 ) (-2048 1312 416 ) 
4 342 352 (-1920 1056 144 ) (-2048 1056 144 ) (-2048 1312 144 ) (-1920 1312 144 ) 
4 342 343 (-2048 1056 144 ) (-1920 1056 144 ) (-1920 1056 416 ) (-2048 1056 416 ) 
4 343 381 (-2048 1056 144 ) (-2048 1024 144 ) (-2048 1024 416 ) (-2048 1056 416 ) 
4 343 371 (-1920 1024 416 ) (-2048 1024 416 ) (-2048 1024 144 ) (-1920 1024 144 ) 
4 343 352 (-1920 1024 144 ) (-2048 1024 144 ) (-2048 1056 144 ) (-1920 1056 144 ) 
4 344 348 (-1792 2048 -256 ) (-1024 2048 -256 ) (-1024 1296 -256 ) (-1792 1296 -256 ) 
4 344 345 (-1792 2048 -256 ) (-1792 1808 -256 ) (-1792 1808 -128 ) (-1792 2048 -128 ) 
4 345 352 (-1920 2048 32 ) (-1920 2048 -256 ) (-1920 1808 -256 ) (-1920 1808 32 ) 
4 345 348 (-1920 1808 -256 ) (-1920 2048 -256 ) (-1792 2048 -256 ) (-1792 1808 -256 ) 
4 346 347 (-1792 1296 -64 ) (-1792 1296 144 ) (-1904 1296 144 ) (-1904 1296 -64 ) 
4 347 349 (-1904 1056 -64 ) (-1600.011719 1056 -64 ) (-1235.703979 1056 64 ) (-1904 1056 64 ) 
4 348 352 (-1920 2048 -256 ) (-1920 2048 -1520 ) (-1920 1056 -1520 ) (-1920 1056 -256 ) 
4 348 351 (-1920 1056 -256 ) (-1920 1056 -1520 ) (-1760 1056 -1520 ) (-1760 1056 -256 ) 
4 348 350 (-1760 1056 -1520 ) (-1024 1056 -1520 ) (-1024 1056 -256 ) (-1760 1056 -256 ) 
4 349 372 (-1024 1024 -64 ) (-1024 1024 64 ) (-1904 1024 64 ) (-1904 1024 -64 ) 
4 350 374 (-1024 1024 -1520 ) (-1024 1024 -256 ) (-1760 1024 -256 ) (-1760 1024 -1520 ) 
4 350 351 (-1760 1024 -1520 ) (-1760 1024 -256 ) (-1760 1056 -256 ) (-1760 1056 -1520 ) 
4 351 376 (-1760 1024 -1520 ) (-1760 1024 -128 ) (-1920 1024 -128 ) (-1920 1024 -1520 ) 
4 351 352 (-1920 1056 -128 ) (-1920 1056 -1520 ) (-1920 1024 -1520 ) (-1920 1024 -128 ) 
4 352 381 (-2048 2048 144 ) (-2048 2048 -1520 ) (-2048 1024 -1520 ) (-2048 1024 144 ) 
4 352 376 (-1920 1024 -1520 ) (-1920 1024 -128 ) (-2048 1024 -128 ) (-2048 1024 -1520 ) 
4 352 375 (-1920 1024 -128 ) (-1920 1024 -64 ) (-2048 1024 -64 ) (-2048 1024 -128 ) 
4 352 373 (-1920 1024 -64 ) (-1920 1024 64 ) (-2048 1024 64 ) (-2048 1024 -64 ) 
4 352 371 (-1920 1024 64 ) (-1920 1024 144 ) (-2048 1024 144 ) (-2048 1024 64 ) 
4 353 356 (0 704 320 ) (0 704 1008 ) (-32 704 1008 ) (-32 704 320 ) 
4 353 355 (-32 1024 1008 ) (-32 1024 704 ) (-32 704 704 ) (-32 704 1008 ) 
4 354 369 (-32 1024 -256 ) (0 1024 -256 ) (0 704 -256 ) (-32 704 -256 ) 
4 355 358 (-464 1024 1008 ) (-464 1024 704 ) (-464 704 704 ) (-464 704 1008 ) 
4 355 356 (-464 704 1008 ) (-464 704 704 ) (-32 704 704 ) (-32 704 1008 ) 
4 356 362 (-160 512 1008 ) (-464 512 1008 ) (-464 512 704 ) (-160 512 704 ) 
4 356 359 (0 512 0 ) (0 512 1008 ) (-160 512 1008 ) (-160 512 0 ) 
4 356 358 (-464 512 0 ) (-464 512 1008 ) (-464 704 1008 ) (-464 704 0 ) 
4 356 357 (-256 512 0 ) (-464 512 0 ) (-464 704 0 ) (-256 704 0 ) 
4 357 358 (-464 512 -64 ) (-464 512 0 ) (-464 704 0 ) (-464 704 -64 ) 
4 358 366 (-640 512 704 ) (-640 512 1008 ) (-640 928 1008 ) (-640 928 704 ) 
4 358 364 (-640 1024 1008 ) (-640 1024 416 ) (-640 928 416 ) (-640 928 1008 ) 
4 358 365 (-640 1024 64 ) (-640 1024 -64 ) (-640 928 -64 ) (-640 928 64 ) 
4 358 362 (-640 512 1008 ) (-640 512 704 ) (-464 512 704 ) (-464 512 1008 ) 
4 359 362 (-160 512 1008 ) (-160 512 704 ) (-160 256 704 ) (-160 256 1008 ) 
4 359 360 (-160 256 1008 ) (-160 256 64 ) (0 256 64 ) (0 256 1008 ) 
4 360 383 (0 0 64 ) (0 0 1008 ) (-160 0 1008 ) (-160 0 64 ) 
4 360 362 (-160 0 704 ) (-160 0 1008 ) (-160 256 1008 ) (-160 256 704 ) 
4 361 384 (0 0 -256 ) (0 0 0 ) (-160 0 0 ) (-160 0 -256 ) 
4 361 369 (0 0 -256 ) (-160 0 -256 ) (-160 256 -256 ) (0 256 -256 ) 
4 361 363 (-160 256 -256 ) (-160 0 -256 ) (-160 0 -64 ) (-160 256 -64 ) 
4 362 385 (-640 0 1008 ) (-640 0 704 ) (-160 0 704 ) (-160 0 1008 ) 
4 362 366 (-640 256 1008 ) (-640 512 1008 ) (-640 512 704 ) (-640 256 704 ) 
4 362 368 (-640 0 704 ) (-640 0 1008 ) (-640 256 1008 ) (-640 256 704 ) 
4 363 387 (-640 0 -64 ) (-640 0 -256 ) (-160 0 -256 ) (-160 0 -64 ) 
4 363 369 (-160 0 -256 ) (-640 0 -256 ) (-640 512 -256 ) (-160 512 -256 ) 
4 363 367 (-640 512 -256 ) (-640 256 -256 ) (-640 256 -128 ) (-640 512 -128 ) 
4 363 368 (-640 256 -256 ) (-640 0 -256 ) (-640 0 -64 ) (-640 256 -64 ) 
4 364 370 (-1024 1024 1008 ) (-1024 1024 416 ) (-1024 928 416 ) (-1024 928 1008 ) 
4 364 366 (-640 928 704 ) (-640 928 1008 ) (-1024 928 1008 ) (-1024 928 704 ) 
4 365 372 (-1024 1024 64 ) (-1024 1024 -64 ) (-1024 928 -64 ) (-1024 928 64 ) 
4 366 377 (-1024 256 704 ) (-1024 256 1008 ) (-1024 928 1008 ) (-1024 928 704 ) 
4 366 368 (-640 256 704 ) (-640 256 1008 ) (-1024 256 1008 ) (-1024 256 704 ) 
4 367 380 (-1024 928 -256 ) (-1024 256 -256 ) (-1024 256 -128 ) (-1024 928 -128 ) 
4 367 369 (-1024 256 -256 ) (-1024 928 -256 ) (-640 928 -256 ) (-640 256 -256 ) 
4 367 368 (-1024 256 -256 ) (-640 256 -256 ) (-640 256 -128 ) (-1024 256 -128 ) 
4 368 387 (-1024 0 -64 ) (-1024 0 -256 ) (-640 0 -256 ) (-640 0 -64 ) 
4 368 386 (-1024 0 1008 ) (-1024 0 -64 ) (-640 0 -64 ) (-640 0 1008 ) 
4 368 380 (-1024 256 -256 ) (-1024 0 -256 ) (-1024 0 -128 ) (-1024 256 -128 ) 
4 368 378 (-1024 0 -128 ) (-1024 0 1008 ) (-1024 256 1008 ) (-1024 256 -128 ) 
4 368 369 (-640 0 -256 ) (-1024 0 -256 ) (-1024 256 -256 ) (-640 256 -256 ) 
4 369 387 (-160 0 -256 ) (-1024 0 -256 ) (-1024 0 -1520 ) (-160 0 -1520 ) 
4 369 384 (0 0 -1520 ) (0 0 -256 ) (-160 0 -256 ) (-160 0 -1520 ) 
4 369 380 (-1024 928 -1520 ) (-1024 0 -1520 ) (-1024 0 -256 ) (-1024 928 -256 ) 
4 369 374 (-1024 1024 -256 ) (-1024 1024 -1520 ) (-1024 928 -1520 ) (-1024 928 -256 ) 
4 370 377 (-1024 928 704 ) (-1024 928 1008 ) (-1920 928 1008 ) (-1920 928 704 ) 
4 370 371 (-1920 928 416 ) (-1920 928 1008 ) (-1920 1024 1008 ) (-1920 1024 416 ) 
4 371 382 (-2048 928 64 ) (-2048 928 1008 ) (-2048 1024 1008 ) (-2048 1024 64 ) 
4 371 379 (-1920 928 1008 ) (-2048 928 1008 ) (-2048 928 64 ) (-1920 928 64 ) 
4 371 373 (-1920 928 64 ) (-2048 928 64 ) (-2048 1024 64 ) (-1920 1024 64 ) 
4 373 382 (-2048 928 -64 ) (-2048 928 64 ) (-2048 1024 64 ) (-2048 1024 -64 ) 
4 373 379 (-1920 928 64 ) (-2048 928 64 ) (-2048 928 -64 ) (-1920 928 -64 ) 
4 373 375 (-1920 928 -64 ) (-2048 928 -64 ) (-2048 1024 -64 ) (-1920 1024 -64 ) 
4 374 380 (-1024 928 -1520 ) (-1024 928 -256 ) (-1760 928 -256 ) (-1760 928 -1520 ) 
4 374 376 (-1760 928 -1520 ) (-1760 928 -256 ) (-1760 1024 -256 ) (-1760 1024 -1520 ) 
4 375 382 (-2048 928 -128 ) (-2048 928 -64 ) (-2048 1024 -64 ) (-2048 1024 -128 ) 
4 375 379 (-1920 928 -64 ) (-2048 928 -64 ) (-2048 928 -128 ) (-1920 928 -128 ) 
4 375 376 (-2048 1024 -128 ) (-1920 1024 -128 ) (-1920 928 -128 ) (-2048 928 -128 ) 
4 376 382 (-2048 928 -1520 ) (-2048 928 -128 ) (-2048 1024 -128 ) (-2048 1024 -1520 ) 
4 376 380 (-1760 928 -1520 ) (-1760 928 -128 ) (-2048 928 -128 ) (-2048 928 -1520 ) 
4 377 378 (-1920 256 1008 ) (-1920 256 704 ) (-1024 256 704 ) (-1024 256 1008 ) 
4 377 379 (-1920 256 704 ) (-1920 256 1008 ) (-1920 928 1008 ) (-1920 928 704 ) 
4 378 392 (-1024 0 -128 ) (-1024 0 1008 ) (-1920 0 1008 ) (-1920 0 -128 ) 
4 378 380 (-1024 256 -128 ) (-1024 0 -128 ) (-1920 0 -128 ) (-1920 256 -128 ) 
4 378 379 (-1920 256 -128 ) (-1920 0 -128 ) (-1920 0 1008 ) (-1920 256 1008 ) 
4 379 392 (-1920 0 1008 ) (-2048 0 1008 ) (-2048 0 -128 ) (-1920 0 -128 ) 
4 379 382 (-2048 0 -128 ) (-2048 0 1008 ) (-2048 928 1008 ) (-2048 928 -128 ) 
4 379 380 (-2048 928 -128 ) (-1920 928 -128 ) (-1920 0 -128 ) (-2048 0 -128 ) 
4 380 392 (-1024 0 -1520 ) (-1024 0 -128 ) (-2048 0 -128 ) (-2048 0 -1520 ) 
4 380 382 (-2048 0 -1520 ) (-2048 0 -128 ) (-2048 928 -128 ) (-2048 928 -1520 ) 
4 381 382 (-2048 1024 -1520 ) (-2048 1024 1008 ) (-2288 1024 1008 ) (-2288 1024 -1520 ) 
4 382 393 (-2048 0 -1520 ) (-2048 0 1008 ) (-2288 0 1008 ) (-2288 0 -1520 ) 
4 383 388 (0 -256 1008 ) (-160 -256 1008 ) (-160 -256 704 ) (0 -256 704 ) 
4 383 385 (-160 -256 704 ) (-160 -256 1008 ) (-160 0 1008 ) (-160 0 704 ) 
4 384 389 (-160 -256 -64 ) (-160 -256 -1520 ) (0 -256 -1520 ) (0 -256 -64 ) 
4 384 387 (-160 -256 -1520 ) (-160 -256 -64 ) (-160 0 -64 ) (-160 0 -1520 ) 
4 385 388 (-160 -256 1008 ) (-640 -256 1008 ) (-640 -256 704 ) (-160 -256 704 ) 
4 385 386 (-640 -256 704 ) (-640 -256 1008 ) (-640 0 1008 ) (-640 0 704 ) 
4 386 392 (-1024 0 1008 ) (-1024 0 -64 ) (-1024 -256 -64 ) (-1024 -256 1008 ) 
4 386 390 (-640 -256 1008 ) (-1024 -256 1008 ) (-1024 -256 -64 ) (-640 -256 -64 ) 
4 386 387 (-640 -256 -64 ) (-1024 -256 -64 ) (-1024 0 -64 ) (-640 0 -64 ) 
4 387 392 (-1024 0 -64 ) (-1024 0 -1520 ) (-1024 -256 -1520 ) (-1024 -256 -64 ) 
4 387 389 (-640 -256 -1520 ) (-160 -256 -1520 ) (-160 -256 -64 ) (-640 -256 -64 ) 
4 387 390 (-1024 -256 -64 ) (-1024 -256 -1520 ) (-640 -256 -1520 ) (-640 -256 -64 ) 
4 388 391 (0 -512 704 ) (0 -512 1008 ) (-640 -512 1008 ) (-640 -512 704 ) 
4 388 390 (-640 -256 1008 ) (-640 -256 704 ) (-640 -512 704 ) (-640 -512 1008 ) 
4 389 391 (-640 -512 -1520 ) (0 -512 -1520 ) (0 -512 -64 ) (-640 -512 -64 ) 
4 389 390 (-640 -256 -64 ) (-640 -256 -1520 ) (-640 -512 -1520 ) (-640 -512 -64 ) 
4 390 392 (-1024 -512 1008 ) (-1024 -256 1008 ) (-1024 -256 -1520 ) (-1024 -512 -1520 ) 
4 390 391 (-1024 -512 -1520 ) (-640 -512 -1520 ) (-640 -512 1008 ) (-1024 -512 1008 ) 
4 391 392 (-1024 -1008 1008 ) (-1024 -512 1008 ) (-1024 -512 -1520 ) (-1024 -1008 -1520 ) 
4 392 393 (-2048 0 1008 ) (-2048 0 -1520 ) (-2048 -1008 -1520 ) (-2048 -1008 1008 ) 
