


materialPath: D:\Steam\steamapps\common\Counter-Strike Global Offensive\csgo\materials
Loading d:\steam\steamapps\common\counter-strike global offensive\sdk_content\maps\plymouthu\project.vmf
Map revision 5
Patching WVT material: maps/project/dev/dev_blendmeasure_wvt_patch
fixing up env_cubemap materials on brush sides...
0...1...2...3...4...5...6...7...8...9...10**** leaked ****
Entity info_player_counterterrorist (48.00 0.00 9.00) leaked!
Processing areas...done (0)
Building Faces...done (0)
FixTjuncs...
PruneNodes...
WriteBSP...
done (0)
Finding displacement neighbors...
Finding lightmap sample positions...
Displacement Alpha : 0...1...2...3...4...5...6...7...8...9...10
Building Physics collision data...
done (0) (3600 bytes)
Placing detail props : 0...1...2...3...4...5...6...7...8...9...10
Compacting texture/material tables...
Reduced 18 texinfos to 14
Reduced 4 texdatas to 3 (116 bytes to 95)
Writing d:\steam\steamapps\common\counter-strike global offensive\sdk_content\maps\plymouthu\project.bsp
MSG_FILEWRITE - Filesystem was asked to write to 'd:\steam\steamapps\common\counter-strike global offensive\sdk_content\maps\plymouthu\project.bsp', but we don't own that location. Allowing.
1 second elapsed



8 threads
reading d:\steam\steamapps\common\counter-strike global offensive\sdk_content\maps\plymouthu\project.bsp
reading d:\steam\steamapps\common\counter-strike global offensive\sdk_content\maps\plymouthu\project.prt
LoadPortals: couldn't read d:\steam\steamapps\common\counter-strike global offensive\sdk_content\maps\plymouthu\project.prt



materialPath: D:\Steam\steamapps\common\Counter-Strike Global Offensive\csgo\materials
Loading D:\Steam\steamapps\common\Counter-Strike Global Offensive\sdk_content\maps\plymouthu\project.vmf
Map revision 7
Patching WVT material: maps/project/dev/dev_blendmeasure_wvt_patch
fixing up env_cubemap materials on brush sides...
0...1...2...3...4...5...6...7...8...9...100...1...2...3...4...5...6...7...8...9...10Processing areas...done (0)
Building Faces...done (0)
FixTjuncs...
PruneNodes...
WriteBSP...
done (0)
writing D:\Steam\steamapps\common\Counter-Strike Global Offensive\sdk_content\maps\plymouthu\project.prt...Building visibility clusters...
done (0)
Finding displacement neighbors...
Finding lightmap sample positions...
Displacement Alpha : 0...1...2...3...4...5...6...7...8...9...10
Building Physics collision data...
done (0) (5717 bytes)
Placing detail props : 0...1...2...3...4...5...6...7...8...9...10
Compacting texture/material tables...
Reduced 21 texinfos to 15
Reduced 5 texdatas to 4 (134 bytes to 113)
Writing D:\Steam\steamapps\common\Counter-Strike Global Offensive\sdk_content\maps\plymouthu\project.bsp
MSG_FILEWRITE - Filesystem was asked to write to 'd:\steam\steamapps\common\counter-strike global offensive\sdk_content\maps\plymouthu\project.bsp', but we don't own that location. Allowing.
0 seconds elapsed



8 threads
reading d:\steam\steamapps\common\counter-strike global offensive\sdk_content\maps\plymouthu\project.bsp
reading d:\steam\steamapps\common\counter-strike global offensive\sdk_content\maps\plymouthu\project.prt
  57 portalclusters
 157 numportals
0...1...2...3...4...5...6...7...8...9...10Optimized: 0 visible clusters (0.00%)
Total clusters visible: 3077
Average clusters visible: 53
Building PAS...
Average clusters audible: 57
visdatasize:1372  compressed from 912
writing d:\steam\steamapps\common\counter-strike global offensive\sdk_content\maps\plymouthu\project.bsp
MSG_FILEWRITE - Filesystem was asked to write to 'd:\steam\steamapps\common\counter-strike global offensive\sdk_content\maps\plymouthu\project.bsp', but we don't own that location. Allowing.
0 seconds elapsed



[Reading texlights from 'lights.rad']
[17 texlights parsed from 'lights.rad']

Loading d:\steam\steamapps\common\counter-strike global offensive\sdk_content\maps\plymouthu\project.bsp
181 faces
286939 square feet [41319264.00 square inches]
0 Displacements
0 Square Feet [0.00 Square Inches]
181 patches before subdivision
5631 patches after subdivision
2 direct lights
0...1...2...3...4...5...6...7...8...9...100...1...2...3...4...5...6...7...8...9...10transfers 5638, max 180
transfer lists:   0.0 megs
0...1...2...3...4...5...6...7...8...9...10	Bounce #1 added RGB(74, 35, 19)
0...1...2...3...4...5...6...7...8...9...10	Bounce #2 added RGB(1, 0, 0)
0...1...2...3...4...5...6...7...8...9...10	Bounce #3 added RGB(0, 0, 0)
Build Patch/Sample Hash Table(s).....Done<0.0015 sec>
0...1...2...3...4...5...6...7...8...9...10FinalLightFace Done
0 of 0 (0% of) surface lights went in leaf ambient cubes.
0...1...2...3...4...5...6...7...8...9...10Writing leaf ambient...done
Ready to Finish

Object names       Objects/Maxobjs  Memory / Maxmem  Fullness 
------------       ---------------  ---------------  -------- 
models                   1/1024           48/49152    ( 0.1%) 
brushes                 15/8192          180/98304    ( 0.2%) 
brushsides              90/65536         720/524288   ( 0.1%) 
planes                  96/65536        1920/1310720  ( 0.1%) 
vertexes               239/65536        2868/786432   ( 0.4%) 
nodes                  149/65536        4768/2097152  ( 0.2%) 
texinfos                15/12288        1080/884736   ( 0.1%) 
texdata                  4/2048          128/65536    ( 0.2%) 
dispinfos                0/0               0/0        ( 0.0%) 
disp_verts               0/0               0/0        ( 0.0%) 
disp_tris                0/0               0/0        ( 0.0%) 
disp_multiblend          0/0               0/0        ( 0.0%) 
disp_lmsamples           0/0               0/0        ( 0.0%) 
faces                  181/65536       10136/3670016  ( 0.3%) 
hdr faces                0/65536           0/3670016  ( 0.0%) 
origfaces               52/65536        2912/3670016  ( 0.1%) 
facebrushes              8/0              16/0        ( 0.0%) 
facebrushlists         181/0             724/0        ( 0.0%) 
leaves                 151/65536        4832/2097152  ( 0.2%) 
leaffaces              199/65536         398/131072   ( 0.3%) 
leafbrushes             80/65536         160/131072   ( 0.1%) 
areas                    2/1024           16/8192     ( 0.2%) 
surfedges             1010/512000       4040/2048000  ( 0.2%) 
edges                  533/256000       2132/1024000  ( 0.2%) 
LDR worldlights          2/8192          200/819200   ( 0.0%) 
HDR worldlights          0/8192            0/819200   ( 0.0%) 
leafwaterdata            0/32768           0/393216   ( 0.0%) 
waterstrips             16/32768         160/327680   ( 0.0%) 
waterverts               0/65536           0/786432   ( 0.0%) 
waterindices           198/65536         396/131072   ( 0.3%) 
cubemapsamples           0/1024            0/16384    ( 0.0%) 
overlays                 0/1024            0/360448   ( 0.0%) 
LDR lightdata         [variable]      236136/0        ( 0.0%) 
HDR lightdata         [variable]           0/0        ( 0.0%) 
visdata               [variable]        1372/16777216 ( 0.0%) 
entdata               [variable]         982/393216   ( 0.2%) 
LDR ambient table      151/65536         604/262144   ( 0.2%) 
HDR ambient table      151/65536         604/262144   ( 0.2%) 
LDR leaf ambient       618/65536       17304/1835008  ( 0.9%) 
HDR leaf ambient       151/65536        4228/1835008  ( 0.2%) 
occluders                0/0               0/0        ( 0.0%) 
occluder polygons        0/0               0/0        ( 0.0%) 
occluder vert ind        0/0               0/0        ( 0.0%) 
detail props          [variable]           1/12       ( 8.3%) 
static props          [variable]           1/12       ( 8.3%) 
pakfile               [variable]       74757/0        ( 0.0%) 
physics               [variable]        5717/4194304  ( 0.1%) 
physics terrain       [variable]           2/1048576  ( 0.0%) 

Level flags = 7c

Total triangle count: 440
Writing d:\steam\steamapps\common\counter-strike global offensive\sdk_content\maps\plymouthu\project.bsp
MSG_FILEWRITE - Filesystem was asked to write to 'd:\steam\steamapps\common\counter-strike global offensive\sdk_content\maps\plymouthu\project.bsp', but we don't own that location. Allowing.
1 second elapsed
