


materialPath: D:\Steam\steamapps\common\Counter-Strike Global Offensive\csgo\materials
Loading d:\steam\steamapps\common\counter-strike global offensive\sdk_content\maps\plymouthu\project_new.vmf
Map revision 4
Patching WVT material: maps/project_new/dev/dev_blendmeasure_wvt_patch
fixing up env_cubemap materials on brush sides...
0...1...2...3...4...5...6...7...8...9...100...1...2...3...4...5...6...7...8...9...10Processing areas...done (0)
Building Faces...done (0)
FixTjuncs...
PruneNodes...
WriteBSP...
done (0)
writing d:\steam\steamapps\common\counter-strike global offensive\sdk_content\maps\plymouthu\project_new.prt...Building visibility clusters...
done (0)
Finding displacement neighbors...
Finding lightmap sample positions...
Displacement Alpha : 0...1...2...3...4...5...6...7...8...9...10
Building Physics collision data...
done (0) (7484 bytes)
Placing detail props : 0...1...2...3...4...5...6...7...8...9...10
Compacting texture/material tables...
Reduced 17 texinfos to 12
Reduced 6 texdatas to 5 (157 bytes to 136)
Writing d:\steam\steamapps\common\counter-strike global offensive\sdk_content\maps\plymouthu\project_new.bsp
MSG_FILEWRITE - Filesystem was asked to write to 'd:\steam\steamapps\common\counter-strike global offensive\sdk_content\maps\plymouthu\project_new.bsp', but we don't own that location. Allowing.
1 second elapsed



8 threads
reading d:\steam\steamapps\common\counter-strike global offensive\sdk_content\maps\plymouthu\project_new.bsp
reading d:\steam\steamapps\common\counter-strike global offensive\sdk_content\maps\plymouthu\project_new.prt
 222 portalclusters
 448 numportals
0...1...2...3...4...5...6...7...8...9...10Optimized: 5 visible clusters (0.00%)
Total clusters visible: 49261
Average clusters visible: 221
Building PAS...
Average clusters audible: 222
visdatasize:14212  compressed from 14208
writing d:\steam\steamapps\common\counter-strike global offensive\sdk_content\maps\plymouthu\project_new.bsp
MSG_FILEWRITE - Filesystem was asked to write to 'd:\steam\steamapps\common\counter-strike global offensive\sdk_content\maps\plymouthu\project_new.bsp', but we don't own that location. Allowing.
0 seconds elapsed



[Reading texlights from 'lights.rad']
[17 texlights parsed from 'lights.rad']

Loading d:\steam\steamapps\common\counter-strike global offensive\sdk_content\maps\plymouthu\project_new.bsp
540 faces
7112717 square feet [1024231296.00 square inches]
0 Displacements
0 Square Feet [0.00 Square Inches]
540 patches before subdivision
8500 patches after subdivision
2 direct lights
0...1...2...3...4...5...6...7...8...9...100...1...2...3...4...5...6...7...8...9...10transfers 214605, max 206
transfer lists:   1.6 megs
0...1...2...3...4...5...6...7...8...9...10	Bounce #1 added RGB(6298, 6153, 6153)
0...1...2...3...4...5...6...7...8...9...10	Bounce #2 added RGB(326, 312, 312)
Build Patch/Sample Hash Table(s).....Done<0.0014 sec>
0...1...2...3...4...5...6...7...8...9...10FinalLightFace Done
0 of 0 (0% of) surface lights went in leaf ambient cubes.
0...1...2...3...4...5...6...7...8...9...10Writing leaf ambient...done
Ready to Finish

Object names       Objects/Maxobjs  Memory / Maxmem  Fullness 
------------       ---------------  ---------------  -------- 
models                   3/1024          144/49152    ( 0.3%) 
brushes                 19/8192          228/98304    ( 0.2%) 
brushsides             118/65536         944/524288   ( 0.2%) 
planes                 166/65536        3320/1310720  ( 0.3%) 
vertexes               594/65536        7128/786432   ( 0.9%) 
nodes                  740/65536       23680/2097152  ( 1.1%) 
texinfos                12/12288         864/884736   ( 0.1%) 
texdata                  5/2048          160/65536    ( 0.2%) 
dispinfos                0/0               0/0        ( 0.0%) 
disp_verts               0/0               0/0        ( 0.0%) 
disp_tris                0/0               0/0        ( 0.0%) 
disp_multiblend          0/0               0/0        ( 0.0%) 
disp_lmsamples           0/0               0/0        ( 0.0%) 
faces                  540/65536       30240/3670016  ( 0.8%) 
hdr faces                0/65536           0/3670016  ( 0.0%) 
origfaces               60/65536        3360/3670016  ( 0.1%) 
facebrushes             56/0             112/0        ( 0.0%) 
facebrushlists         540/0            2160/0        ( 0.0%) 
leaves                 744/65536       23808/2097152  ( 1.1%) 
leaffaces              553/65536        1106/131072   ( 0.8%) 
leafbrushes            473/65536         946/131072   ( 0.7%) 
areas                    2/1024           16/8192     ( 0.2%) 
surfedges             2454/512000       9816/2048000  ( 0.5%) 
edges                 1261/256000       5044/1024000  ( 0.5%) 
LDR worldlights          2/8192          200/819200   ( 0.0%) 
HDR worldlights          0/8192            0/819200   ( 0.0%) 
leafwaterdata            0/32768           0/393216   ( 0.0%) 
waterstrips              3/32768          30/327680   ( 0.0%) 
waterverts               0/65536           0/786432   ( 0.0%) 
waterindices            45/65536          90/131072   ( 0.1%) 
cubemapsamples           0/1024            0/16384    ( 0.0%) 
overlays                 0/1024            0/360448   ( 0.0%) 
LDR lightdata         [variable]      255464/0        ( 0.0%) 
HDR lightdata         [variable]           0/0        ( 0.0%) 
visdata               [variable]       14212/16777216 ( 0.1%) 
entdata               [variable]        1854/393216   ( 0.5%) 
LDR ambient table      744/65536        2976/262144   ( 1.1%) 
HDR ambient table      744/65536        2976/262144   ( 1.1%) 
LDR leaf ambient       495/65536       13860/1835008  ( 0.8%) 
HDR leaf ambient       744/65536       20832/1835008  ( 1.1%) 
occluders                0/0               0/0        ( 0.0%) 
occluder polygons        0/0               0/0        ( 0.0%) 
occluder vert ind        0/0               0/0        ( 0.0%) 
detail props          [variable]           1/12       ( 8.3%) 
static props          [variable]           1/12       ( 8.3%) 
pakfile               [variable]       74781/0        ( 0.0%) 
physics               [variable]        7484/4194304  ( 0.2%) 
physics terrain       [variable]           2/1048576  ( 0.0%) 

Level flags = 7d

Total triangle count: 1134
Writing d:\steam\steamapps\common\counter-strike global offensive\sdk_content\maps\plymouthu\project_new.bsp
MSG_FILEWRITE - Filesystem was asked to write to 'd:\steam\steamapps\common\counter-strike global offensive\sdk_content\maps\plymouthu\project_new.bsp', but we don't own that location. Allowing.
3 seconds elapsed



materialPath: D:\Steam\steamapps\common\Counter-Strike Global Offensive\csgo\materials
Loading d:\steam\steamapps\common\counter-strike global offensive\sdk_content\maps\plymouthu\project_new.vmf
Map revision 7
fixing up env_cubemap materials on brush sides...
0...1...2...3...4...5...6...7...8...9...100...1...2...3...4...5...6...7...8...9...10Processing areas...done (0)
Building Faces...done (0)
FixTjuncs...
PruneNodes...
WriteBSP...
done (0)
writing d:\steam\steamapps\common\counter-strike global offensive\sdk_content\maps\plymouthu\project_new.prt...Building visibility clusters...
done (0)
Finding displacement neighbors...
Finding lightmap sample positions...
Displacement Alpha : 0...1...2...3...4...5...6...7...8...9...10
Building Physics collision data...
done (1) (8630 bytes)
Placing detail props : 0...1...2...3...4...5...6...7...8...9...10
Compacting texture/material tables...
Reduced 14 texinfos to 12
Reduced 5 texdatas to 5 (113 bytes to 113)
Writing d:\steam\steamapps\common\counter-strike global offensive\sdk_content\maps\plymouthu\project_new.bsp
MSG_FILEWRITE - Filesystem was asked to write to 'd:\steam\steamapps\common\counter-strike global offensive\sdk_content\maps\plymouthu\project_new.bsp', but we don't own that location. Allowing.
1 second elapsed



8 threads
reading d:\steam\steamapps\common\counter-strike global offensive\sdk_content\maps\plymouthu\project_new.bsp
reading d:\steam\steamapps\common\counter-strike global offensive\sdk_content\maps\plymouthu\project_new.prt
 236 portalclusters
 500 numportals
0...1...2...3...4...5...6...7...8...9...10Optimized: 6 visible clusters (0.00%)
Total clusters visible: 55654
Average clusters visible: 235
Building PAS...
Average clusters audible: 236
visdatasize:16052  compressed from 15104
writing d:\steam\steamapps\common\counter-strike global offensive\sdk_content\maps\plymouthu\project_new.bsp
MSG_FILEWRITE - Filesystem was asked to write to 'd:\steam\steamapps\common\counter-strike global offensive\sdk_content\maps\plymouthu\project_new.bsp', but we don't own that location. Allowing.
0 seconds elapsed



[Reading texlights from 'lights.rad']
[17 texlights parsed from 'lights.rad']

Loading d:\steam\steamapps\common\counter-strike global offensive\sdk_content\maps\plymouthu\project_new.bsp
573 faces
7143585 square feet [1028676224.00 square inches]
0 Displacements
0 Square Feet [0.00 Square Inches]
573 patches before subdivision
13575 patches after subdivision
2 direct lights
0...1...2...3...4...5...6...7...8...9...100...1...2...3...4...5...6...7...8...9...10transfers 320326, max 206
transfer lists:   2.4 megs
0...1...2...3...4...5...6...7...8...9...10	Bounce #1 added RGB(23699, 9531, 4083)
0...1...2...3...4...5...6...7...8...9...10	Bounce #2 added RGB(5260, 775, 6)
Build Patch/Sample Hash Table(s).....Done<0.0027 sec>
0...1...2...3...4...5...6...7...8...9...10FinalLightFace Done
0 of 0 (0% of) surface lights went in leaf ambient cubes.
0...1...2...3...4...5...6...7...8...9...10Writing leaf ambient...done
Ready to Finish

Object names       Objects/Maxobjs  Memory / Maxmem  Fullness 
------------       ---------------  ---------------  -------- 
models                   3/1024          144/49152    ( 0.3%) 
brushes                 22/8192          264/98304    ( 0.3%) 
brushsides             137/65536        1096/524288   ( 0.2%) 
planes                 180/65536        3600/1310720  ( 0.3%) 
vertexes               640/65536        7680/786432   ( 1.0%) 
nodes                  759/65536       24288/2097152  ( 1.2%) 
texinfos                12/12288         864/884736   ( 0.1%) 
texdata                  5/2048          160/65536    ( 0.2%) 
dispinfos                0/0               0/0        ( 0.0%) 
disp_verts               0/0               0/0        ( 0.0%) 
disp_tris                0/0               0/0        ( 0.0%) 
disp_multiblend          0/0               0/0        ( 0.0%) 
disp_lmsamples           0/0               0/0        ( 0.0%) 
faces                  573/65536       32088/3670016  ( 0.9%) 
hdr faces                0/65536           0/3670016  ( 0.0%) 
origfaces               74/65536        4144/3670016  ( 0.1%) 
facebrushes             54/0             108/0        ( 0.0%) 
facebrushlists         573/0            2292/0        ( 0.0%) 
leaves                 763/65536       24416/2097152  ( 1.2%) 
leaffaces              594/65536        1188/131072   ( 0.9%) 
leafbrushes            478/65536         956/131072   ( 0.7%) 
areas                    2/1024           16/8192     ( 0.2%) 
surfedges             2668/512000      10672/2048000  ( 0.5%) 
edges                 1371/256000       5484/1024000  ( 0.5%) 
LDR worldlights          2/8192          200/819200   ( 0.0%) 
HDR worldlights          0/8192            0/819200   ( 0.0%) 
leafwaterdata            0/32768           0/393216   ( 0.0%) 
waterstrips              8/32768          80/327680   ( 0.0%) 
waterverts               0/65536           0/786432   ( 0.0%) 
waterindices           108/65536         216/131072   ( 0.2%) 
cubemapsamples           0/1024            0/16384    ( 0.0%) 
overlays                 0/1024            0/360448   ( 0.0%) 
LDR lightdata         [variable]      406568/0        ( 0.0%) 
HDR lightdata         [variable]           0/0        ( 0.0%) 
visdata               [variable]       16052/16777216 ( 0.1%) 
entdata               [variable]        1867/393216   ( 0.5%) 
LDR ambient table      763/65536        3052/262144   ( 1.2%) 
HDR ambient table      763/65536        3052/262144   ( 1.2%) 
LDR leaf ambient      1182/65536       33096/1835008  ( 1.8%) 
HDR leaf ambient       763/65536       21364/1835008  ( 1.2%) 
occluders                0/0               0/0        ( 0.0%) 
occluder polygons        0/0               0/0        ( 0.0%) 
occluder vert ind        0/0               0/0        ( 0.0%) 
detail props          [variable]           1/12       ( 8.3%) 
static props          [variable]           1/12       ( 8.3%) 
pakfile               [variable]       74442/0        ( 0.0%) 
physics               [variable]        8630/4194304  ( 0.2%) 
physics terrain       [variable]           2/1048576  ( 0.0%) 

Level flags = 7d

Total triangle count: 1224
Writing d:\steam\steamapps\common\counter-strike global offensive\sdk_content\maps\plymouthu\project_new.bsp
MSG_FILEWRITE - Filesystem was asked to write to 'd:\steam\steamapps\common\counter-strike global offensive\sdk_content\maps\plymouthu\project_new.bsp', but we don't own that location. Allowing.
3 seconds elapsed



materialPath: D:\Steam\steamapps\common\Counter-Strike Global Offensive\csgo\materials
Loading d:\steam\steamapps\common\counter-strike global offensive\sdk_content\maps\plymouthu\project_new.vmf
Map revision 8
fixing up env_cubemap materials on brush sides...
0...1...2...3...4...5...6...7...8...9...100...1...2...3...4...5...6...7...8...9...10Processing areas...done (0)
Building Faces...done (0)
FixTjuncs...
PruneNodes...
WriteBSP...
done (0)
writing d:\steam\steamapps\common\counter-strike global offensive\sdk_content\maps\plymouthu\project_new.prt...Building visibility clusters...
done (0)
Finding displacement neighbors...
Finding lightmap sample positions...
Displacement Alpha : 0...1...2...3...4...5...6...7...8...9...10
Building Physics collision data...
done (0) (12426 bytes)
Placing detail props : 0...1...2...3...4...5...6...7...8...9...10
Water found with no water_lod_control entity, creating a default one.
Compacting texture/material tables...
Reduced 25 texinfos to 20
Reduced 10 texdatas to 9 (265 bytes to 210)
Writing d:\steam\steamapps\common\counter-strike global offensive\sdk_content\maps\plymouthu\project_new.bsp
MSG_FILEWRITE - Filesystem was asked to write to 'd:\steam\steamapps\common\counter-strike global offensive\sdk_content\maps\plymouthu\project_new.bsp', but we don't own that location. Allowing.
1 second elapsed



8 threads
reading d:\steam\steamapps\common\counter-strike global offensive\sdk_content\maps\plymouthu\project_new.bsp
reading d:\steam\steamapps\common\counter-strike global offensive\sdk_content\maps\plymouthu\project_new.prt
 262 portalclusters
 593 numportals
0...1...2...3...4...5...6...7...8...9...10Optimized: 69 visible clusters (0.00%)
Total clusters visible: 68239
Average clusters visible: 260
Building PAS...
Average clusters audible: 262
visdatasize:19393  compressed from 20960
writing d:\steam\steamapps\common\counter-strike global offensive\sdk_content\maps\plymouthu\project_new.bsp
MSG_FILEWRITE - Filesystem was asked to write to 'd:\steam\steamapps\common\counter-strike global offensive\sdk_content\maps\plymouthu\project_new.bsp', but we don't own that location. Allowing.
0 seconds elapsed



[Reading texlights from 'lights.rad']
[17 texlights parsed from 'lights.rad']

Loading d:\steam\steamapps\common\counter-strike global offensive\sdk_content\maps\plymouthu\project_new.bsp
648 faces
7153882 square feet [1030158976.00 square inches]
0 Displacements
0 Square Feet [0.00 Square Inches]
648 patches before subdivision
15066 patches after subdivision
2 direct lights
0...1...2...3...4...5...6...7...8...9...100...1...2...3...4...5...6...7...8...9...10transfers 427036, max 208
transfer lists:   3.3 megs
0...1...2...3...4...5...6...7...8...9...10	Bounce #1 added RGB(44805, 15897, 4759)
0...1...2...3...4...5...6...7...8...9...10	Bounce #2 added RGB(5703, 905, 37)
Build Patch/Sample Hash Table(s).....Done<0.0030 sec>
0...1...2...3...4...5...6...7...8...9...10FinalLightFace Done
0 of 0 (0% of) surface lights went in leaf ambient cubes.
0...1...2...3...4...5...6...7...8...9...10Writing leaf ambient...done
Ready to Finish

Object names       Objects/Maxobjs  Memory / Maxmem  Fullness 
------------       ---------------  ---------------  -------- 
models                   3/1024          144/49152    ( 0.3%) 
brushes                 32/8192          384/98304    ( 0.4%) 
brushsides             197/65536        1576/524288   ( 0.3%) 
planes                 204/65536        4080/1310720  ( 0.3%) 
vertexes               748/65536        8976/786432   ( 1.1%) 
nodes                  808/65536       25856/2097152  ( 1.2%) 
texinfos                20/12288        1440/884736   ( 0.2%) 
texdata                  9/2048          288/65536    ( 0.4%) 
dispinfos                0/0               0/0        ( 0.0%) 
disp_verts               0/0               0/0        ( 0.0%) 
disp_tris                0/0               0/0        ( 0.0%) 
disp_multiblend          0/0               0/0        ( 0.0%) 
disp_lmsamples           0/0               0/0        ( 0.0%) 
faces                  648/65536       36288/3670016  ( 1.0%) 
hdr faces                0/65536           0/3670016  ( 0.0%) 
origfaces              108/65536        6048/3670016  ( 0.2%) 
facebrushes             59/0             118/0        ( 0.0%) 
facebrushlists         648/0            2592/0        ( 0.0%) 
leaves                 812/65536       25984/2097152  ( 1.2%) 
leaffaces              676/65536        1352/131072   ( 1.0%) 
leafbrushes            503/65536        1006/131072   ( 0.8%) 
areas                    2/1024           16/8192     ( 0.2%) 
surfedges             3166/512000      12664/2048000  ( 0.6%) 
edges                 1657/256000       6628/1024000  ( 0.6%) 
LDR worldlights          2/8192          200/819200   ( 0.0%) 
HDR worldlights          0/8192            0/819200   ( 0.0%) 
leafwaterdata            1/32768          12/393216   ( 0.0%) 
waterstrips             22/32768         220/327680   ( 0.1%) 
waterverts               0/65536           0/786432   ( 0.0%) 
waterindices           276/65536         552/131072   ( 0.4%) 
cubemapsamples           0/1024            0/16384    ( 0.0%) 
overlays                 0/1024            0/360448   ( 0.0%) 
LDR lightdata         [variable]      511416/0        ( 0.0%) 
HDR lightdata         [variable]           0/0        ( 0.0%) 
visdata               [variable]       19393/16777216 ( 0.1%) 
entdata               [variable]        1967/393216   ( 0.5%) 
LDR ambient table      812/65536        3248/262144   ( 1.2%) 
HDR ambient table      812/65536        3248/262144   ( 1.2%) 
LDR leaf ambient      1524/65536       42672/1835008  ( 2.3%) 
HDR leaf ambient       812/65536       22736/1835008  ( 1.2%) 
occluders                0/0               0/0        ( 0.0%) 
occluder polygons        0/0               0/0        ( 0.0%) 
occluder vert ind        0/0               0/0        ( 0.0%) 
detail props          [variable]           1/12       ( 8.3%) 
static props          [variable]           1/12       ( 8.3%) 
pakfile               [variable]       74769/0        ( 0.0%) 
physics               [variable]       12426/4194304  ( 0.3%) 
physics terrain       [variable]           2/1048576  ( 0.0%) 

Level flags = 7d

Total triangle count: 1436
Writing d:\steam\steamapps\common\counter-strike global offensive\sdk_content\maps\plymouthu\project_new.bsp
MSG_FILEWRITE - Filesystem was asked to write to 'd:\steam\steamapps\common\counter-strike global offensive\sdk_content\maps\plymouthu\project_new.bsp', but we don't own that location. Allowing.
3 seconds elapsed



materialPath: D:\Steam\steamapps\common\Counter-Strike Global Offensive\csgo\materials
Loading d:\steam\steamapps\common\counter-strike global offensive\sdk_content\maps\plymouthu\project_new.vmf
Map revision 11
fixing up env_cubemap materials on brush sides...
0...1...2...3...4...5...6...7...8...9...100...1...2...3...4...5...6...7...8...9...10Processing areas...done (0)
Building Faces...done (0)
FixTjuncs...
PruneNodes...
WriteBSP...
done (0)
writing d:\steam\steamapps\common\counter-strike global offensive\sdk_content\maps\plymouthu\project_new.prt...Building visibility clusters...
done (0)
Finding displacement neighbors...
Finding lightmap sample positions...
Displacement Alpha : 0...1...2...3...4...5...6...7...8...9...10
Building Physics collision data...
done (1) (11950 bytes)
Placing detail props : 0...1...2...3...4...5...6...7...8...9...10
Compacting texture/material tables...
Reduced 17 texinfos to 15
Reduced 6 texdatas to 6 (126 bytes to 126)
Writing d:\steam\steamapps\common\counter-strike global offensive\sdk_content\maps\plymouthu\project_new.bsp
MSG_FILEWRITE - Filesystem was asked to write to 'd:\steam\steamapps\common\counter-strike global offensive\sdk_content\maps\plymouthu\project_new.bsp', but we don't own that location. Allowing.
1 second elapsed



8 threads
reading d:\steam\steamapps\common\counter-strike global offensive\sdk_content\maps\plymouthu\project_new.bsp
reading d:\steam\steamapps\common\counter-strike global offensive\sdk_content\maps\plymouthu\project_new.prt
 267 portalclusters
 611 numportals
0...1...2...3...4...5...6...7...8...9...10Optimized: 26 visible clusters (0.00%)
Total clusters visible: 71093
Average clusters visible: 266
Building PAS...
Average clusters audible: 267
visdatasize:20296  compressed from 21360
writing d:\steam\steamapps\common\counter-strike global offensive\sdk_content\maps\plymouthu\project_new.bsp
MSG_FILEWRITE - Filesystem was asked to write to 'd:\steam\steamapps\common\counter-strike global offensive\sdk_content\maps\plymouthu\project_new.bsp', but we don't own that location. Allowing.
0 seconds elapsed



[Reading texlights from 'lights.rad']
[17 texlights parsed from 'lights.rad']

Loading d:\steam\steamapps\common\counter-strike global offensive\sdk_content\maps\plymouthu\project_new.bsp
708 faces
7172866 square feet [1032892672.00 square inches]
0 Displacements
0 Square Feet [0.00 Square Inches]
708 patches before subdivision
17958 patches after subdivision
2 direct lights
0...1...2...3...4...5...6...7...8...9...100...1...2...3...4...5...6...7...8...9...10transfers 702948, max 259
transfer lists:   5.4 megs
0...1...2...3...4...5...6...7...8...9...10	Bounce #1 added RGB(41357, 16972, 7597)
0...1...2...3...4...5...6...7...8...9...10	Bounce #2 added RGB(13599, 1853, 26)
Build Patch/Sample Hash Table(s).....Done<0.0035 sec>
0...1...2...3...4...5...6...7...8...9...10FinalLightFace Done
0 of 0 (0% of) surface lights went in leaf ambient cubes.
0...1...2...3...4...5...6...7...8...9...10Writing leaf ambient...done
Ready to Finish

Object names       Objects/Maxobjs  Memory / Maxmem  Fullness 
------------       ---------------  ---------------  -------- 
models                   3/1024          144/49152    ( 0.3%) 
brushes                 31/8192          372/98304    ( 0.4%) 
brushsides             191/65536        1528/524288   ( 0.3%) 
planes                 198/65536        3960/1310720  ( 0.3%) 
vertexes               837/65536       10044/786432   ( 1.3%) 
nodes                  813/65536       26016/2097152  ( 1.2%) 
texinfos                15/12288        1080/884736   ( 0.1%) 
texdata                  6/2048          192/65536    ( 0.3%) 
dispinfos                0/0               0/0        ( 0.0%) 
disp_verts               0/0               0/0        ( 0.0%) 
disp_tris                0/0               0/0        ( 0.0%) 
disp_multiblend          0/0               0/0        ( 0.0%) 
disp_lmsamples           0/0               0/0        ( 0.0%) 
faces                  708/65536       39648/3670016  ( 1.1%) 
hdr faces                0/65536           0/3670016  ( 0.0%) 
origfaces              116/65536        6496/3670016  ( 0.2%) 
facebrushes             74/0             148/0        ( 0.0%) 
facebrushlists         708/0            2832/0        ( 0.0%) 
leaves                 817/65536       26144/2097152  ( 1.2%) 
leaffaces              736/65536        1472/131072   ( 1.1%) 
leafbrushes            501/65536        1002/131072   ( 0.8%) 
areas                    2/1024           16/8192     ( 0.2%) 
surfedges             3508/512000      14032/2048000  ( 0.7%) 
edges                 1821/256000       7284/1024000  ( 0.7%) 
LDR worldlights          2/8192          200/819200   ( 0.0%) 
HDR worldlights          0/8192            0/819200   ( 0.0%) 
leafwaterdata            0/32768           0/393216   ( 0.0%) 
waterstrips             34/32768         340/327680   ( 0.1%) 
waterverts               0/65536           0/786432   ( 0.0%) 
waterindices           453/65536         906/131072   ( 0.7%) 
cubemapsamples           0/1024            0/16384    ( 0.0%) 
overlays                 0/1024            0/360448   ( 0.0%) 
LDR lightdata         [variable]      569096/0        ( 0.0%) 
HDR lightdata         [variable]           0/0        ( 0.0%) 
visdata               [variable]       20296/16777216 ( 0.1%) 
entdata               [variable]        1868/393216   ( 0.5%) 
LDR ambient table      817/65536        3268/262144   ( 1.2%) 
HDR ambient table      817/65536        3268/262144   ( 1.2%) 
LDR leaf ambient      1840/65536       51520/1835008  ( 2.8%) 
HDR leaf ambient       817/65536       22876/1835008  ( 1.2%) 
occluders                0/0               0/0        ( 0.0%) 
occluder polygons        0/0               0/0        ( 0.0%) 
occluder vert ind        0/0               0/0        ( 0.0%) 
detail props          [variable]           1/12       ( 8.3%) 
static props          [variable]           1/12       ( 8.3%) 
pakfile               [variable]       74442/0        ( 0.0%) 
physics               [variable]       11950/4194304  ( 0.3%) 
physics terrain       [variable]           2/1048576  ( 0.0%) 

Level flags = 7d

Total triangle count: 1626
Writing d:\steam\steamapps\common\counter-strike global offensive\sdk_content\maps\plymouthu\project_new.bsp
MSG_FILEWRITE - Filesystem was asked to write to 'd:\steam\steamapps\common\counter-strike global offensive\sdk_content\maps\plymouthu\project_new.bsp', but we don't own that location. Allowing.
3 seconds elapsed



materialPath: D:\Steam\steamapps\common\Counter-Strike Global Offensive\csgo\materials
Loading d:\steam\steamapps\common\counter-strike global offensive\sdk_content\maps\plymouthu\project_new.vmf
Map revision 14
fixing up env_cubemap materials on brush sides...
0...1...2...3...4...5...6...7...8...9...100...1...2...3...4...5...6...7...8...9...10Processing areas...done (0)
Building Faces...done (0)
FixTjuncs...
PruneNodes...
WriteBSP...
done (0)
writing d:\steam\steamapps\common\counter-strike global offensive\sdk_content\maps\plymouthu\project_new.prt...Building visibility clusters...
done (0)
Finding displacement neighbors...
Finding lightmap sample positions...
Displacement Alpha : 0...1...2...3...4...5...6...7...8...9...10
Building Physics collision data...
done (0) (17850 bytes)
Placing detail props : 0...1...2...3...4...5...6...7...8...9...10
Compacting texture/material tables...
Reduced 30 texinfos to 28
Reduced 8 texdatas to 8 (169 bytes to 169)
Writing d:\steam\steamapps\common\counter-strike global offensive\sdk_content\maps\plymouthu\project_new.bsp
MSG_FILEWRITE - Filesystem was asked to write to 'd:\steam\steamapps\common\counter-strike global offensive\sdk_content\maps\plymouthu\project_new.bsp', but we don't own that location. Allowing.
1 second elapsed



8 threads
reading d:\steam\steamapps\common\counter-strike global offensive\sdk_content\maps\plymouthu\project_new.bsp
reading d:\steam\steamapps\common\counter-strike global offensive\sdk_content\maps\plymouthu\project_new.prt
 293 portalclusters
 709 numportals
0...1...2...3...4...5...6...7...8...9...10Optimized: 83 visible clusters (0.00%)
Total clusters visible: 85088
Average clusters visible: 290
Building PAS...
Average clusters audible: 293
visdatasize:24040  compressed from 23440
writing d:\steam\steamapps\common\counter-strike global offensive\sdk_content\maps\plymouthu\project_new.bsp
MSG_FILEWRITE - Filesystem was asked to write to 'd:\steam\steamapps\common\counter-strike global offensive\sdk_content\maps\plymouthu\project_new.bsp', but we don't own that location. Allowing.
0 seconds elapsed



[Reading texlights from 'lights.rad']
[17 texlights parsed from 'lights.rad']

Loading d:\steam\steamapps\common\counter-strike global offensive\sdk_content\maps\plymouthu\project_new.bsp
739 faces
7154182 square feet [1030202240.00 square inches]
0 Displacements
0 Square Feet [0.00 Square Inches]
739 patches before subdivision
15395 patches after subdivision
2 direct lights
0...1...2...3...4...5...6...7...8...9...100...1...2...3...4...5...6...7...8...9...10transfers 471749, max 247
transfer lists:   3.6 megs
0...1...2...3...4...5...6...7...8...9...10	Bounce #1 added RGB(31423, 13209, 6220)
0...1...2...3...4...5...6...7...8...9...10	Bounce #2 added RGB(6541, 1075, 60)
Build Patch/Sample Hash Table(s).....Done<0.0035 sec>
0...1...2...3...4...5...6...7...8...9...10FinalLightFace Done
0 of 0 (0% of) surface lights went in leaf ambient cubes.
0...1...2...3...4...5...6...7...8...9...10Writing leaf ambient...done
Ready to Finish

Object names       Objects/Maxobjs  Memory / Maxmem  Fullness 
------------       ---------------  ---------------  -------- 
models                   3/1024          144/49152    ( 0.3%) 
brushes                 47/8192          564/98304    ( 0.6%) 
brushsides             287/65536        2296/524288   ( 0.4%) 
planes                 260/65536        5200/1310720  ( 0.4%) 
vertexes               889/65536       10668/786432   ( 1.4%) 
nodes                  860/65536       27520/2097152  ( 1.3%) 
texinfos                28/12288        2016/884736   ( 0.2%) 
texdata                  8/2048          256/65536    ( 0.4%) 
dispinfos                0/0               0/0        ( 0.0%) 
disp_verts               0/0               0/0        ( 0.0%) 
disp_tris                0/0               0/0        ( 0.0%) 
disp_multiblend          0/0               0/0        ( 0.0%) 
disp_lmsamples           0/0               0/0        ( 0.0%) 
faces                  739/65536       41384/3670016  ( 1.1%) 
hdr faces                0/65536           0/3670016  ( 0.0%) 
origfaces              180/65536       10080/3670016  ( 0.3%) 
facebrushes             50/0             100/0        ( 0.0%) 
facebrushlists         739/0            2956/0        ( 0.0%) 
leaves                 864/65536       27648/2097152  ( 1.3%) 
leaffaces              769/65536        1538/131072   ( 1.2%) 
leafbrushes            522/65536        1044/131072   ( 0.8%) 
areas                    2/1024           16/8192     ( 0.2%) 
surfedges             3926/512000      15704/2048000  ( 0.8%) 
edges                 2072/256000       8288/1024000  ( 0.8%) 
LDR worldlights          2/8192          200/819200   ( 0.0%) 
HDR worldlights          0/8192            0/819200   ( 0.0%) 
leafwaterdata            0/32768           0/393216   ( 0.0%) 
waterstrips             28/32768         280/327680   ( 0.1%) 
waterverts               0/65536           0/786432   ( 0.0%) 
waterindices           396/65536         792/131072   ( 0.6%) 
cubemapsamples           0/1024            0/16384    ( 0.0%) 
overlays                 0/1024            0/360448   ( 0.0%) 
LDR lightdata         [variable]      475688/0        ( 0.0%) 
HDR lightdata         [variable]           0/0        ( 0.0%) 
visdata               [variable]       24040/16777216 ( 0.1%) 
entdata               [variable]        1868/393216   ( 0.5%) 
LDR ambient table      864/65536        3456/262144   ( 1.3%) 
HDR ambient table      864/65536        3456/262144   ( 1.3%) 
LDR leaf ambient      1880/65536       52640/1835008  ( 2.9%) 
HDR leaf ambient       864/65536       24192/1835008  ( 1.3%) 
occluders                0/0               0/0        ( 0.0%) 
occluder polygons        0/0               0/0        ( 0.0%) 
occluder vert ind        0/0               0/0        ( 0.0%) 
detail props          [variable]           1/12       ( 8.3%) 
static props          [variable]           1/12       ( 8.3%) 
pakfile               [variable]       74442/0        ( 0.0%) 
physics               [variable]       17850/4194304  ( 0.4%) 
physics terrain       [variable]           2/1048576  ( 0.0%) 

Level flags = 7d

Total triangle count: 1726
Writing d:\steam\steamapps\common\counter-strike global offensive\sdk_content\maps\plymouthu\project_new.bsp
MSG_FILEWRITE - Filesystem was asked to write to 'd:\steam\steamapps\common\counter-strike global offensive\sdk_content\maps\plymouthu\project_new.bsp', but we don't own that location. Allowing.
4 seconds elapsed



materialPath: D:\Steam\steamapps\common\Counter-Strike Global Offensive\csgo\materials
Loading d:\steam\steamapps\common\counter-strike global offensive\sdk_content\maps\plymouthu\project_new.vmf
Map revision 18
fixing up env_cubemap materials on brush sides...
0...1...2...3...4...5...6...7...8...9...100...1...2...3...4...5...6...7...8...9...10Processing areas...done (0)
Building Faces...done (0)
FixTjuncs...
PruneNodes...
WriteBSP...
done (0)
writing d:\steam\steamapps\common\counter-strike global offensive\sdk_content\maps\plymouthu\project_new.prt...Building visibility clusters...
done (0)
Finding displacement neighbors...
Finding lightmap sample positions...
Displacement Alpha : 0...1...2...3...4...5...6...7...8...9...10
Building Physics collision data...
done (1) (20010 bytes)
Placing detail props : 0...1...2...3...4...5...6...7...8...9...10
Compacting texture/material tables...
Reduced 42 texinfos to 39
Reduced 11 texdatas to 11 (257 bytes to 257)
Writing d:\steam\steamapps\common\counter-strike global offensive\sdk_content\maps\plymouthu\project_new.bsp
MSG_FILEWRITE - Filesystem was asked to write to 'd:\steam\steamapps\common\counter-strike global offensive\sdk_content\maps\plymouthu\project_new.bsp', but we don't own that location. Allowing.
1 second elapsed



8 threads
reading d:\steam\steamapps\common\counter-strike global offensive\sdk_content\maps\plymouthu\project_new.bsp
reading d:\steam\steamapps\common\counter-strike global offensive\sdk_content\maps\plymouthu\project_new.prt
 307 portalclusters
 742 numportals
0...1...2...3...4...5...6...7...8...9...10Optimized: 148 visible clusters (0.00%)
Total clusters visible: 92713
Average clusters visible: 301
Building PAS...
Average clusters audible: 307
visdatasize:26427  compressed from 24560
writing d:\steam\steamapps\common\counter-strike global offensive\sdk_content\maps\plymouthu\project_new.bsp
MSG_FILEWRITE - Filesystem was asked to write to 'd:\steam\steamapps\common\counter-strike global offensive\sdk_content\maps\plymouthu\project_new.bsp', but we don't own that location. Allowing.
0 seconds elapsed



[Reading texlights from 'lights.rad']
[17 texlights parsed from 'lights.rad']

Loading d:\steam\steamapps\common\counter-strike global offensive\sdk_content\maps\plymouthu\project_new.bsp
802 faces
7196857 square feet [1036347392.00 square inches]
0 Displacements
0 Square Feet [0.00 Square Inches]
802 patches before subdivision
20796 patches after subdivision
2 direct lights
0...1...2...3...4...5...6...7...8...9...100...1...2...3...4...5...6...7...8...9...10transfers 696863, max 261
transfer lists:   5.3 megs
0...1...2...3...4...5...6...7...8...9...10	Bounce #1 added RGB(32297, 18363, 13083)
0...1...2...3...4...5...6...7...8...9...10	Bounce #2 added RGB(8224, 2004, 425)
Build Patch/Sample Hash Table(s).....Done<0.0042 sec>
0...1...2...3...4...5...6...7...8...9...10FinalLightFace Done
0 of 0 (0% of) surface lights went in leaf ambient cubes.
0...1...2...3...4...5...6...7...8...9...10Writing leaf ambient...done
Ready to Finish

Object names       Objects/Maxobjs  Memory / Maxmem  Fullness 
------------       ---------------  ---------------  -------- 
models                   3/1024          144/49152    ( 0.3%) 
brushes                 53/8192          636/98304    ( 0.6%) 
brushsides             324/65536        2592/524288   ( 0.5%) 
planes                 266/65536        5320/1310720  ( 0.4%) 
vertexes               964/65536       11568/786432   ( 1.5%) 
nodes                  893/65536       28576/2097152  ( 1.4%) 
texinfos                39/12288        2808/884736   ( 0.3%) 
texdata                 11/2048          352/65536    ( 0.5%) 
dispinfos                0/0               0/0        ( 0.0%) 
disp_verts               0/0               0/0        ( 0.0%) 
disp_tris                0/0               0/0        ( 0.0%) 
disp_multiblend          0/0               0/0        ( 0.0%) 
disp_lmsamples           0/0               0/0        ( 0.0%) 
faces                  802/65536       44912/3670016  ( 1.2%) 
hdr faces                0/65536           0/3670016  ( 0.0%) 
origfaces              204/65536       11424/3670016  ( 0.3%) 
facebrushes             54/0             108/0        ( 0.0%) 
facebrushlists         802/0            3208/0        ( 0.0%) 
leaves                 897/65536       28704/2097152  ( 1.4%) 
leaffaces              837/65536        1674/131072   ( 1.3%) 
leafbrushes            542/65536        1084/131072   ( 0.8%) 
areas                    2/1024           16/8192     ( 0.2%) 
surfedges             4301/512000      17204/2048000  ( 0.8%) 
edges                 2275/256000       9100/1024000  ( 0.9%) 
LDR worldlights          2/8192          200/819200   ( 0.0%) 
HDR worldlights          0/8192            0/819200   ( 0.0%) 
leafwaterdata            0/32768           0/393216   ( 0.0%) 
waterstrips             36/32768         360/327680   ( 0.1%) 
waterverts               0/65536           0/786432   ( 0.0%) 
waterindices           489/65536         978/131072   ( 0.7%) 
cubemapsamples           0/1024            0/16384    ( 0.0%) 
overlays                 0/1024            0/360448   ( 0.0%) 
LDR lightdata         [variable]      835600/0        ( 0.0%) 
HDR lightdata         [variable]           0/0        ( 0.0%) 
visdata               [variable]       26427/16777216 ( 0.2%) 
entdata               [variable]        1869/393216   ( 0.5%) 
LDR ambient table      897/65536        3588/262144   ( 1.4%) 
HDR ambient table      897/65536        3588/262144   ( 1.4%) 
LDR leaf ambient      2257/65536       63196/1835008  ( 3.4%) 
HDR leaf ambient       897/65536       25116/1835008  ( 1.4%) 
occluders                0/0               0/0        ( 0.0%) 
occluder polygons        0/0               0/0        ( 0.0%) 
occluder vert ind        0/0               0/0        ( 0.0%) 
detail props          [variable]           1/12       ( 8.3%) 
static props          [variable]           1/12       ( 8.3%) 
pakfile               [variable]       74442/0        ( 0.0%) 
physics               [variable]       20010/4194304  ( 0.5%) 
physics terrain       [variable]           2/1048576  ( 0.0%) 

Level flags = 7d

Total triangle count: 1880
Writing d:\steam\steamapps\common\counter-strike global offensive\sdk_content\maps\plymouthu\project_new.bsp
MSG_FILEWRITE - Filesystem was asked to write to 'd:\steam\steamapps\common\counter-strike global offensive\sdk_content\maps\plymouthu\project_new.bsp', but we don't own that location. Allowing.
4 seconds elapsed



materialPath: D:\Steam\steamapps\common\Counter-Strike Global Offensive\csgo\materials
Loading d:\steam\steamapps\common\counter-strike global offensive\sdk_content\maps\plymouthu\project_new.vmf
Map revision 21
fixing up env_cubemap materials on brush sides...
0...1...2...3...4...5...6...7...8...9...100...1...2...3...4...5...6...7...8...9...10Processing areas...done (0)
Building Faces...done (0)
FixTjuncs...
PruneNodes...
WriteBSP...
done (0)
writing d:\steam\steamapps\common\counter-strike global offensive\sdk_content\maps\plymouthu\project_new.prt...Building visibility clusters...
done (0)
Finding displacement neighbors...
Finding lightmap sample positions...
Displacement Alpha : 0...1...2...3...4...5...6...7...8...9...10
Building Physics collision data...
done (1) (21154 bytes)
Placing detail props : 0...1...2...3...4...5...6...7...8...9...10
Compacting texture/material tables...
Reduced 46 texinfos to 43
Reduced 11 texdatas to 11 (257 bytes to 257)
Writing d:\steam\steamapps\common\counter-strike global offensive\sdk_content\maps\plymouthu\project_new.bsp
MSG_FILEWRITE - Filesystem was asked to write to 'd:\steam\steamapps\common\counter-strike global offensive\sdk_content\maps\plymouthu\project_new.bsp', but we don't own that location. Allowing.
1 second elapsed



8 threads
reading d:\steam\steamapps\common\counter-strike global offensive\sdk_content\maps\plymouthu\project_new.bsp
reading d:\steam\steamapps\common\counter-strike global offensive\sdk_content\maps\plymouthu\project_new.prt
 312 portalclusters
 761 numportals
0...1...2...3...4...5...6...7...8...9...10Optimized: 165 visible clusters (0.00%)
Total clusters visible: 95683
Average clusters visible: 306
Building PAS...
Average clusters audible: 312
visdatasize:26856  compressed from 24960
writing d:\steam\steamapps\common\counter-strike global offensive\sdk_content\maps\plymouthu\project_new.bsp
MSG_FILEWRITE - Filesystem was asked to write to 'd:\steam\steamapps\common\counter-strike global offensive\sdk_content\maps\plymouthu\project_new.bsp', but we don't own that location. Allowing.
0 seconds elapsed



[Reading texlights from 'lights.rad']
[17 texlights parsed from 'lights.rad']

Loading d:\steam\steamapps\common\counter-strike global offensive\sdk_content\maps\plymouthu\project_new.bsp
816 faces
7199111 square feet [1036672000.00 square inches]
0 Displacements
0 Square Feet [0.00 Square Inches]
816 patches before subdivision
20956 patches after subdivision
2 direct lights
0...1...2...3...4...5...6...7...8...9...100...1...2...3...4...5...6...7...8...9...10transfers 722018, max 261
transfer lists:   5.5 megs
0...1...2...3...4...5...6...7...8...9...10	Bounce #1 added RGB(34452, 19276, 13522)
0...1...2...3...4...5...6...7...8...9...10	Bounce #2 added RGB(8449, 2071, 453)
Build Patch/Sample Hash Table(s).....Done<0.0047 sec>
0...1...2...3...4...5...6...7...8...9...10FinalLightFace Done
0 of 0 (0% of) surface lights went in leaf ambient cubes.
0...1...2...3...4...5...6...7...8...9...10Writing leaf ambient...done
Ready to Finish

Object names       Objects/Maxobjs  Memory / Maxmem  Fullness 
------------       ---------------  ---------------  -------- 
models                   3/1024          144/49152    ( 0.3%) 
brushes                 56/8192          672/98304    ( 0.7%) 
brushsides             342/65536        2736/524288   ( 0.5%) 
planes                 276/65536        5520/1310720  ( 0.4%) 
vertexes               979/65536       11748/786432   ( 1.5%) 
nodes                  902/65536       28864/2097152  ( 1.4%) 
texinfos                43/12288        3096/884736   ( 0.3%) 
texdata                 11/2048          352/65536    ( 0.5%) 
dispinfos                0/0               0/0        ( 0.0%) 
disp_verts               0/0               0/0        ( 0.0%) 
disp_tris                0/0               0/0        ( 0.0%) 
disp_multiblend          0/0               0/0        ( 0.0%) 
disp_lmsamples           0/0               0/0        ( 0.0%) 
faces                  816/65536       45696/3670016  ( 1.2%) 
hdr faces                0/65536           0/3670016  ( 0.0%) 
origfaces              219/65536       12264/3670016  ( 0.3%) 
facebrushes             54/0             108/0        ( 0.0%) 
facebrushlists         816/0            3264/0        ( 0.0%) 
leaves                 906/65536       28992/2097152  ( 1.4%) 
leaffaces              847/65536        1694/131072   ( 1.3%) 
leafbrushes            546/65536        1092/131072   ( 0.8%) 
areas                    2/1024           16/8192     ( 0.2%) 
surfedges             4421/512000      17684/2048000  ( 0.9%) 
edges                 2341/256000       9364/1024000  ( 0.9%) 
LDR worldlights          2/8192          200/819200   ( 0.0%) 
HDR worldlights          0/8192            0/819200   ( 0.0%) 
leafwaterdata            0/32768           0/393216   ( 0.0%) 
waterstrips             31/32768         310/327680   ( 0.1%) 
waterverts               0/65536           0/786432   ( 0.0%) 
waterindices           429/65536         858/131072   ( 0.7%) 
cubemapsamples           0/1024            0/16384    ( 0.0%) 
overlays                 0/1024            0/360448   ( 0.0%) 
LDR lightdata         [variable]      847900/0        ( 0.0%) 
HDR lightdata         [variable]           0/0        ( 0.0%) 
visdata               [variable]       26856/16777216 ( 0.2%) 
entdata               [variable]        1869/393216   ( 0.5%) 
LDR ambient table      906/65536        3624/262144   ( 1.4%) 
HDR ambient table      906/65536        3624/262144   ( 1.4%) 
LDR leaf ambient      2324/65536       65072/1835008  ( 3.5%) 
HDR leaf ambient       906/65536       25368/1835008  ( 1.4%) 
occluders                0/0               0/0        ( 0.0%) 
occluder polygons        0/0               0/0        ( 0.0%) 
occluder vert ind        0/0               0/0        ( 0.0%) 
detail props          [variable]           1/12       ( 8.3%) 
static props          [variable]           1/12       ( 8.3%) 
pakfile               [variable]       74442/0        ( 0.0%) 
physics               [variable]       21154/4194304  ( 0.5%) 
physics terrain       [variable]           2/1048576  ( 0.0%) 

Level flags = 7d

Total triangle count: 1912
Writing d:\steam\steamapps\common\counter-strike global offensive\sdk_content\maps\plymouthu\project_new.bsp
MSG_FILEWRITE - Filesystem was asked to write to 'd:\steam\steamapps\common\counter-strike global offensive\sdk_content\maps\plymouthu\project_new.bsp', but we don't own that location. Allowing.
4 seconds elapsed



materialPath: D:\Steam\steamapps\common\Counter-Strike Global Offensive\csgo\materials
Loading d:\steam\steamapps\common\counter-strike global offensive\sdk_content\maps\plymouthu\project_new.vmf
Map revision 22
fixing up env_cubemap materials on brush sides...
0...1...2...3...4...5...6...7...8...9...100...1...2...3...4...5...6...7...8...9...10Processing areas...done (0)
Building Faces...done (0)
FixTjuncs...
PruneNodes...
WriteBSP...
done (0)
writing d:\steam\steamapps\common\counter-strike global offensive\sdk_content\maps\plymouthu\project_new.prt...Building visibility clusters...
done (0)
Finding displacement neighbors...
Finding lightmap sample positions...
Displacement Alpha : 0...1...2...3...4...5...6...7...8...9...10
Building Physics collision data...
done (1) (22069 bytes)
Placing detail props : 0...1...2...3...4...5...6...7...8...9...10
Compacting texture/material tables...
Reduced 48 texinfos to 45
Reduced 11 texdatas to 11 (257 bytes to 257)
Writing d:\steam\steamapps\common\counter-strike global offensive\sdk_content\maps\plymouthu\project_new.bsp
MSG_FILEWRITE - Filesystem was asked to write to 'd:\steam\steamapps\common\counter-strike global offensive\sdk_content\maps\plymouthu\project_new.bsp', but we don't own that location. Allowing.
1 second elapsed



8 threads
reading d:\steam\steamapps\common\counter-strike global offensive\sdk_content\maps\plymouthu\project_new.bsp
reading d:\steam\steamapps\common\counter-strike global offensive\sdk_content\maps\plymouthu\project_new.prt
 319 portalclusters
 786 numportals
0...1...2...3...4...5...6...7...8...9...10Optimized: 202 visible clusters (0.00%)
Total clusters visible: 99607
Average clusters visible: 312
Building PAS...
Average clusters audible: 319
visdatasize:28085  compressed from 25520
writing d:\steam\steamapps\common\counter-strike global offensive\sdk_content\maps\plymouthu\project_new.bsp
MSG_FILEWRITE - Filesystem was asked to write to 'd:\steam\steamapps\common\counter-strike global offensive\sdk_content\maps\plymouthu\project_new.bsp', but we don't own that location. Allowing.
0 seconds elapsed



[Reading texlights from 'lights.rad']
[17 texlights parsed from 'lights.rad']

Loading d:\steam\steamapps\common\counter-strike global offensive\sdk_content\maps\plymouthu\project_new.bsp
838 faces
7207239 square feet [1037842432.00 square inches]
0 Displacements
0 Square Feet [0.00 Square Inches]
838 patches before subdivision
22148 patches after subdivision
2 direct lights
0...1...2...3...4...5...6...7...8...9...100...1...2...3...4...5...6...7...8...9...10transfers 803877, max 268
transfer lists:   6.1 megs
0...1...2...3...4...5...6...7...8...9...10	Bounce #1 added RGB(37376, 19848, 13175)
0...1...2...3...4...5...6...7...8...9...10	Bounce #2 added RGB(9019, 2324, 611)
Build Patch/Sample Hash Table(s).....Done<0.0053 sec>
0...1...2...3...4...5...6...7...8...9...10FinalLightFace Done
0 of 0 (0% of) surface lights went in leaf ambient cubes.
0...1...2...3...4...5...6...7...8...9...10Writing leaf ambient...done
Ready to Finish

Object names       Objects/Maxobjs  Memory / Maxmem  Fullness 
------------       ---------------  ---------------  -------- 
models                   4/1024          192/49152    ( 0.4%) 
brushes                 58/8192          696/98304    ( 0.7%) 
brushsides             354/65536        2832/524288   ( 0.5%) 
planes                 290/65536        5800/1310720  ( 0.4%) 
vertexes              1007/65536       12084/786432   ( 1.5%) 
nodes                  921/65536       29472/2097152  ( 1.4%) 
texinfos                45/12288        3240/884736   ( 0.4%) 
texdata                 11/2048          352/65536    ( 0.5%) 
dispinfos                0/0               0/0        ( 0.0%) 
disp_verts               0/0               0/0        ( 0.0%) 
disp_tris                0/0               0/0        ( 0.0%) 
disp_multiblend          0/0               0/0        ( 0.0%) 
disp_lmsamples           0/0               0/0        ( 0.0%) 
faces                  838/65536       46928/3670016  ( 1.3%) 
hdr faces                0/65536           0/3670016  ( 0.0%) 
origfaces              232/65536       12992/3670016  ( 0.4%) 
facebrushes             38/0              76/0        ( 0.0%) 
facebrushlists         838/0            3352/0        ( 0.0%) 
leaves                 926/65536       29632/2097152  ( 1.4%) 
leaffaces              882/65536        1764/131072   ( 1.3%) 
leafbrushes            556/65536        1112/131072   ( 0.8%) 
areas                    2/1024           16/8192     ( 0.2%) 
surfedges             4565/512000      18260/2048000  ( 0.9%) 
edges                 2415/256000       9660/1024000  ( 0.9%) 
LDR worldlights          2/8192          200/819200   ( 0.0%) 
HDR worldlights          0/8192            0/819200   ( 0.0%) 
leafwaterdata            0/32768           0/393216   ( 0.0%) 
waterstrips             33/32768         330/327680   ( 0.1%) 
waterverts               0/65536           0/786432   ( 0.0%) 
waterindices           471/65536         942/131072   ( 0.7%) 
cubemapsamples           0/1024            0/16384    ( 0.0%) 
overlays                 0/1024            0/360448   ( 0.0%) 
LDR lightdata         [variable]      881956/0        ( 0.0%) 
HDR lightdata         [variable]           0/0        ( 0.0%) 
visdata               [variable]       28085/16777216 ( 0.2%) 
entdata               [variable]        1951/393216   ( 0.5%) 
LDR ambient table      926/65536        3704/262144   ( 1.4%) 
HDR ambient table      926/65536        3704/262144   ( 1.4%) 
LDR leaf ambient      2370/65536       66360/1835008  ( 3.6%) 
HDR leaf ambient       926/65536       25928/1835008  ( 1.4%) 
occluders                0/0               0/0        ( 0.0%) 
occluder polygons        0/0               0/0        ( 0.0%) 
occluder vert ind        0/0               0/0        ( 0.0%) 
detail props          [variable]           1/12       ( 8.3%) 
static props          [variable]           1/12       ( 8.3%) 
pakfile               [variable]       74442/0        ( 0.0%) 
physics               [variable]       22069/4194304  ( 0.5%) 
physics terrain       [variable]           2/1048576  ( 0.0%) 

Level flags = 7d

Total triangle count: 1960
Writing d:\steam\steamapps\common\counter-strike global offensive\sdk_content\maps\plymouthu\project_new.bsp
MSG_FILEWRITE - Filesystem was asked to write to 'd:\steam\steamapps\common\counter-strike global offensive\sdk_content\maps\plymouthu\project_new.bsp', but we don't own that location. Allowing.
4 seconds elapsed



materialPath: D:\Steam\steamapps\common\Counter-Strike Global Offensive\csgo\materials
Loading d:\steam\steamapps\common\counter-strike global offensive\sdk_content\maps\plymouthu\project_new.vmf
Map revision 25
fixing up env_cubemap materials on brush sides...
0...1...2...3...4...5...6...7...8...9...100...1...2...3...4...5...6...7...8...9...10Processing areas...done (0)
Building Faces...done (0)
FixTjuncs...
PruneNodes...
WriteBSP...
done (0)
writing d:\steam\steamapps\common\counter-strike global offensive\sdk_content\maps\plymouthu\project_new.prt...Building visibility clusters...
done (1)
Finding displacement neighbors...
Finding lightmap sample positions...
Displacement Alpha : 0...1...2...3...4...5...6...7...8...9...10
Building Physics collision data...
done (0) (25949 bytes)
Placing detail props : 0...1...2...3...4...5...6...7...8...9...10
Compacting texture/material tables...
Reduced 56 texinfos to 52
Reduced 11 texdatas to 11 (257 bytes to 257)
Writing d:\steam\steamapps\common\counter-strike global offensive\sdk_content\maps\plymouthu\project_new.bsp
MSG_FILEWRITE - Filesystem was asked to write to 'd:\steam\steamapps\common\counter-strike global offensive\sdk_content\maps\plymouthu\project_new.bsp', but we don't own that location. Allowing.
1 second elapsed



8 threads
reading d:\steam\steamapps\common\counter-strike global offensive\sdk_content\maps\plymouthu\project_new.bsp
reading d:\steam\steamapps\common\counter-strike global offensive\sdk_content\maps\plymouthu\project_new.prt
 348 portalclusters
 883 numportals
0...1...2...3...4...5...6...7...8...9...10Optimized: 559 visible clusters (0.00%)
Total clusters visible: 117303
Average clusters visible: 337
Building PAS...
Average clusters audible: 348
visdatasize:33423  compressed from 33408
writing d:\steam\steamapps\common\counter-strike global offensive\sdk_content\maps\plymouthu\project_new.bsp
MSG_FILEWRITE - Filesystem was asked to write to 'd:\steam\steamapps\common\counter-strike global offensive\sdk_content\maps\plymouthu\project_new.bsp', but we don't own that location. Allowing.
0 seconds elapsed



[Reading texlights from 'lights.rad']
[17 texlights parsed from 'lights.rad']

Loading d:\steam\steamapps\common\counter-strike global offensive\sdk_content\maps\plymouthu\project_new.bsp
943 faces
7266261 square feet [1046341568.00 square inches]
0 Displacements
0 Square Feet [0.00 Square Inches]
943 patches before subdivision
28951 patches after subdivision
2 direct lights
0...1...2...3...4...5...6...7...8...9...100...1...2...3...4...5...6...7...8...9...10transfers 1094550, max 268
transfer lists:   8.4 megs
0...1...2...3...4...5...6...7...8...9...10	Bounce #1 added RGB(45901, 27098, 19964)
0...1...2...3...4...5...6...7...8...9...10	Bounce #2 added RGB(11450, 3797, 1789)
Build Patch/Sample Hash Table(s).....Done<0.0073 sec>
0...1...2...3...4...5...6...7...8...9...10FinalLightFace Done
0 of 0 (0% of) surface lights went in leaf ambient cubes.
0...1...2...3...4...5...6...7...8...9...10Writing leaf ambient...done
Ready to Finish

Object names       Objects/Maxobjs  Memory / Maxmem  Fullness 
------------       ---------------  ---------------  -------- 
models                   4/1024          192/49152    ( 0.4%) 
brushes                 69/8192          828/98304    ( 0.8%) 
brushsides             421/65536        3368/524288   ( 0.6%) 
planes                 314/65536        6280/1310720  ( 0.5%) 
vertexes              1151/65536       13812/786432   ( 1.8%) 
nodes                  977/65536       31264/2097152  ( 1.5%) 
texinfos                52/12288        3744/884736   ( 0.4%) 
texdata                 11/2048          352/65536    ( 0.5%) 
dispinfos                0/0               0/0        ( 0.0%) 
disp_verts               0/0               0/0        ( 0.0%) 
disp_tris                0/0               0/0        ( 0.0%) 
disp_multiblend          0/0               0/0        ( 0.0%) 
disp_lmsamples           0/0               0/0        ( 0.0%) 
faces                  943/65536       52808/3670016  ( 1.4%) 
hdr faces                0/65536           0/3670016  ( 0.0%) 
origfaces              273/65536       15288/3670016  ( 0.4%) 
facebrushes             47/0              94/0        ( 0.0%) 
facebrushlists         943/0            3772/0        ( 0.0%) 
leaves                 982/65536       31424/2097152  ( 1.5%) 
leaffaces              990/65536        1980/131072   ( 1.5%) 
leafbrushes            589/65536        1178/131072   ( 0.9%) 
areas                    2/1024           16/8192     ( 0.2%) 
surfedges             5221/512000      20884/2048000  ( 1.0%) 
edges                 2776/256000      11104/1024000  ( 1.1%) 
LDR worldlights          2/8192          200/819200   ( 0.0%) 
HDR worldlights          0/8192            0/819200   ( 0.0%) 
leafwaterdata            0/32768           0/393216   ( 0.0%) 
waterstrips             46/32768         460/327680   ( 0.1%) 
waterverts               0/65536           0/786432   ( 0.0%) 
waterindices           657/65536        1314/131072   ( 1.0%) 
cubemapsamples           0/1024            0/16384    ( 0.0%) 
overlays                 0/1024            0/360448   ( 0.0%) 
LDR lightdata         [variable]     1147868/0        ( 0.0%) 
HDR lightdata         [variable]           0/0        ( 0.0%) 
visdata               [variable]       33423/16777216 ( 0.2%) 
entdata               [variable]        1944/393216   ( 0.5%) 
LDR ambient table      982/65536        3928/262144   ( 1.5%) 
HDR ambient table      982/65536        3928/262144   ( 1.5%) 
LDR leaf ambient      2906/65536       81368/1835008  ( 4.4%) 
HDR leaf ambient       982/65536       27496/1835008  ( 1.5%) 
occluders                0/0               0/0        ( 0.0%) 
occluder polygons        0/0               0/0        ( 0.0%) 
occluder vert ind        0/0               0/0        ( 0.0%) 
detail props          [variable]           1/12       ( 8.3%) 
static props          [variable]           1/12       ( 8.3%) 
pakfile               [variable]       74442/0        ( 0.0%) 
physics               [variable]       25949/4194304  ( 0.6%) 
physics terrain       [variable]           2/1048576  ( 0.0%) 

Level flags = 7d

Total triangle count: 2242
Writing d:\steam\steamapps\common\counter-strike global offensive\sdk_content\maps\plymouthu\project_new.bsp
MSG_FILEWRITE - Filesystem was asked to write to 'd:\steam\steamapps\common\counter-strike global offensive\sdk_content\maps\plymouthu\project_new.bsp', but we don't own that location. Allowing.
4 seconds elapsed



materialPath: D:\Steam\steamapps\common\Counter-Strike Global Offensive\csgo\materials
Loading d:\steam\steamapps\common\counter-strike global offensive\sdk_content\maps\plymouthu\project_new.vmf
Map revision 26
fixing up env_cubemap materials on brush sides...
0...1...2...3...4...5...6...7...8...9...100...1...2...3...4...5...6...7...8...9...10Processing areas...done (0)
Building Faces...done (0)
FixTjuncs...
PruneNodes...
WriteBSP...
done (0)
writing d:\steam\steamapps\common\counter-strike global offensive\sdk_content\maps\plymouthu\project_new.prt...Building visibility clusters...
done (0)
Finding displacement neighbors...
Finding lightmap sample positions...
Displacement Alpha : 0...1...2...3...4...5...6...7...8...9...10
Building Physics collision data...
done (1) (24509 bytes)
Placing detail props : 0...1...2...3...4...5...6...7...8...9...10
Compacting texture/material tables...
Reduced 57 texinfos to 53
Reduced 11 texdatas to 11 (257 bytes to 257)
Writing d:\steam\steamapps\common\counter-strike global offensive\sdk_content\maps\plymouthu\project_new.bsp
MSG_FILEWRITE - Filesystem was asked to write to 'd:\steam\steamapps\common\counter-strike global offensive\sdk_content\maps\plymouthu\project_new.bsp', but we don't own that location. Allowing.
1 second elapsed



8 threads
reading d:\steam\steamapps\common\counter-strike global offensive\sdk_content\maps\plymouthu\project_new.bsp
reading d:\steam\steamapps\common\counter-strike global offensive\sdk_content\maps\plymouthu\project_new.prt
 339 portalclusters
 846 numportals
0...1...2...3...4...5...6...7...8...9...10Optimized: 508 visible clusters (0.00%)
Total clusters visible: 111613
Average clusters visible: 329
Building PAS...
Average clusters audible: 339
visdatasize:31893  compressed from 32544
writing d:\steam\steamapps\common\counter-strike global offensive\sdk_content\maps\plymouthu\project_new.bsp
MSG_FILEWRITE - Filesystem was asked to write to 'd:\steam\steamapps\common\counter-strike global offensive\sdk_content\maps\plymouthu\project_new.bsp', but we don't own that location. Allowing.
0 seconds elapsed



[Reading texlights from 'lights.rad']
[17 texlights parsed from 'lights.rad']

Loading d:\steam\steamapps\common\counter-strike global offensive\sdk_content\maps\plymouthu\project_new.bsp
927 faces
7258354 square feet [1045202944.00 square inches]
0 Displacements
0 Square Feet [0.00 Square Inches]
927 patches before subdivision
27899 patches after subdivision
2 direct lights
0...1...2...3...4...5...6...7...8...9...100...1...2...3...4...5...6...7...8...9...10transfers 1059931, max 268
transfer lists:   8.1 megs
0...1...2...3...4...5...6...7...8...9...10	Bounce #1 added RGB(44423, 26307, 19436)
0...1...2...3...4...5...6...7...8...9...10	Bounce #2 added RGB(10929, 3717, 1816)
Build Patch/Sample Hash Table(s).....Done<0.0061 sec>
0...1...2...3...4...5...6...7...8...9...10FinalLightFace Done
0 of 0 (0% of) surface lights went in leaf ambient cubes.
0...1...2...3...4...5...6...7...8...9...10Writing leaf ambient...done
Ready to Finish

Object names       Objects/Maxobjs  Memory / Maxmem  Fullness 
------------       ---------------  ---------------  -------- 
models                   4/1024          192/49152    ( 0.4%) 
brushes                 65/8192          780/98304    ( 0.8%) 
brushsides             397/65536        3176/524288   ( 0.6%) 
planes                 298/65536        5960/1310720  ( 0.5%) 
vertexes              1118/65536       13416/786432   ( 1.7%) 
nodes                  965/65536       30880/2097152  ( 1.5%) 
texinfos                53/12288        3816/884736   ( 0.4%) 
texdata                 11/2048          352/65536    ( 0.5%) 
dispinfos                0/0               0/0        ( 0.0%) 
disp_verts               0/0               0/0        ( 0.0%) 
disp_tris                0/0               0/0        ( 0.0%) 
disp_multiblend          0/0               0/0        ( 0.0%) 
disp_lmsamples           0/0               0/0        ( 0.0%) 
faces                  927/65536       51912/3670016  ( 1.4%) 
hdr faces                0/65536           0/3670016  ( 0.0%) 
origfaces              257/65536       14392/3670016  ( 0.4%) 
facebrushes             38/0              76/0        ( 0.0%) 
facebrushlists         927/0            3708/0        ( 0.0%) 
leaves                 970/65536       31040/2097152  ( 1.5%) 
leaffaces              970/65536        1940/131072   ( 1.5%) 
leafbrushes            582/65536        1164/131072   ( 0.9%) 
areas                    2/1024           16/8192     ( 0.2%) 
surfedges             5065/512000      20260/2048000  ( 1.0%) 
edges                 2684/256000      10736/1024000  ( 1.0%) 
LDR worldlights          2/8192          200/819200   ( 0.0%) 
HDR worldlights          0/8192            0/819200   ( 0.0%) 
leafwaterdata            0/32768           0/393216   ( 0.0%) 
waterstrips             42/32768         420/327680   ( 0.1%) 
waterverts               0/65536           0/786432   ( 0.0%) 
waterindices           594/65536        1188/131072   ( 0.9%) 
cubemapsamples           0/1024            0/16384    ( 0.0%) 
overlays                 0/1024            0/360448   ( 0.0%) 
LDR lightdata         [variable]     1107540/0        ( 0.0%) 
HDR lightdata         [variable]           0/0        ( 0.0%) 
visdata               [variable]       31893/16777216 ( 0.2%) 
entdata               [variable]        1949/393216   ( 0.5%) 
LDR ambient table      970/65536        3880/262144   ( 1.5%) 
HDR ambient table      970/65536        3880/262144   ( 1.5%) 
LDR leaf ambient      2789/65536       78092/1835008  ( 4.3%) 
HDR leaf ambient       970/65536       27160/1835008  ( 1.5%) 
occluders                0/0               0/0        ( 0.0%) 
occluder polygons        0/0               0/0        ( 0.0%) 
occluder vert ind        0/0               0/0        ( 0.0%) 
detail props          [variable]           1/12       ( 8.3%) 
static props          [variable]           1/12       ( 8.3%) 
pakfile               [variable]       74442/0        ( 0.0%) 
physics               [variable]       24509/4194304  ( 0.6%) 
physics terrain       [variable]           2/1048576  ( 0.0%) 

Level flags = 7d

Total triangle count: 2182
Writing d:\steam\steamapps\common\counter-strike global offensive\sdk_content\maps\plymouthu\project_new.bsp
MSG_FILEWRITE - Filesystem was asked to write to 'd:\steam\steamapps\common\counter-strike global offensive\sdk_content\maps\plymouthu\project_new.bsp', but we don't own that location. Allowing.
4 seconds elapsed



materialPath: D:\Steam\steamapps\common\Counter-Strike Global Offensive\csgo\materials
Loading d:\steam\steamapps\common\counter-strike global offensive\sdk_content\maps\plymouthu\project_new.vmf
Map revision 27
fixing up env_cubemap materials on brush sides...
0...1...2...3...4...5...6...7...8...9...100...1...2...3...4...5...6...7...8...9...10Processing areas...done (0)
Building Faces...done (0)
FixTjuncs...
PruneNodes...
WriteBSP...
done (0)
writing d:\steam\steamapps\common\counter-strike global offensive\sdk_content\maps\plymouthu\project_new.prt...Building visibility clusters...
done (0)
Finding displacement neighbors...
Finding lightmap sample positions...
Displacement Alpha : 0...1...2...3...4...5...6...7...8...9...10
Building Physics collision data...
done (0) (24309 bytes)
Placing detail props : 0...1...2...3...4...5...6...7...8...9...10
Compacting texture/material tables...
Reduced 63 texinfos to 60
Reduced 11 texdatas to 11 (257 bytes to 257)
Writing d:\steam\steamapps\common\counter-strike global offensive\sdk_content\maps\plymouthu\project_new.bsp
MSG_FILEWRITE - Filesystem was asked to write to 'd:\steam\steamapps\common\counter-strike global offensive\sdk_content\maps\plymouthu\project_new.bsp', but we don't own that location. Allowing.
1 second elapsed



8 threads
reading d:\steam\steamapps\common\counter-strike global offensive\sdk_content\maps\plymouthu\project_new.bsp
reading d:\steam\steamapps\common\counter-strike global offensive\sdk_content\maps\plymouthu\project_new.prt
 341 portalclusters
 855 numportals
0...1...2...3...4...5...6...7...8...9...10Optimized: 582 visible clusters (0.00%)
Total clusters visible: 112917
Average clusters visible: 331
Building PAS...
Average clusters audible: 341
visdatasize:32141  compressed from 32736
writing d:\steam\steamapps\common\counter-strike global offensive\sdk_content\maps\plymouthu\project_new.bsp
MSG_FILEWRITE - Filesystem was asked to write to 'd:\steam\steamapps\common\counter-strike global offensive\sdk_content\maps\plymouthu\project_new.bsp', but we don't own that location. Allowing.
0 seconds elapsed



[Reading texlights from 'lights.rad']
[17 texlights parsed from 'lights.rad']

Loading d:\steam\steamapps\common\counter-strike global offensive\sdk_content\maps\plymouthu\project_new.bsp
947 faces
7245314 square feet [1043325248.00 square inches]
0 Displacements
0 Square Feet [0.00 Square Inches]
947 patches before subdivision
23427 patches after subdivision
2 direct lights
0...1...2...3...4...5...6...7...8...9...100...1...2...3...4...5...6...7...8...9...10transfers 874298, max 269
transfer lists:   6.7 megs
0...1...2...3...4...5...6...7...8...9...10	Bounce #1 added RGB(37025, 20349, 13977)
0...1...2...3...4...5...6...7...8...9...10	Bounce #2 added RGB(8682, 2776, 1277)
Build Patch/Sample Hash Table(s).....Done<0.0058 sec>
0...1...2...3...4...5...6...7...8...9...10FinalLightFace Done
0 of 0 (0% of) surface lights went in leaf ambient cubes.
0...1...2...3...4...5...6...7...8...9...10Writing leaf ambient...done
Ready to Finish

Object names       Objects/Maxobjs  Memory / Maxmem  Fullness 
------------       ---------------  ---------------  -------- 
models                   4/1024          192/49152    ( 0.4%) 
brushes                 64/8192          768/98304    ( 0.8%) 
brushsides             391/65536        3128/524288   ( 0.6%) 
planes                 308/65536        6160/1310720  ( 0.5%) 
vertexes              1157/65536       13884/786432   ( 1.8%) 
nodes                  969/65536       31008/2097152  ( 1.5%) 
texinfos                60/12288        4320/884736   ( 0.5%) 
texdata                 11/2048          352/65536    ( 0.5%) 
dispinfos                0/0               0/0        ( 0.0%) 
disp_verts               0/0               0/0        ( 0.0%) 
disp_tris                0/0               0/0        ( 0.0%) 
disp_multiblend          0/0               0/0        ( 0.0%) 
disp_lmsamples           0/0               0/0        ( 0.0%) 
faces                  947/65536       53032/3670016  ( 1.4%) 
hdr faces                0/65536           0/3670016  ( 0.0%) 
origfaces              256/65536       14336/3670016  ( 0.4%) 
facebrushes             20/0              40/0        ( 0.0%) 
facebrushlists         947/0            3788/0        ( 0.0%) 
leaves                 974/65536       31168/2097152  ( 1.5%) 
leaffaces              981/65536        1962/131072   ( 1.5%) 
leafbrushes            580/65536        1160/131072   ( 0.9%) 
areas                    2/1024           16/8192     ( 0.2%) 
surfedges             5151/512000      20604/2048000  ( 1.0%) 
edges                 2720/256000      10880/1024000  ( 1.1%) 
LDR worldlights          2/8192          200/819200   ( 0.0%) 
HDR worldlights          0/8192            0/819200   ( 0.0%) 
leafwaterdata            0/32768           0/393216   ( 0.0%) 
waterstrips             47/32768         470/327680   ( 0.1%) 
waterverts               0/65536           0/786432   ( 0.0%) 
waterindices           663/65536        1326/131072   ( 1.0%) 
cubemapsamples           0/1024            0/16384    ( 0.0%) 
overlays                 0/1024            0/360448   ( 0.0%) 
LDR lightdata         [variable]     1025408/0        ( 0.0%) 
HDR lightdata         [variable]           0/0        ( 0.0%) 
visdata               [variable]       32141/16777216 ( 0.2%) 
entdata               [variable]        1942/393216   ( 0.5%) 
LDR ambient table      974/65536        3896/262144   ( 1.5%) 
HDR ambient table      974/65536        3896/262144   ( 1.5%) 
LDR leaf ambient      2615/65536       73220/1835008  ( 4.0%) 
HDR leaf ambient       974/65536       27272/1835008  ( 1.5%) 
occluders                0/0               0/0        ( 0.0%) 
occluder polygons        0/0               0/0        ( 0.0%) 
occluder vert ind        0/0               0/0        ( 0.0%) 
detail props          [variable]           1/12       ( 8.3%) 
static props          [variable]           1/12       ( 8.3%) 
pakfile               [variable]       74442/0        ( 0.0%) 
physics               [variable]       24309/4194304  ( 0.6%) 
physics terrain       [variable]           2/1048576  ( 0.0%) 

Level flags = 7d

Total triangle count: 2232
Writing d:\steam\steamapps\common\counter-strike global offensive\sdk_content\maps\plymouthu\project_new.bsp
MSG_FILEWRITE - Filesystem was asked to write to 'd:\steam\steamapps\common\counter-strike global offensive\sdk_content\maps\plymouthu\project_new.bsp', but we don't own that location. Allowing.
4 seconds elapsed
