PRT1
343
940
4 0 12 (4080 3072 240 ) (3072 3072 240 ) (3072 3072 -112 ) (4080 3072 -112 ) 
4 0 8 (3072 3072 -112 ) (3072 3072 0 ) (3072 3880 0 ) (3072 3880 -112 ) 
4 0 7 (3072 3880 0 ) (3072 4080 0 ) (3072 4080 -112 ) (3072 3880 -112 ) 
4 0 3 (3072 3072 0 ) (3072 3072 128 ) (3072 3880 128 ) (3072 3880 0 ) 
4 0 2 (3072 3880 128 ) (3072 4080 128 ) (3072 4080 0 ) (3072 3880 0 ) 
4 0 1 (3072 3072 128 ) (3072 3072 240 ) (3072 4080 240 ) (3072 4080 128 ) 
4 1 87 (2048 3072 128 ) (2048 3072 240 ) (2048 4080 240 ) (2048 4080 128 ) 
4 1 13 (2048 3072 240 ) (2048 3072 128 ) (3072 3072 128 ) (3072 3072 240 ) 
4 1 6 (2696 3072 128 ) (2048 3072 128 ) (2048 3544 128 ) (2696 3544 128 ) 
4 1 5 (2928 3072 128 ) (2712 3072 128 ) (2712 3560 128 ) (2928 3560 128 ) 
4 1 4 (2048 3560 128 ) (2048 3864 128 ) (2928 3864 128 ) (2928 3560 128 ) 
4 1 3 (3072 3072 128 ) (2944 3072 128 ) (2944 3880 128 ) (3072 3880 128 ) 
4 1 2 (2048 3880 128 ) (2048 4080 128 ) (3072 4080 128 ) (3072 3880 128 ) 
4 2 90 (2048 3880 128 ) (2048 3936 128 ) (2048 3936 0 ) (2048 3880 0 ) 
4 2 89 (2048 3936 128 ) (2048 3952 128 ) (2048 3952 0 ) (2048 3936 0 ) 
4 2 88 (2048 3952 128 ) (2048 4080 128 ) (2048 4080 0 ) (2048 3952 0 ) 
4 2 7 (3072 4080 0 ) (3072 3880 0 ) (2048 3880 0 ) (2048 4080 0 ) 
4 2 3 (2944 3880 0 ) (3072 3880 0 ) (3072 3880 128 ) (2944 3880 128 ) 
4 3 14 (2944 3072 0 ) (3072 3072 0 ) (3072 3072 128 ) (2944 3072 128 ) 
4 3 8 (3072 3880 0 ) (3072 3072 0 ) (2944 3072 0 ) (2944 3880 0 ) 
4 4 92 (2048 3560 128 ) (2048 3864 128 ) (2048 3864 0 ) (2048 3560 0 ) 
4 4 5 (2712 3560 0 ) (2928 3560 0 ) (2928 3560 128 ) (2712 3560 128 ) 
4 5 15 (2712 3072 0 ) (2928 3072 0 ) (2928 3072 128 ) (2712 3072 128 ) 
4 6 93 (2048 3072 0 ) (2048 3072 128 ) (2048 3544 128 ) (2048 3544 0 ) 
4 6 19 (2048 3072 128 ) (2048 3072 0 ) (2696 3072 0 ) (2696 3072 128 ) 
4 6 11 (2696 3072 0 ) (2048 3072 0 ) (2048 3544 0 ) (2696 3544 0 ) 
4 7 97 (2048 3880 0 ) (2048 4080 0 ) (2048 4080 -112 ) (2048 3880 -112 ) 
4 7 10 (2048 3880 -112 ) (2696 3880 -112 ) (2696 3880 -16 ) (2048 3880 -16 ) 
4 7 9 (2696 3880 -112 ) (2944 3880 -112 ) (2944 3880 -16 ) (2696 3880 -16 ) 
4 7 8 (2944 3880 -112 ) (3072 3880 -112 ) (3072 3880 0 ) (2944 3880 0 ) 
4 8 25 (2944 3072 -112 ) (3072 3072 -112 ) (3072 3072 -16 ) (2944 3072 -16 ) 
4 8 22 (3072 3072 -16 ) (3072 3072 0 ) (2944 3072 0 ) (2944 3072 -16 ) 
4 8 9 (2944 3880 -16 ) (2944 3880 -112 ) (2944 3072 -112 ) (2944 3072 -16 ) 
4 9 25 (2696 3072 -112 ) (2944 3072 -112 ) (2944 3072 -16 ) (2696 3072 -16 ) 
4 9 10 (2696 3880 -16 ) (2696 3880 -112 ) (2696 3560 -112 ) (2696 3560 -16 ) 
4 9 11 (2696 3560 -112 ) (2696 3072 -112 ) (2696 3072 -16 ) (2696 3560 -16 ) 
4 10 98 (2048 3880 -16 ) (2048 3880 -112 ) (2048 3560 -112 ) (2048 3560 -16 ) 
4 10 11 (2048 3560 -112 ) (2696 3560 -112 ) (2696 3560 -16 ) (2048 3560 -16 ) 
4 11 99 (2048 3072 -112 ) (2048 3072 0 ) (2048 3560 0 ) (2048 3560 -112 ) 
4 11 25 (2048 3072 -16 ) (2048 3072 -112 ) (2696 3072 -112 ) (2696 3072 -16 ) 
4 11 23 (2048 3072 0 ) (2048 3072 -16 ) (2696 3072 -16 ) (2696 3072 0 ) 
4 12 41 (3072 2048 -16 ) (3072 2048 -112 ) (4080 2048 -112 ) (4080 2048 -16 ) 
4 12 40 (3072 2048 0 ) (3072 2048 -16 ) (3136 2048 -16 ) (3136 2048 0 ) 
4 12 38 (3136 2048 -16 ) (3264 2048 -16 ) (3264 2048 0 ) (3136 2048 0 ) 
4 12 37 (3264 2048 -16 ) (3584 2048 -16 ) (3584 2048 0 ) (3264 2048 0 ) 
4 12 36 (3584 2048 -16 ) (4080 2048 -16 ) (4080 2048 0 ) (3584 2048 0 ) 
4 12 34 (3072 2048 128 ) (3072 2048 0 ) (3120 2048 0 ) (3120 2048 128 ) 
4 12 30 (3120 2048 0 ) (3136 2048 0 ) (3136 2048 128 ) (3120 2048 128 ) 
4 12 29 (3136 2048 0 ) (3568 2048 0 ) (3568 2048 128 ) (3136 2048 128 ) 
4 12 28 (3568 2048 0 ) (3584 2048 0 ) (3584 2048 128 ) (3568 2048 128 ) 
4 12 27 (3584 2048 0 ) (4080 2048 0 ) (4080 2048 128 ) (3584 2048 128 ) 
4 12 26 (4080 2048 240 ) (3072 2048 240 ) (3072 2048 128 ) (4080 2048 128 ) 
4 12 25 (3072 3072 -16 ) (3072 3072 -112 ) (3072 2048 -112 ) (3072 2048 -16 ) 
4 12 22 (3072 3072 0 ) (3072 3072 -16 ) (3072 2048 -16 ) (3072 2048 0 ) 
4 12 17 (3072 2064 0 ) (3072 2048 0 ) (3072 2048 128 ) (3072 2064 128 ) 
4 12 14 (3072 3072 128 ) (3072 3072 0 ) (3072 2064 0 ) (3072 2064 128 ) 
4 12 13 (3072 3072 240 ) (3072 3072 128 ) (3072 2048 128 ) (3072 2048 240 ) 
4 13 121 (2048 2048 128 ) (2048 2048 240 ) (2048 3072 240 ) (2048 3072 128 ) 
4 13 42 (3072 2048 128 ) (3072 2048 240 ) (2048 2048 240 ) (2048 2048 128 ) 
4 13 21 (2696 2048 128 ) (2048 2048 128 ) (2048 2496 128 ) (2696 2496 128 ) 
4 13 19 (2048 2656 128 ) (2048 3072 128 ) (2696 3072 128 ) (2696 2656 128 ) 
4 13 20 (2048 2512 128 ) (2048 2640 128 ) (2696 2640 128 ) (2696 2512 128 ) 
4 13 18 (2864 2048 128 ) (2712 2048 128 ) (2712 2064 128 ) (2864 2064 128 ) 
4 13 17 (3072 2048 128 ) (2944 2048 128 ) (2944 2064 128 ) (3072 2064 128 ) 
4 13 16 (2696 2512 128 ) (2696 2640 128 ) (2712 2640 128 ) (2712 2512 128 ) 
4 13 14 (2944 3072 128 ) (3072 3072 128 ) (3072 2064 128 ) (2944 2064 128 ) 
4 13 15 (2712 3072 128 ) (2928 3072 128 ) (2928 2064 128 ) (2712 2064 128 ) 
4 14 22 (2944 3072 0 ) (3072 3072 0 ) (3072 2064 0 ) (2944 2064 0 ) 
4 14 17 (2944 2064 0 ) (3072 2064 0 ) (3072 2064 128 ) (2944 2064 128 ) 
4 15 18 (2712 2064 0 ) (2864 2064 0 ) (2864 2064 128 ) (2712 2064 128 ) 
4 15 16 (2712 2640 0 ) (2712 2512 0 ) (2712 2512 128 ) (2712 2640 128 ) 
4 16 20 (2696 2640 0 ) (2696 2512 0 ) (2696 2512 128 ) (2696 2640 128 ) 
4 17 43 (3072 2048 0 ) (3072 2048 128 ) (2944 2048 128 ) (2944 2048 0 ) 
4 17 22 (3072 2064 0 ) (3072 2048 0 ) (2944 2048 0 ) (2944 2064 0 ) 
4 18 44 (2864 2048 128 ) (2712 2048 128 ) (2712 2048 0 ) (2864 2048 0 ) 
4 19 122 (2048 2656 128 ) (2048 3072 128 ) (2048 3072 0 ) (2048 2656 0 ) 
4 19 23 (2048 2656 0 ) (2048 3072 0 ) (2696 3072 0 ) (2696 2656 0 ) 
4 20 123 (2048 2512 128 ) (2048 2640 128 ) (2048 2640 0 ) (2048 2512 0 ) 
4 21 125 (2048 2048 0 ) (2048 2048 128 ) (2048 2496 128 ) (2048 2496 0 ) 
4 21 24 (2048 2048 0 ) (2048 2496 0 ) (2696 2496 0 ) (2696 2048 0 ) 
4 22 51 (3072 2048 -16 ) (3072 2048 0 ) (2944 2048 0 ) (2944 2048 -16 ) 
4 22 25 (3072 2048 -16 ) (2944 2048 -16 ) (2944 3072 -16 ) (3072 3072 -16 ) 
4 23 136 (2048 2656 0 ) (2048 3072 0 ) (2048 3072 -16 ) (2048 2656 -16 ) 
4 23 25 (2048 2656 -16 ) (2048 3072 -16 ) (2696 3072 -16 ) (2696 2656 -16 ) 
4 24 137 (2048 2048 -16 ) (2048 2048 0 ) (2048 2496 0 ) (2048 2496 -16 ) 
4 24 25 (2696 2048 -16 ) (2048 2048 -16 ) (2048 2496 -16 ) (2696 2496 -16 ) 
4 25 140 (2048 2048 -112 ) (2048 2048 -16 ) (2048 3072 -16 ) (2048 3072 -112 ) 
4 25 52 (3072 2048 -112 ) (3072 2048 -16 ) (2048 2048 -16 ) (2048 2048 -112 ) 
4 26 53 (4080 1024 240 ) (3072 1024 240 ) (3072 1024 128 ) (4080 1024 128 ) 
4 26 42 (3072 1024 128 ) (3072 1024 240 ) (3072 2048 240 ) (3072 2048 128 ) 
4 26 34 (3072 1600 128 ) (3072 2048 128 ) (3120 2048 128 ) (3120 1600 128 ) 
4 26 35 (3072 1024 128 ) (3072 1584 128 ) (3120 1584 128 ) (3120 1024 128 ) 
4 26 32 (3568 1176 128 ) (3568 1024 128 ) (3264 1024 128 ) (3264 1176 128 ) 
4 26 33 (3136 1024 128 ) (3120 1024 128 ) (3120 1176 128 ) (3136 1176 128 ) 
4 26 31 (3568 1264 128 ) (3568 1176 128 ) (3120 1176 128 ) (3120 1264 128 ) 
4 26 30 (3120 2048 128 ) (3136 2048 128 ) (3136 1600 128 ) (3120 1600 128 ) 
4 26 29 (3136 2048 128 ) (3568 2048 128 ) (3568 1280 128 ) (3136 1280 128 ) 
4 26 28 (3568 2048 128 ) (3584 2048 128 ) (3584 1280 128 ) (3568 1280 128 ) 
4 26 27 (3584 2048 128 ) (4080 2048 128 ) (4080 1024 128 ) (3584 1024 128 ) 
4 27 54 (4080 1024 128 ) (3584 1024 128 ) (3584 1024 0 ) (4080 1024 0 ) 
4 27 36 (4080 1024 0 ) (3584 1024 0 ) (3584 2048 0 ) (4080 2048 0 ) 
4 27 28 (3584 2048 0 ) (3584 1280 0 ) (3584 1280 128 ) (3584 2048 128 ) 
4 28 37 (3568 1280 0 ) (3568 2048 0 ) (3584 2048 0 ) (3584 1280 0 ) 
4 28 29 (3568 2048 0 ) (3568 1280 0 ) (3568 1280 128 ) (3568 2048 128 ) 
4 29 38 (3136 2048 0 ) (3264 2048 0 ) (3264 1280 0 ) (3136 1280 0 ) 
4 29 37 (3264 2048 0 ) (3568 2048 0 ) (3568 1280 0 ) (3264 1280 0 ) 
4 29 30 (3136 2048 0 ) (3136 1600 0 ) (3136 1600 128 ) (3136 2048 128 ) 
4 30 40 (3120 1600 0 ) (3120 2048 0 ) (3136 2048 0 ) (3136 1600 0 ) 
4 30 34 (3120 2048 0 ) (3120 1600 0 ) (3120 1600 128 ) (3120 2048 128 ) 
4 31 35 (3120 1264 0 ) (3120 1176 0 ) (3120 1176 128 ) (3120 1264 128 ) 
4 31 32 (3264 1176 0 ) (3568 1176 0 ) (3568 1176 128 ) (3264 1176 128 ) 
4 31 33 (3120 1176 128 ) (3120 1176 0 ) (3136 1176 0 ) (3136 1176 128 ) 
4 32 55 (3568 1024 128 ) (3264 1024 128 ) (3264 1024 0 ) (3568 1024 0 ) 
4 33 56 (3136 1024 128 ) (3120 1024 128 ) (3120 1024 0 ) (3136 1024 0 ) 
4 33 35 (3120 1176 0 ) (3120 1024 0 ) (3120 1024 128 ) (3120 1176 128 ) 
4 34 43 (3072 1600 128 ) (3072 2048 128 ) (3072 2048 0 ) (3072 1600 0 ) 
4 34 40 (3072 1600 0 ) (3072 2048 0 ) (3120 2048 0 ) (3120 1600 0 ) 
4 35 56 (3120 1024 128 ) (3072 1024 128 ) (3072 1024 0 ) (3120 1024 0 ) 
4 35 47 (3072 1024 0 ) (3072 1024 128 ) (3072 1584 128 ) (3072 1584 0 ) 
4 36 59 (4080 1024 0 ) (3584 1024 0 ) (3584 1024 -16 ) (4080 1024 -16 ) 
4 36 41 (3584 2048 -16 ) (4080 2048 -16 ) (4080 1024 -16 ) (3584 1024 -16 ) 
4 36 37 (3584 2048 -16 ) (3584 1280 -16 ) (3584 1280 0 ) (3584 2048 0 ) 
4 37 41 (3264 2048 -16 ) (3584 2048 -16 ) (3584 1280 -16 ) (3264 1280 -16 ) 
4 37 38 (3264 2048 -16 ) (3264 1280 -16 ) (3264 1280 0 ) (3264 2048 0 ) 
4 38 41 (3136 2048 -16 ) (3264 2048 -16 ) (3264 1280 -16 ) (3136 1280 -16 ) 
4 38 40 (3136 2048 -16 ) (3136 1600 -16 ) (3136 1600 0 ) (3136 2048 0 ) 
4 39 60 (3264 1024 0 ) (3136 1024 0 ) (3136 1024 -16 ) (3264 1024 -16 ) 
4 39 41 (3264 1176 -16 ) (3264 1024 -16 ) (3136 1024 -16 ) (3136 1176 -16 ) 
4 40 51 (3072 1600 0 ) (3072 2048 0 ) (3072 2048 -16 ) (3072 1600 -16 ) 
4 40 41 (3072 1600 -16 ) (3072 2048 -16 ) (3136 2048 -16 ) (3136 1600 -16 ) 
4 41 63 (4080 1024 -16 ) (3072 1024 -16 ) (3072 1024 -112 ) (4080 1024 -112 ) 
4 41 52 (3072 1024 -112 ) (3072 1024 -16 ) (3072 2048 -16 ) (3072 2048 -112 ) 
4 42 208 (2048 1024 128 ) (2048 1024 240 ) (2048 2048 240 ) (2048 2048 128 ) 
4 42 64 (2048 1024 240 ) (2048 1024 128 ) (3072 1024 128 ) (3072 1024 240 ) 
4 42 50 (2048 1032 128 ) (2048 1600 128 ) (2688 1600 128 ) (2688 1032 128 ) 
4 42 49 (2688 1032 128 ) (2688 1600 128 ) (2704 1600 128 ) (2704 1032 128 ) 
4 42 47 (3072 1024 128 ) (2864 1024 128 ) (2864 1584 128 ) (3072 1584 128 ) 
4 42 48 (2864 1024 128 ) (2704 1024 128 ) (2704 1600 128 ) (2864 1600 128 ) 
4 42 46 (2048 1600 128 ) (2048 2032 128 ) (2696 2032 128 ) (2696 1600 128 ) 
4 42 45 (2712 2032 128 ) (2712 1600 128 ) (2696 1600 128 ) (2696 2032 128 ) 
4 42 44 (2712 2048 128 ) (2864 2048 128 ) (2864 1600 128 ) (2712 1600 128 ) 
4 42 43 (2880 2048 128 ) (3072 2048 128 ) (3072 1600 128 ) (2880 1600 128 ) 
4 43 51 (2880 2048 0 ) (3072 2048 0 ) (3072 1600 0 ) (2880 1600 0 ) 
4 44 48 (2712 1600 0 ) (2864 1600 0 ) (2864 1600 128 ) (2712 1600 128 ) 
4 44 45 (2712 2032 0 ) (2712 1600 0 ) (2712 1600 128 ) (2712 2032 128 ) 
4 45 49 (2696 1600 0 ) (2704 1600 0 ) (2704 1600 128 ) (2696 1600 128 ) 
4 45 48 (2704 1600 0 ) (2712 1600 0 ) (2712 1600 128 ) (2704 1600 128 ) 
4 45 46 (2696 2032 0 ) (2696 1600 0 ) (2696 1600 128 ) (2696 2032 128 ) 
4 46 211 (2048 1600 128 ) (2048 1792 128 ) (2048 1792 0 ) (2048 1600 0 ) 
4 46 209 (2048 1792 128 ) (2048 2032 128 ) (2048 2032 0 ) (2048 1792 0 ) 
4 46 50 (2048 1600 0 ) (2688 1600 0 ) (2688 1600 128 ) (2048 1600 128 ) 
4 46 49 (2688 1600 0 ) (2696 1600 0 ) (2696 1600 128 ) (2688 1600 128 ) 
4 47 65 (3008 1024 0 ) (3072 1024 0 ) (3072 1024 128 ) (3008 1024 128 ) 
4 47 67 (2864 1024 0 ) (3008 1024 0 ) (3008 1024 128 ) (2864 1024 128 ) 
4 47 48 (2864 1584 0 ) (2864 1024 0 ) (2864 1024 128 ) (2864 1584 128 ) 
4 48 67 (2704 1024 0 ) (2864 1024 0 ) (2864 1024 128 ) (2704 1024 128 ) 
4 48 49 (2704 1600 128 ) (2704 1600 0 ) (2704 1032 0 ) (2704 1032 128 ) 
4 49 50 (2688 1600 128 ) (2688 1600 0 ) (2688 1032 0 ) (2688 1032 128 ) 
4 50 211 (2048 1032 128 ) (2048 1600 128 ) (2048 1600 0 ) (2048 1032 0 ) 
4 51 52 (2880 2048 -16 ) (3072 2048 -16 ) (3072 1600 -16 ) (2880 1600 -16 ) 
4 52 219 (2048 1024 -112 ) (2048 1024 -16 ) (2048 2048 -16 ) (2048 2048 -112 ) 
4 52 76 (2048 1024 -16 ) (2048 1024 -112 ) (3072 1024 -112 ) (3072 1024 -16 ) 
4 53 77 (4080 0 240 ) (3072 0 240 ) (3072 0 128 ) (4080 0 128 ) 
4 53 64 (3072 1024 240 ) (3072 1024 128 ) (3072 0 128 ) (3072 0 240 ) 
4 53 58 (3072 0 128 ) (3072 448 128 ) (3584 448 128 ) (3584 0 128 ) 
4 53 57 (3072 464 128 ) (3072 832 128 ) (3264 832 128 ) (3264 464 128 ) 
4 53 56 (3072 1016 128 ) (3072 1024 128 ) (3136 1024 128 ) (3136 1016 128 ) 
4 53 55 (3264 1024 128 ) (3568 1024 128 ) (3568 464 128 ) (3264 464 128 ) 
4 53 54 (3584 1024 128 ) (4080 1024 128 ) (4080 0 128 ) (3584 0 128 ) 
4 54 77 (4080 0 128 ) (3584 0 128 ) (3584 0 0 ) (4080 0 0 ) 
4 54 59 (4080 0 0 ) (3584 0 0 ) (3584 1024 0 ) (4080 1024 0 ) 
4 54 58 (3584 448 0 ) (3584 0 0 ) (3584 0 128 ) (3584 448 128 ) 
4 55 57 (3264 832 0 ) (3264 464 0 ) (3264 464 128 ) (3264 832 128 ) 
4 56 65 (3072 1024 128 ) (3072 1024 0 ) (3072 1016 0 ) (3072 1016 128 ) 
4 57 66 (3072 832 0 ) (3072 464 0 ) (3072 464 128 ) (3072 832 128 ) 
4 58 77 (3584 0 128 ) (3072 0 128 ) (3072 0 0 ) (3584 0 0 ) 
4 58 71 (3072 448 0 ) (3072 0 0 ) (3072 0 128 ) (3072 448 128 ) 
4 58 62 (3584 0 0 ) (3072 0 0 ) (3072 448 0 ) (3584 448 0 ) 
4 59 77 (4080 0 0 ) (3584 0 0 ) (3584 0 -16 ) (4080 0 -16 ) 
4 59 63 (3584 1024 -16 ) (4080 1024 -16 ) (4080 0 -16 ) (3584 0 -16 ) 
4 59 62 (3584 448 -16 ) (3584 0 -16 ) (3584 0 0 ) (3584 448 0 ) 
4 60 63 (3136 1024 -16 ) (3264 1024 -16 ) (3264 832 -16 ) (3136 832 -16 ) 
4 60 61 (3136 1016 -16 ) (3136 832 -16 ) (3136 832 0 ) (3136 1016 0 ) 
4 61 73 (3072 1016 -16 ) (3072 832 -16 ) (3072 832 0 ) (3072 1016 0 ) 
4 61 63 (3072 832 -16 ) (3072 1016 -16 ) (3136 1016 -16 ) (3136 832 -16 ) 
4 62 77 (3584 0 0 ) (3072 0 0 ) (3072 0 -16 ) (3584 0 -16 ) 
4 62 75 (3072 448 -16 ) (3072 0 -16 ) (3072 0 0 ) (3072 448 0 ) 
4 62 63 (3072 0 -16 ) (3072 448 -16 ) (3584 448 -16 ) (3584 0 -16 ) 
4 63 77 (4080 0 -16 ) (3072 0 -16 ) (3072 0 -112 ) (4080 0 -112 ) 
4 63 76 (3072 1024 -16 ) (3072 1024 -112 ) (3072 0 -112 ) (3072 0 -16 ) 
4 64 231 (2048 0 128 ) (2048 0 240 ) (2048 1024 240 ) (2048 1024 128 ) 
4 64 79 (2160 0 128 ) (2176 0 128 ) (2176 0 240 ) (2160 0 240 ) 
4 64 78 (2176 0 128 ) (3072 0 128 ) (3072 0 240 ) (2176 0 240 ) 
4 64 80 (2048 0 240 ) (2048 0 128 ) (2160 0 128 ) (2160 0 240 ) 
4 64 72 (2160 0 128 ) (2048 0 128 ) (2048 464 128 ) (2160 464 128 ) 
4 64 71 (3072 0 128 ) (2176 0 128 ) (2176 448 128 ) (3072 448 128 ) 
4 64 70 (2048 464 128 ) (2048 816 128 ) (2688 816 128 ) (2688 464 128 ) 
4 64 69 (2048 832 128 ) (2048 1016 128 ) (2688 1016 128 ) (2688 832 128 ) 
4 64 68 (2704 816 128 ) (2704 464 128 ) (2688 464 128 ) (2688 816 128 ) 
4 64 65 (3008 1024 128 ) (3072 1024 128 ) (3072 1016 128 ) (3008 1016 128 ) 
4 64 66 (3072 832 128 ) (3072 464 128 ) (3008 464 128 ) (3008 832 128 ) 
4 64 67 (2704 1024 128 ) (3008 1024 128 ) (3008 464 128 ) (2704 464 128 ) 
4 65 67 (3008 1024 0 ) (3008 1016 0 ) (3008 1016 128 ) (3008 1024 128 ) 
4 66 67 (3008 832 0 ) (3008 464 0 ) (3008 464 128 ) (3008 832 128 ) 
4 67 68 (2704 816 0 ) (2704 464 0 ) (2704 464 128 ) (2704 816 128 ) 
4 68 70 (2688 816 0 ) (2688 464 0 ) (2688 464 128 ) (2688 816 128 ) 
4 69 236 (2048 832 128 ) (2048 960 128 ) (2048 960 0 ) (2048 832 0 ) 
4 69 232 (2048 960 128 ) (2048 1016 128 ) (2048 1016 0 ) (2048 960 0 ) 
4 69 74 (2048 832 0 ) (2048 1016 0 ) (2688 1016 0 ) (2688 832 0 ) 
4 70 237 (2048 464 128 ) (2048 816 128 ) (2048 816 0 ) (2048 464 0 ) 
4 70 72 (2048 464 0 ) (2160 464 0 ) (2160 464 128 ) (2048 464 128 ) 
4 71 78 (2176 0 0 ) (3072 0 0 ) (3072 0 128 ) (2176 0 128 ) 
4 71 75 (3072 448 0 ) (3072 0 0 ) (2176 0 0 ) (2176 448 0 ) 
4 72 240 (2048 0 0 ) (2048 0 128 ) (2048 256 128 ) (2048 256 0 ) 
4 72 237 (2048 256 128 ) (2048 464 128 ) (2048 464 0 ) (2048 256 0 ) 
4 72 80 (2048 0 128 ) (2048 0 0 ) (2160 0 0 ) (2160 0 128 ) 
4 73 76 (3008 1016 -16 ) (3072 1016 -16 ) (3072 832 -16 ) (3008 832 -16 ) 
4 74 246 (2048 832 0 ) (2048 1016 0 ) (2048 1016 -16 ) (2048 832 -16 ) 
4 74 76 (2048 832 -16 ) (2048 1016 -16 ) (2688 1016 -16 ) (2688 832 -16 ) 
4 75 84 (2176 0 -16 ) (3072 0 -16 ) (3072 0 0 ) (2176 0 0 ) 
4 75 76 (3072 0 -16 ) (2176 0 -16 ) (2176 448 -16 ) (3072 448 -16 ) 
4 76 249 (2048 0 -112 ) (2048 0 -16 ) (2048 1024 -16 ) (2048 1024 -112 ) 
4 76 85 (2048 0 -16 ) (2048 0 -112 ) (2176 0 -112 ) (2176 0 -16 ) 
4 76 84 (2176 0 -112 ) (3072 0 -112 ) (3072 0 -16 ) (2176 0 -16 ) 
4 77 84 (3072 0 0 ) (3072 0 -112 ) (3072 -624 -112 ) (3072 -624 0 ) 
4 77 81 (3072 -176 0 ) (3072 -624 0 ) (3072 -624 240 ) (3072 -176 240 ) 
4 77 78 (3072 0 240 ) (3072 0 0 ) (3072 -176 0 ) (3072 -176 240 ) 
4 78 84 (3072 0 0 ) (3072 -176 0 ) (2176 -176 0 ) (2176 0 0 ) 
4 78 81 (2176 -176 0 ) (3072 -176 0 ) (3072 -176 240 ) (2176 -176 240 ) 
4 78 79 (2176 -176 128 ) (2176 -176 240 ) (2176 0 240 ) (2176 0 128 ) 
4 79 82 (2176 -176 128 ) (2176 -176 240 ) (2160 -176 240 ) (2160 -176 128 ) 
4 79 80 (2160 -176 128 ) (2160 -176 240 ) (2160 0 240 ) (2160 0 128 ) 
4 80 264 (2048 0 128 ) (2048 0 0 ) (2048 -176 0 ) (2048 -176 128 ) 
4 80 263 (2048 -176 240 ) (2048 0 240 ) (2048 0 128 ) (2048 -176 128 ) 
4 80 82 (2160 -176 128 ) (2160 -176 240 ) (2048 -176 240 ) (2048 -176 128 ) 
4 81 84 (3072 -176 0 ) (3072 -624 0 ) (2176 -624 0 ) (2176 -176 0 ) 
4 81 82 (2176 -176 240 ) (2176 -176 128 ) (2176 -192 128 ) (2176 -192 240 ) 
4 81 83 (2176 -192 0 ) (2176 -624 0 ) (2176 -624 240 ) (2176 -192 240 ) 
4 82 263 (2048 -192 240 ) (2048 -176 240 ) (2048 -176 128 ) (2048 -192 128 ) 
4 82 83 (2176 -192 128 ) (2176 -192 240 ) (2048 -192 240 ) (2048 -192 128 ) 
4 83 268 (2048 -304 0 ) (2048 -624 0 ) (2048 -624 128 ) (2048 -304 128 ) 
4 83 265 (2048 -192 128 ) (2048 -192 0 ) (2048 -304 0 ) (2048 -304 128 ) 
4 83 263 (2048 -624 240 ) (2048 -192 240 ) (2048 -192 128 ) (2048 -624 128 ) 
4 83 86 (2176 -624 0 ) (2048 -624 0 ) (2048 -192 0 ) (2176 -192 0 ) 
4 84 85 (2176 0 -112 ) (2176 -192 -112 ) (2176 -192 -16 ) (2176 0 -16 ) 
4 84 86 (2176 -192 -112 ) (2176 -624 -112 ) (2176 -624 0 ) (2176 -192 0 ) 
4 85 272 (2048 0 -16 ) (2048 0 -112 ) (2048 -192 -112 ) (2048 -192 -16 ) 
4 85 86 (2048 -192 -112 ) (2176 -192 -112 ) (2176 -192 -16 ) (2048 -192 -16 ) 
4 86 272 (2048 -192 -16 ) (2048 -192 -112 ) (2048 -624 -112 ) (2048 -624 -16 ) 
4 86 271 (2048 -624 0 ) (2048 -320 0 ) (2048 -320 -16 ) (2048 -624 -16 ) 
4 86 270 (2048 -320 0 ) (2048 -192 0 ) (2048 -192 -16 ) (2048 -320 -16 ) 
4 87 121 (2048 3072 128 ) (2048 3072 240 ) (1024 3072 240 ) (1024 3072 128 ) 
4 87 103 (1024 4080 128 ) (1024 3072 128 ) (1024 3072 240 ) (1024 4080 240 ) 
4 87 95 (1024 3392 128 ) (1024 3880 128 ) (1880 3880 128 ) (1880 3392 128 ) 
4 87 96 (1024 3072 128 ) (1024 3376 128 ) (1880 3376 128 ) (1880 3072 128 ) 
4 87 94 (1896 3072 128 ) (1880 3072 128 ) (1880 3376 128 ) (1896 3376 128 ) 
4 87 93 (2048 3544 128 ) (2048 3072 128 ) (1896 3072 128 ) (1896 3544 128 ) 
4 87 92 (2048 3864 128 ) (2048 3560 128 ) (1880 3560 128 ) (1880 3864 128 ) 
4 87 90 (1896 3936 128 ) (2048 3936 128 ) (2048 3880 128 ) (1896 3880 128 ) 
4 87 91 (1024 3880 128 ) (1024 3936 128 ) (1880 3936 128 ) (1880 3880 128 ) 
4 87 89 (1896 3952 128 ) (2048 3952 128 ) (2048 3936 128 ) (1896 3936 128 ) 
4 87 88 (1024 3952 128 ) (1024 4080 128 ) (2048 4080 128 ) (2048 3952 128 ) 
4 88 104 (1024 4080 0 ) (1024 3952 0 ) (1024 3952 128 ) (1024 4080 128 ) 
4 88 100 (1024 3952 0 ) (1024 4080 0 ) (1896 4080 0 ) (1896 3952 0 ) 
4 88 97 (1896 4080 0 ) (2048 4080 0 ) (2048 3952 0 ) (1896 3952 0 ) 
4 88 89 (1896 3952 0 ) (2048 3952 0 ) (2048 3952 128 ) (1896 3952 128 ) 
4 89 97 (1896 3952 0 ) (2048 3952 0 ) (2048 3936 0 ) (1896 3936 0 ) 
4 89 90 (1896 3936 0 ) (2048 3936 0 ) (2048 3936 128 ) (1896 3936 128 ) 
4 90 97 (1896 3936 0 ) (2048 3936 0 ) (2048 3880 0 ) (1896 3880 0 ) 
4 91 105 (1024 3936 0 ) (1024 3880 0 ) (1024 3880 128 ) (1024 3936 128 ) 
4 91 95 (1024 3880 0 ) (1880 3880 0 ) (1880 3880 128 ) (1024 3880 128 ) 
4 92 95 (1880 3864 0 ) (1880 3560 0 ) (1880 3560 128 ) (1880 3864 128 ) 
4 93 122 (2048 3072 0 ) (2048 3072 128 ) (1896 3072 128 ) (1896 3072 0 ) 
4 93 99 (2048 3072 0 ) (1896 3072 0 ) (1896 3544 0 ) (2048 3544 0 ) 
4 93 94 (1896 3376 0 ) (1896 3072 0 ) (1896 3072 128 ) (1896 3376 128 ) 
4 94 122 (1896 3072 128 ) (1880 3072 128 ) (1880 3072 0 ) (1896 3072 0 ) 
4 94 102 (1896 3072 0 ) (1880 3072 0 ) (1880 3376 0 ) (1896 3376 0 ) 
4 94 96 (1880 3376 0 ) (1880 3072 0 ) (1880 3072 128 ) (1880 3376 128 ) 
4 95 105 (1024 3880 0 ) (1024 3392 0 ) (1024 3392 128 ) (1024 3880 128 ) 
4 96 128 (1600 3072 128 ) (1216 3072 128 ) (1216 3072 0 ) (1600 3072 0 ) 
4 96 122 (1880 3072 128 ) (1600 3072 128 ) (1600 3072 0 ) (1880 3072 0 ) 
4 96 109 (1024 3376 0 ) (1024 3072 0 ) (1024 3072 128 ) (1024 3376 128 ) 
4 96 102 (1880 3072 0 ) (1024 3072 0 ) (1024 3376 0 ) (1880 3376 0 ) 
4 97 101 (1896 3952 -112 ) (1896 3880 -112 ) (1896 3880 -16 ) (1896 3952 -16 ) 
4 97 100 (1896 4080 -112 ) (1896 3952 -112 ) (1896 3952 0 ) (1896 4080 0 ) 
4 97 98 (1896 3880 -16 ) (1896 3880 -112 ) (2048 3880 -112 ) (2048 3880 -16 ) 
4 98 101 (1896 3880 -112 ) (1896 3560 -112 ) (1896 3560 -16 ) (1896 3880 -16 ) 
4 98 99 (1896 3560 -16 ) (1896 3560 -112 ) (2048 3560 -112 ) (2048 3560 -16 ) 
4 99 140 (2048 3072 -112 ) (2048 3072 -16 ) (1896 3072 -16 ) (1896 3072 -112 ) 
4 99 136 (2048 3072 -16 ) (2048 3072 0 ) (1896 3072 0 ) (1896 3072 -16 ) 
4 99 101 (1896 3560 -112 ) (1896 3376 -112 ) (1896 3376 -16 ) (1896 3560 -16 ) 
4 99 102 (1896 3376 -112 ) (1896 3072 -112 ) (1896 3072 0 ) (1896 3376 0 ) 
4 100 120 (1024 4080 -112 ) (1024 3952 -112 ) (1024 3952 -16 ) (1024 4080 -16 ) 
4 100 115 (1024 3952 -16 ) (1024 3952 0 ) (1024 4080 0 ) (1024 4080 -16 ) 
4 100 101 (1024 3952 -112 ) (1896 3952 -112 ) (1896 3952 -16 ) (1024 3952 -16 ) 
4 101 120 (1024 3952 -112 ) (1024 3376 -112 ) (1024 3376 -16 ) (1024 3952 -16 ) 
4 101 102 (1024 3376 -112 ) (1896 3376 -112 ) (1896 3376 -16 ) (1024 3376 -16 ) 
4 102 140 (1024 3072 -16 ) (1024 3072 -112 ) (1896 3072 -112 ) (1896 3072 -16 ) 
4 102 138 (1600 3072 0 ) (1216 3072 0 ) (1216 3072 -16 ) (1600 3072 -16 ) 
4 102 136 (1896 3072 0 ) (1600 3072 0 ) (1600 3072 -16 ) (1896 3072 -16 ) 
4 102 120 (1024 3376 -112 ) (1024 3072 -112 ) (1024 3072 -16 ) (1024 3376 -16 ) 
4 102 118 (1024 3072 -16 ) (1024 3072 0 ) (1024 3376 0 ) (1024 3376 -16 ) 
4 103 158 (0 3072 128 ) (0 3072 240 ) (0 4080 240 ) (0 4080 128 ) 
4 103 141 (0 3072 240 ) (0 3072 128 ) (1024 3072 128 ) (1024 3072 240 ) 
4 103 113 (0 3512 128 ) (0 3720 128 ) (168 3720 128 ) (168 3512 128 ) 
4 103 114 (168 3072 128 ) (0 3072 128 ) (0 3496 128 ) (168 3496 128 ) 
4 103 112 (0 3736 128 ) (0 4080 128 ) (168 4080 128 ) (168 3736 128 ) 
4 103 111 (576 3072 128 ) (168 3072 128 ) (168 3376 128 ) (576 3376 128 ) 
4 103 109 (1024 3072 128 ) (832 3072 128 ) (832 3376 128 ) (1024 3376 128 ) 
4 103 110 (816 3072 128 ) (592 3072 128 ) (592 3376 128 ) (816 3376 128 ) 
4 103 108 (592 3392 128 ) (816 3392 128 ) (816 3376 128 ) (592 3376 128 ) 
4 103 106 (168 3952 128 ) (168 4080 128 ) (184 4080 128 ) (184 3952 128 ) 
4 103 107 (168 3512 128 ) (168 3720 128 ) (184 3720 128 ) (184 3512 128 ) 
4 103 105 (1024 3936 128 ) (1024 3392 128 ) (184 3392 128 ) (184 3936 128 ) 
4 103 104 (184 4080 128 ) (1024 4080 128 ) (1024 3952 128 ) (184 3952 128 ) 
4 104 115 (1024 4080 0 ) (1024 3952 0 ) (184 3952 0 ) (184 4080 0 ) 
4 104 106 (184 4080 0 ) (184 3952 0 ) (184 3952 128 ) (184 4080 128 ) 
4 105 108 (592 3392 0 ) (816 3392 0 ) (816 3392 128 ) (592 3392 128 ) 
4 105 107 (184 3720 0 ) (184 3512 0 ) (184 3512 128 ) (184 3720 128 ) 
4 106 115 (168 3952 0 ) (168 4080 0 ) (184 4080 0 ) (184 3952 0 ) 
4 106 112 (168 4080 0 ) (168 3952 0 ) (168 3952 128 ) (168 4080 128 ) 
4 107 113 (168 3720 0 ) (168 3512 0 ) (168 3512 128 ) (168 3720 128 ) 
4 108 110 (592 3376 0 ) (816 3376 0 ) (816 3376 128 ) (592 3376 128 ) 
4 109 118 (1024 3376 0 ) (1024 3072 0 ) (832 3072 0 ) (832 3376 0 ) 
4 110 143 (592 3072 0 ) (816 3072 0 ) (816 3072 128 ) (592 3072 128 ) 
4 111 144 (168 3072 0 ) (576 3072 0 ) (576 3072 128 ) (168 3072 128 ) 
4 111 119 (576 3072 0 ) (168 3072 0 ) (168 3376 0 ) (576 3376 0 ) 
4 111 114 (168 3376 0 ) (168 3072 0 ) (168 3072 128 ) (168 3376 128 ) 
4 112 159 (0 3736 128 ) (0 4080 128 ) (0 4080 0 ) (0 3736 0 ) 
4 112 116 (0 3736 0 ) (0 4080 0 ) (168 4080 0 ) (168 3736 0 ) 
4 113 160 (0 3512 128 ) (0 3720 128 ) (0 3720 0 ) (0 3512 0 ) 
4 114 164 (0 3072 0 ) (0 3072 128 ) (0 3088 128 ) (0 3088 0 ) 
4 114 161 (0 3088 128 ) (0 3496 128 ) (0 3496 0 ) (0 3088 0 ) 
4 114 144 (0 3072 128 ) (0 3072 0 ) (168 3072 0 ) (168 3072 128 ) 
4 114 119 (168 3072 0 ) (0 3072 0 ) (0 3376 0 ) (168 3376 0 ) 
4 114 117 (0 3376 0 ) (0 3496 0 ) (168 3496 0 ) (168 3376 0 ) 
4 115 120 (1024 4080 -16 ) (1024 3952 -16 ) (168 3952 -16 ) (168 4080 -16 ) 
4 115 116 (168 4080 -16 ) (168 3952 -16 ) (168 3952 0 ) (168 4080 0 ) 
4 116 166 (0 3720 0 ) (0 4080 0 ) (0 4080 -16 ) (0 3720 -16 ) 
4 116 120 (0 3720 -16 ) (0 4080 -16 ) (168 4080 -16 ) (168 3720 -16 ) 
4 117 169 (0 3376 0 ) (0 3512 0 ) (0 3512 -16 ) (0 3376 -16 ) 
4 117 120 (0 3376 -16 ) (0 3512 -16 ) (168 3512 -16 ) (168 3376 -16 ) 
4 117 119 (0 3376 -16 ) (168 3376 -16 ) (168 3376 0 ) (0 3376 0 ) 
4 118 120 (1024 3072 -16 ) (832 3072 -16 ) (832 3376 -16 ) (1024 3376 -16 ) 
4 119 169 (0 3072 -16 ) (0 3072 0 ) (0 3376 0 ) (0 3376 -16 ) 
4 119 156 (0 3072 0 ) (0 3072 -16 ) (128 3072 -16 ) (128 3072 0 ) 
4 119 154 (128 3072 -16 ) (576 3072 -16 ) (576 3072 0 ) (128 3072 0 ) 
4 119 120 (576 3072 -16 ) (0 3072 -16 ) (0 3376 -16 ) (576 3376 -16 ) 
4 120 169 (0 3072 -112 ) (0 3072 -16 ) (0 3512 -16 ) (0 3512 -112 ) 
4 120 167 (0 3512 -16 ) (0 3720 -16 ) (0 3720 -112 ) (0 3512 -112 ) 
4 120 166 (0 3720 -16 ) (0 4080 -16 ) (0 4080 -112 ) (0 3720 -112 ) 
4 120 157 (0 3072 -16 ) (0 3072 -112 ) (1024 3072 -112 ) (1024 3072 -16 ) 
4 121 208 (2048 2048 128 ) (2048 2048 240 ) (1024 2048 240 ) (1024 2048 128 ) 
4 121 141 (1024 3072 240 ) (1024 3072 128 ) (1024 2048 128 ) (1024 2048 240 ) 
4 121 134 (1600 2048 128 ) (1216 2048 128 ) (1216 2296 128 ) (1600 2296 128 ) 
4 121 135 (1200 2048 128 ) (1024 2048 128 ) (1024 2296 128 ) (1200 2296 128 ) 
4 121 133 (1024 2296 128 ) (1024 2312 128 ) (1192 2312 128 ) (1192 2296 128 ) 
4 121 131 (1600 2416 128 ) (1600 2312 128 ) (1200 2312 128 ) (1200 2416 128 ) 
4 121 132 (1024 2312 128 ) (1024 2432 128 ) (1200 2432 128 ) (1200 2312 128 ) 
4 121 129 (1216 3056 128 ) (1600 3056 128 ) (1600 2432 128 ) (1216 2432 128 ) 
4 121 130 (1024 2432 128 ) (1024 3056 128 ) (1200 3056 128 ) (1200 2432 128 ) 
4 121 128 (1216 3072 128 ) (1600 3072 128 ) (1600 3056 128 ) (1216 3056 128 ) 
4 121 127 (1600 2312 128 ) (1600 2416 128 ) (1616 2416 128 ) (1616 2312 128 ) 
4 121 125 (2048 2048 128 ) (1792 2048 128 ) (1792 2496 128 ) (2048 2496 128 ) 
4 121 126 (1776 2048 128 ) (1616 2048 128 ) (1616 2496 128 ) (1776 2496 128 ) 
4 121 123 (1776 2640 128 ) (2048 2640 128 ) (2048 2512 128 ) (1776 2512 128 ) 
4 121 124 (1616 2496 128 ) (1616 2640 128 ) (1776 2640 128 ) (1776 2496 128 ) 
4 121 122 (1600 2656 128 ) (1600 3072 128 ) (2048 3072 128 ) (2048 2656 128 ) 
4 122 136 (1600 3072 0 ) (2048 3072 0 ) (2048 2656 0 ) (1600 2656 0 ) 
4 122 129 (1600 3056 0 ) (1600 2656 0 ) (1600 2656 128 ) (1600 3056 128 ) 
4 122 128 (1600 3072 0 ) (1600 3056 0 ) (1600 3056 128 ) (1600 3072 128 ) 
4 123 124 (1776 2640 128 ) (1776 2640 0 ) (1776 2512 0 ) (1776 2512 128 ) 
4 124 126 (1616 2496 128 ) (1616 2496 0 ) (1776 2496 0 ) (1776 2496 128 ) 
4 125 137 (2048 2496 0 ) (2048 2048 0 ) (1792 2048 0 ) (1792 2496 0 ) 
4 126 213 (1776 2048 128 ) (1616 2048 128 ) (1616 2048 0 ) (1776 2048 0 ) 
4 126 127 (1616 2416 0 ) (1616 2312 0 ) (1616 2312 128 ) (1616 2416 128 ) 
4 127 131 (1600 2416 0 ) (1600 2312 0 ) (1600 2312 128 ) (1600 2416 128 ) 
4 128 138 (1216 3072 0 ) (1600 3072 0 ) (1600 3056 0 ) (1216 3056 0 ) 
4 128 129 (1216 3056 0 ) (1600 3056 0 ) (1600 3056 128 ) (1216 3056 128 ) 
4 129 138 (1600 3056 0 ) (1600 2432 0 ) (1216 2432 0 ) (1216 3056 0 ) 
4 130 145 (1024 2816 0 ) (1024 2432 0 ) (1024 2432 128 ) (1024 2816 128 ) 
4 130 142 (1024 3056 0 ) (1024 2816 0 ) (1024 2816 128 ) (1024 3056 128 ) 
4 130 132 (1024 2432 0 ) (1200 2432 0 ) (1200 2432 128 ) (1024 2432 128 ) 
4 131 132 (1200 2416 0 ) (1200 2312 0 ) (1200 2312 128 ) (1200 2416 128 ) 
4 132 145 (1024 2432 0 ) (1024 2312 0 ) (1024 2312 128 ) (1024 2432 128 ) 
4 132 133 (1024 2312 0 ) (1192 2312 0 ) (1192 2312 128 ) (1024 2312 128 ) 
4 133 145 (1024 2312 0 ) (1024 2296 0 ) (1024 2296 128 ) (1024 2312 128 ) 
4 133 135 (1024 2296 0 ) (1192 2296 0 ) (1192 2296 128 ) (1024 2296 128 ) 
4 134 215 (1600 2048 128 ) (1216 2048 128 ) (1216 2048 0 ) (1600 2048 0 ) 
4 134 139 (1600 2296 0 ) (1600 2048 0 ) (1216 2048 0 ) (1216 2296 0 ) 
4 135 216 (1200 2048 128 ) (1024 2048 128 ) (1024 2048 0 ) (1200 2048 0 ) 
4 135 145 (1024 2296 0 ) (1024 2048 0 ) (1024 2048 128 ) (1024 2296 128 ) 
4 136 140 (1600 2656 -16 ) (1600 3072 -16 ) (2048 3072 -16 ) (2048 2656 -16 ) 
4 136 138 (1600 3072 -16 ) (1600 2656 -16 ) (1600 2656 0 ) (1600 3072 0 ) 
4 137 140 (2048 2048 -16 ) (1792 2048 -16 ) (1792 2496 -16 ) (2048 2496 -16 ) 
4 138 140 (1216 2432 -16 ) (1216 3072 -16 ) (1600 3072 -16 ) (1600 2432 -16 ) 
4 139 218 (1600 2048 0 ) (1216 2048 0 ) (1216 2048 -16 ) (1600 2048 -16 ) 
4 139 140 (1600 2048 -16 ) (1216 2048 -16 ) (1216 2296 -16 ) (1600 2296 -16 ) 
4 140 219 (2048 2048 -112 ) (2048 2048 -16 ) (1024 2048 -16 ) (1024 2048 -112 ) 
4 140 157 (1024 3072 -16 ) (1024 3072 -112 ) (1024 2048 -112 ) (1024 2048 -16 ) 
4 141 220 (1024 2048 128 ) (1024 2048 240 ) (0 2048 240 ) (0 2048 128 ) 
4 141 172 (0 2048 128 ) (0 2048 240 ) (0 3072 240 ) (0 3072 128 ) 
4 141 152 (832 2048 128 ) (112 2048 128 ) (112 2096 128 ) (832 2096 128 ) 
4 141 153 (112 2048 128 ) (0 2048 128 ) (0 2112 128 ) (112 2112 128 ) 
4 141 150 (128 2416 128 ) (832 2416 128 ) (832 2112 128 ) (128 2112 128 ) 
4 141 151 (0 2112 128 ) (0 2416 128 ) (112 2416 128 ) (112 2112 128 ) 
4 141 149 (0 2432 128 ) (0 2816 128 ) (128 2816 128 ) (128 2432 128 ) 
4 141 148 (128 2816 128 ) (576 2816 128 ) (576 2416 128 ) (128 2416 128 ) 
4 141 147 (832 2800 128 ) (832 2416 128 ) (576 2416 128 ) (576 2800 128 ) 
4 141 146 (856 2048 128 ) (832 2048 128 ) (832 2096 128 ) (856 2096 128 ) 
4 141 145 (1024 2048 128 ) (856 2048 128 ) (856 2816 128 ) (1024 2816 128 ) 
4 141 143 (592 3072 128 ) (816 3072 128 ) (816 2816 128 ) (592 2816 128 ) 
4 141 144 (0 2816 128 ) (0 3072 128 ) (576 3072 128 ) (576 2816 128 ) 
4 141 142 (1024 3056 128 ) (1024 2816 128 ) (816 2816 128 ) (816 3056 128 ) 
4 142 145 (856 2816 0 ) (1024 2816 0 ) (1024 2816 128 ) (856 2816 128 ) 
4 142 143 (816 3056 0 ) (816 2816 0 ) (816 2816 128 ) (816 3056 128 ) 
4 144 173 (0 2816 128 ) (0 3072 128 ) (0 3072 0 ) (0 2816 0 ) 
4 144 156 (0 2816 0 ) (0 3072 0 ) (128 3072 0 ) (128 2816 0 ) 
4 144 154 (128 3072 0 ) (576 3072 0 ) (576 2816 0 ) (128 2816 0 ) 
4 144 149 (0 2816 0 ) (128 2816 0 ) (128 2816 128 ) (0 2816 128 ) 
4 144 148 (128 2816 0 ) (576 2816 0 ) (576 2816 128 ) (128 2816 128 ) 
4 145 221 (1024 2048 0 ) (1024 2048 128 ) (856 2048 128 ) (856 2048 0 ) 
4 145 146 (856 2096 0 ) (856 2048 0 ) (856 2048 128 ) (856 2096 128 ) 
4 146 222 (848 2048 128 ) (832 2048 128 ) (832 2048 0 ) (848 2048 0 ) 
4 146 221 (856 2048 128 ) (848 2048 128 ) (848 2048 0 ) (856 2048 0 ) 
4 146 152 (832 2096 0 ) (832 2048 0 ) (832 2048 128 ) (832 2096 128 ) 
4 147 155 (832 2800 0 ) (832 2416 0 ) (576 2416 0 ) (576 2800 0 ) 
4 147 150 (576 2416 0 ) (832 2416 0 ) (832 2416 128 ) (576 2416 128 ) 
4 147 148 (576 2800 0 ) (576 2416 0 ) (576 2416 128 ) (576 2800 128 ) 
4 148 155 (576 2800 0 ) (576 2416 0 ) (128 2416 0 ) (128 2800 0 ) 
4 148 154 (128 2816 0 ) (576 2816 0 ) (576 2800 0 ) (128 2800 0 ) 
4 148 150 (128 2416 0 ) (576 2416 0 ) (576 2416 128 ) (128 2416 128 ) 
4 148 149 (128 2816 128 ) (128 2816 0 ) (128 2432 0 ) (128 2432 128 ) 
4 149 173 (0 2432 128 ) (0 2816 128 ) (0 2816 0 ) (0 2432 0 ) 
4 149 156 (0 2432 0 ) (0 2816 0 ) (128 2816 0 ) (128 2432 0 ) 
4 150 155 (128 2416 0 ) (832 2416 0 ) (832 2112 0 ) (128 2112 0 ) 
4 151 179 (0 2112 128 ) (0 2240 128 ) (0 2240 0 ) (0 2112 0 ) 
4 151 174 (0 2240 128 ) (0 2416 128 ) (0 2416 0 ) (0 2240 0 ) 
4 151 153 (0 2112 0 ) (112 2112 0 ) (112 2112 128 ) (0 2112 128 ) 
4 152 223 (832 2048 128 ) (112 2048 128 ) (112 2048 0 ) (832 2048 0 ) 
4 152 153 (112 2096 0 ) (112 2048 0 ) (112 2048 128 ) (112 2096 128 ) 
4 153 226 (112 2048 128 ) (0 2048 128 ) (0 2048 0 ) (112 2048 0 ) 
4 153 179 (0 2048 0 ) (0 2048 128 ) (0 2112 128 ) (0 2112 0 ) 
4 154 157 (128 2800 -16 ) (128 3072 -16 ) (576 3072 -16 ) (576 2800 -16 ) 
4 154 156 (128 3072 -16 ) (128 2800 -16 ) (128 2800 0 ) (128 3072 0 ) 
4 154 155 (128 2800 0 ) (128 2800 -16 ) (576 2800 -16 ) (576 2800 0 ) 
4 155 157 (128 2112 -16 ) (128 2800 -16 ) (832 2800 -16 ) (832 2112 -16 ) 
4 155 156 (128 2800 -16 ) (128 2432 -16 ) (128 2432 0 ) (128 2800 0 ) 
4 156 184 (0 2432 0 ) (0 3072 0 ) (0 3072 -16 ) (0 2432 -16 ) 
4 156 157 (0 2432 -16 ) (0 3072 -16 ) (128 3072 -16 ) (128 2432 -16 ) 
4 157 230 (1024 2048 -112 ) (1024 2048 -16 ) (0 2048 -16 ) (0 2048 -112 ) 
4 157 188 (0 2048 -112 ) (0 2048 -16 ) (0 3072 -16 ) (0 3072 -112 ) 
4 158 190 (-1024 3072 128 ) (-1024 3072 240 ) (-1024 3088 240 ) (-1024 3088 128 ) 
4 158 189 (-1024 3088 240 ) (-1024 4080 240 ) (-1024 4080 128 ) (-1024 3088 128 ) 
4 158 172 (0 3072 128 ) (0 3072 240 ) (-1024 3072 240 ) (-1024 3072 128 ) 
4 158 165 (-592 3072 128 ) (-768 3072 128 ) (-768 3088 128 ) (-592 3088 128 ) 
4 158 164 (0 3072 128 ) (-112 3072 128 ) (-112 3088 128 ) (0 3088 128 ) 
4 158 163 (-1024 3088 128 ) (-1024 3736 128 ) (-784 3736 128 ) (-784 3088 128 ) 
4 158 162 (-592 3088 128 ) (-768 3088 128 ) (-768 3512 128 ) (-592 3512 128 ) 
4 158 161 (0 3496 128 ) (0 3088 128 ) (-576 3088 128 ) (-576 3496 128 ) 
4 158 160 (0 3720 128 ) (0 3512 128 ) (-768 3512 128 ) (-768 3720 128 ) 
4 158 159 (-1024 3736 128 ) (-1024 4080 128 ) (0 4080 128 ) (0 3736 128 ) 
4 159 189 (-1024 3736 128 ) (-1024 4080 128 ) (-1024 4080 0 ) (-1024 3736 0 ) 
4 159 166 (-1024 3736 0 ) (-1024 4080 0 ) (0 4080 0 ) (0 3736 0 ) 
4 159 163 (-1024 3736 0 ) (-784 3736 0 ) (-784 3736 128 ) (-1024 3736 128 ) 
4 160 162 (-768 3512 128 ) (-768 3512 0 ) (-592 3512 0 ) (-592 3512 128 ) 
4 161 169 (0 3496 0 ) (0 3088 0 ) (-576 3088 0 ) (-576 3496 0 ) 
4 161 164 (-112 3088 0 ) (0 3088 0 ) (0 3088 128 ) (-112 3088 128 ) 
4 162 165 (-768 3088 0 ) (-592 3088 0 ) (-592 3088 128 ) (-768 3088 128 ) 
4 163 189 (-1024 3088 128 ) (-1024 3736 128 ) (-1024 3736 0 ) (-1024 3088 0 ) 
4 163 171 (-1024 3088 0 ) (-1024 3512 0 ) (-784 3512 0 ) (-784 3088 0 ) 
4 163 168 (-1024 3512 0 ) (-1024 3720 0 ) (-784 3720 0 ) (-784 3512 0 ) 
4 163 166 (-1024 3720 0 ) (-1024 3736 0 ) (-784 3736 0 ) (-784 3720 0 ) 
4 164 173 (0 3072 0 ) (0 3072 128 ) (-112 3072 128 ) (-112 3072 0 ) 
4 164 169 (-112 3088 0 ) (0 3088 0 ) (0 3072 0 ) (-112 3072 0 ) 
4 165 176 (-592 3072 128 ) (-768 3072 128 ) (-768 3072 0 ) (-592 3072 0 ) 
4 166 189 (-1024 3720 0 ) (-1024 4080 0 ) (-1024 4080 -112 ) (-1024 3720 -112 ) 
4 166 167 (-768 3720 -112 ) (0 3720 -112 ) (0 3720 -16 ) (-768 3720 -16 ) 
4 166 168 (-1024 3720 -112 ) (-768 3720 -112 ) (-768 3720 0 ) (-1024 3720 0 ) 
4 167 170 (-768 3512 -112 ) (-576 3512 -112 ) (-576 3512 -16 ) (-768 3512 -16 ) 
4 167 169 (-576 3512 -112 ) (0 3512 -112 ) (0 3512 -16 ) (-576 3512 -16 ) 
4 167 168 (-768 3720 -16 ) (-768 3720 -112 ) (-768 3512 -112 ) (-768 3512 -16 ) 
4 168 189 (-1024 3512 0 ) (-1024 3720 0 ) (-1024 3720 -112 ) (-1024 3512 -112 ) 
4 168 171 (-1024 3512 -112 ) (-768 3512 -112 ) (-768 3512 0 ) (-1024 3512 0 ) 
4 169 188 (0 3072 -112 ) (0 3072 -16 ) (-576 3072 -16 ) (-576 3072 -112 ) 
4 169 184 (0 3072 -16 ) (0 3072 0 ) (-128 3072 0 ) (-128 3072 -16 ) 
4 169 170 (-576 3512 -16 ) (-576 3512 -112 ) (-576 3072 -112 ) (-576 3072 -16 ) 
4 170 188 (-768 3072 -16 ) (-768 3072 -112 ) (-576 3072 -112 ) (-576 3072 -16 ) 
4 170 171 (-768 3512 -16 ) (-768 3512 -112 ) (-768 3072 -112 ) (-768 3072 -16 ) 
4 171 191 (-1024 3072 -112 ) (-1024 3072 0 ) (-1024 3088 0 ) (-1024 3088 -112 ) 
4 171 189 (-1024 3088 0 ) (-1024 3512 0 ) (-1024 3512 -112 ) (-1024 3088 -112 ) 
4 171 188 (-1024 3072 -16 ) (-1024 3072 -112 ) (-768 3072 -112 ) (-768 3072 -16 ) 
4 172 284 (0 2048 128 ) (0 2048 240 ) (-1024 2048 240 ) (-1024 2048 128 ) 
4 172 193 (-1024 2048 128 ) (-1024 2048 240 ) (-1024 3072 240 ) (-1024 3072 128 ) 
4 172 183 (-1024 2064 128 ) (-1024 2072 128 ) (-512 2072 128 ) (-512 2064 128 ) 
4 172 182 (-1008 2240 128 ) (-512 2240 128 ) (-512 2072 128 ) (-1008 2072 128 ) 
4 172 180 (-208 2048 128 ) (-464 2048 128 ) (-464 2224 128 ) (-208 2224 128 ) 
4 172 181 (-464 2048 128 ) (-512 2048 128 ) (-512 2240 128 ) (-464 2240 128 ) 
4 172 179 (0 2240 128 ) (0 2048 128 ) (-192 2048 128 ) (-192 2240 128 ) 
4 172 178 (-464 2240 128 ) (-1008 2240 128 ) (-1008 2672 128 ) (-464 2672 128 ) 
4 172 177 (-128 2240 128 ) (-448 2240 128 ) (-448 2672 128 ) (-128 2672 128 ) 
4 172 176 (-1024 2688 128 ) (-1024 3072 128 ) (-448 3072 128 ) (-448 2688 128 ) 
4 172 175 (-448 3072 128 ) (-128 3072 128 ) (-128 2672 128 ) (-448 2672 128 ) 
4 172 174 (0 2416 128 ) (0 2240 128 ) (-128 2240 128 ) (-128 2416 128 ) 
4 172 173 (0 3072 128 ) (0 2432 128 ) (-112 2432 128 ) (-112 3072 128 ) 
4 173 184 (-112 3072 0 ) (0 3072 0 ) (0 2432 0 ) (-112 2432 0 ) 
4 174 179 (-128 2240 0 ) (0 2240 0 ) (0 2240 128 ) (-128 2240 128 ) 
4 174 177 (-128 2416 0 ) (-128 2240 0 ) (-128 2240 128 ) (-128 2416 128 ) 
4 175 177 (-448 2672 0 ) (-128 2672 0 ) (-128 2672 128 ) (-448 2672 128 ) 
4 175 176 (-448 3072 0 ) (-448 2688 0 ) (-448 2688 128 ) (-448 3072 128 ) 
4 176 194 (-1024 2688 128 ) (-1024 3072 128 ) (-1024 3072 0 ) (-1024 2688 0 ) 
4 177 179 (-192 2240 0 ) (-128 2240 0 ) (-128 2240 128 ) (-192 2240 128 ) 
4 178 187 (-1008 2672 0 ) (-512 2672 0 ) (-512 2240 0 ) (-1008 2240 0 ) 
4 178 186 (-512 2672 0 ) (-464 2672 0 ) (-464 2240 0 ) (-512 2240 0 ) 
4 178 182 (-1008 2240 0 ) (-512 2240 0 ) (-512 2240 128 ) (-1008 2240 128 ) 
4 178 181 (-512 2240 0 ) (-464 2240 0 ) (-464 2240 128 ) (-512 2240 128 ) 
4 179 285 (0 2048 0 ) (0 2048 128 ) (-192 2048 128 ) (-192 2048 0 ) 
4 180 286 (-208 2048 128 ) (-464 2048 128 ) (-464 2048 0 ) (-208 2048 0 ) 
4 180 186 (-448 2048 0 ) (-464 2048 0 ) (-464 2224 0 ) (-448 2224 0 ) 
4 180 185 (-208 2048 0 ) (-448 2048 0 ) (-448 2224 0 ) (-208 2224 0 ) 
4 180 181 (-464 2224 0 ) (-464 2048 0 ) (-464 2048 128 ) (-464 2224 128 ) 
4 181 286 (-464 2048 128 ) (-512 2048 128 ) (-512 2048 0 ) (-464 2048 0 ) 
4 181 186 (-464 2048 0 ) (-512 2048 0 ) (-512 2240 0 ) (-464 2240 0 ) 
4 181 183 (-512 2072 0 ) (-512 2064 0 ) (-512 2064 128 ) (-512 2072 128 ) 
4 181 182 (-512 2240 128 ) (-512 2240 0 ) (-512 2072 0 ) (-512 2072 128 ) 
4 182 187 (-1008 2240 0 ) (-512 2240 0 ) (-512 2072 0 ) (-1008 2072 0 ) 
4 182 183 (-1008 2072 0 ) (-512 2072 0 ) (-512 2072 128 ) (-1008 2072 128 ) 
4 183 194 (-1024 2064 128 ) (-1024 2072 128 ) (-1024 2072 0 ) (-1024 2064 0 ) 
4 183 187 (-1024 2064 0 ) (-1024 2072 0 ) (-512 2072 0 ) (-512 2064 0 ) 
4 184 188 (0 3072 -16 ) (0 2432 -16 ) (-128 2432 -16 ) (-128 3072 -16 ) 
4 185 297 (-192 2048 0 ) (-448 2048 0 ) (-448 2048 -16 ) (-192 2048 -16 ) 
4 185 188 (-192 2048 -16 ) (-448 2048 -16 ) (-448 2240 -16 ) (-192 2240 -16 ) 
4 185 186 (-448 2240 -16 ) (-448 2048 -16 ) (-448 2048 0 ) (-448 2240 0 ) 
4 186 297 (-448 2048 0 ) (-512 2048 0 ) (-512 2048 -16 ) (-448 2048 -16 ) 
4 186 188 (-448 2048 -16 ) (-512 2048 -16 ) (-512 2688 -16 ) (-448 2688 -16 ) 
4 186 187 (-512 2688 0 ) (-512 2688 -16 ) (-512 2064 -16 ) (-512 2064 0 ) 
4 187 188 (-1024 2064 -16 ) (-1024 2688 -16 ) (-512 2688 -16 ) (-512 2064 -16 ) 
4 188 300 (0 2048 -112 ) (0 2048 -16 ) (-1024 2048 -16 ) (-1024 2048 -112 ) 
4 188 207 (-1024 2048 -112 ) (-1024 2048 -16 ) (-1024 3072 -16 ) (-1024 3072 -112 ) 
4 189 190 (-1488 3088 240 ) (-1488 3088 128 ) (-1024 3088 128 ) (-1024 3088 240 ) 
4 189 191 (-1488 3088 0 ) (-1488 3088 -112 ) (-1024 3088 -112 ) (-1024 3088 0 ) 
4 189 192 (-1488 4080 240 ) (-1488 4080 -112 ) (-1488 3088 -112 ) (-1488 3088 240 ) 
4 190 193 (-1024 3072 128 ) (-1024 3072 240 ) (-1488 3072 240 ) (-1488 3072 128 ) 
4 190 192 (-1488 3072 128 ) (-1488 3072 240 ) (-1488 3088 240 ) (-1488 3088 128 ) 
4 191 207 (-1024 3072 -112 ) (-1024 3072 -16 ) (-1488 3072 -16 ) (-1488 3072 -112 ) 
4 191 203 (-1472 3072 0 ) (-1488 3072 0 ) (-1488 3072 -16 ) (-1472 3072 -16 ) 
4 191 192 (-1488 3088 -112 ) (-1488 3072 -112 ) (-1488 3072 0 ) (-1488 3088 0 ) 
4 192 207 (-2032 3072 -16 ) (-2032 3072 -112 ) (-1488 3072 -112 ) (-1488 3072 -16 ) 
4 192 206 (-2032 3072 0 ) (-2032 3072 -16 ) (-1856 3072 -16 ) (-1856 3072 0 ) 
4 192 205 (-1856 3072 -16 ) (-1664 3072 -16 ) (-1664 3072 0 ) (-1856 3072 0 ) 
4 192 203 (-1664 3072 -16 ) (-1488 3072 -16 ) (-1488 3072 0 ) (-1664 3072 0 ) 
4 192 202 (-2032 3072 128 ) (-2032 3072 0 ) (-1856 3072 0 ) (-1856 3072 128 ) 
4 192 201 (-1856 3072 0 ) (-1840 3072 0 ) (-1840 3072 128 ) (-1856 3072 128 ) 
4 192 195 (-1840 3072 0 ) (-1488 3072 0 ) (-1488 3072 128 ) (-1840 3072 128 ) 
4 192 193 (-1488 3072 240 ) (-2032 3072 240 ) (-2032 3072 128 ) (-1488 3072 128 ) 
4 193 311 (-1024 2048 128 ) (-1024 2048 240 ) (-2032 2048 240 ) (-2032 2048 128 ) 
4 193 202 (-1856 2048 128 ) (-2032 2048 128 ) (-2032 3072 128 ) (-1856 3072 128 ) 
4 193 201 (-1856 2688 128 ) (-1856 3072 128 ) (-1840 3072 128 ) (-1840 2688 128 ) 
4 193 200 (-1664 2048 128 ) (-1840 2048 128 ) (-1840 2064 128 ) (-1664 2064 128 ) 
4 193 198 (-1648 2408 128 ) (-1488 2408 128 ) (-1488 2064 128 ) (-1648 2064 128 ) 
4 193 199 (-1840 2064 128 ) (-1840 2408 128 ) (-1664 2408 128 ) (-1664 2064 128 ) 
4 193 196 (-1664 2672 128 ) (-1472 2672 128 ) (-1472 2424 128 ) (-1664 2424 128 ) 
4 193 197 (-1840 2408 128 ) (-1840 2672 128 ) (-1664 2672 128 ) (-1664 2408 128 ) 
4 193 195 (-1840 2688 128 ) (-1840 3072 128 ) (-1488 3072 128 ) (-1488 2688 128 ) 
4 193 194 (-1024 2048 128 ) (-1472 2048 128 ) (-1472 3072 128 ) (-1024 3072 128 ) 
4 194 312 (-1024 2048 0 ) (-1024 2048 128 ) (-1472 2048 128 ) (-1472 2048 0 ) 
4 194 196 (-1472 2672 0 ) (-1472 2424 0 ) (-1472 2424 128 ) (-1472 2672 128 ) 
4 195 205 (-1840 3072 0 ) (-1664 3072 0 ) (-1664 2688 0 ) (-1840 2688 0 ) 
4 195 203 (-1664 3072 0 ) (-1488 3072 0 ) (-1488 2688 0 ) (-1664 2688 0 ) 
4 195 201 (-1840 3072 0 ) (-1840 2688 0 ) (-1840 2688 128 ) (-1840 3072 128 ) 
4 196 204 (-1472 2427 0 ) (-1472 2424 0 ) (-1664 2424 0 ) (-1664 2427 0 ) 
4 196 197 (-1664 2672 128 ) (-1664 2672 0 ) (-1664 2424 0 ) (-1664 2424 128 ) 
4 197 199 (-1840 2408 128 ) (-1840 2408 0 ) (-1664 2408 0 ) (-1664 2408 128 ) 
4 198 204 (-1488 2064 0 ) (-1648 2064 0 ) (-1648 2408 0 ) (-1488 2408 0 ) 
4 199 200 (-1840 2064 128 ) (-1840 2064 0 ) (-1664 2064 0 ) (-1664 2064 128 ) 
4 200 316 (-1664 2048 128 ) (-1840 2048 128 ) (-1840 2048 0 ) (-1664 2048 0 ) 
4 201 205 (-1856 3072 0 ) (-1840 3072 0 ) (-1840 2688 0 ) (-1856 2688 0 ) 
4 201 202 (-1856 3072 0 ) (-1856 2688 0 ) (-1856 2688 128 ) (-1856 3072 128 ) 
4 202 319 (-1856 2048 128 ) (-2032 2048 128 ) (-2032 2048 0 ) (-1856 2048 0 ) 
4 202 206 (-2032 3072 0 ) (-1856 3072 0 ) (-1856 2048 0 ) (-2032 2048 0 ) 
4 203 207 (-1664 2688 -16 ) (-1664 3072 -16 ) (-1472 3072 -16 ) (-1472 2688 -16 ) 
4 203 205 (-1664 3072 -16 ) (-1664 2688 -16 ) (-1664 2688 0 ) (-1664 3072 0 ) 
4 204 207 (-1664 2064 -16 ) (-1664 2427 -16 ) (-1472 2427 -16 ) (-1472 2064 -16 ) 
4 205 207 (-1856 2688 -16 ) (-1856 3072 -16 ) (-1664 3072 -16 ) (-1664 2688 -16 ) 
4 205 206 (-1856 3072 -16 ) (-1856 2688 -16 ) (-1856 2688 0 ) (-1856 3072 0 ) 
4 206 322 (-1856 2048 0 ) (-2032 2048 0 ) (-2032 2048 -16 ) (-1856 2048 -16 ) 
4 206 207 (-1856 2048 -16 ) (-2032 2048 -16 ) (-2032 3072 -16 ) (-1856 3072 -16 ) 
4 207 323 (-1024 2048 -112 ) (-1024 2048 -16 ) (-2032 2048 -16 ) (-2032 2048 -112 ) 
4 208 231 (2048 1024 128 ) (2048 1024 240 ) (1024 1024 240 ) (1024 1024 128 ) 
4 208 220 (1024 1024 128 ) (1024 1024 240 ) (1024 2048 240 ) (1024 2048 128 ) 
4 208 215 (1216 2048 128 ) (1600 2048 128 ) (1600 1024 128 ) (1216 1024 128 ) 
4 208 216 (1024 1024 128 ) (1024 2048 128 ) (1200 2048 128 ) (1200 1024 128 ) 
4 208 214 (1792 1792 128 ) (1792 1024 128 ) (1600 1024 128 ) (1600 1792 128 ) 
4 208 213 (1616 2048 128 ) (1776 2048 128 ) (1776 1808 128 ) (1616 1808 128 ) 
4 208 212 (1792 2032 128 ) (1792 1808 128 ) (1776 1808 128 ) (1776 2032 128 ) 
4 208 211 (2048 1792 128 ) (2048 1032 128 ) (1808 1032 128 ) (1808 1792 128 ) 
4 208 210 (1792 1808 128 ) (1792 2032 128 ) (1808 2032 128 ) (1808 1808 128 ) 
4 208 209 (2048 2032 128 ) (2048 1792 128 ) (1808 1792 128 ) (1808 2032 128 ) 
4 209 211 (1808 1792 0 ) (2048 1792 0 ) (2048 1792 128 ) (1808 1792 128 ) 
4 209 210 (1808 2032 128 ) (1808 2032 0 ) (1808 1808 0 ) (1808 1808 128 ) 
4 210 212 (1792 2032 0 ) (1792 1808 0 ) (1792 1808 128 ) (1792 2032 128 ) 
4 212 213 (1776 2032 0 ) (1776 1808 0 ) (1776 1808 128 ) (1776 2032 128 ) 
4 214 233 (1792 1024 128 ) (1600 1024 128 ) (1600 1024 0 ) (1792 1024 0 ) 
4 214 217 (1792 1024 0 ) (1600 1024 0 ) (1600 1792 0 ) (1792 1792 0 ) 
4 214 215 (1600 1792 0 ) (1600 1024 0 ) (1600 1024 128 ) (1600 1792 128 ) 
4 215 233 (1600 1024 128 ) (1216 1024 128 ) (1216 1024 0 ) (1600 1024 0 ) 
4 215 218 (1600 1024 0 ) (1216 1024 0 ) (1216 2048 0 ) (1600 2048 0 ) 
4 216 235 (1040 1024 128 ) (1024 1024 128 ) (1024 1024 0 ) (1040 1024 0 ) 
4 216 234 (1200 1024 128 ) (1040 1024 128 ) (1040 1024 0 ) (1200 1024 0 ) 
4 216 221 (1024 1024 0 ) (1024 1024 128 ) (1024 2048 128 ) (1024 2048 0 ) 
4 217 247 (1792 1024 0 ) (1600 1024 0 ) (1600 1024 -16 ) (1792 1024 -16 ) 
4 217 219 (1792 1792 -16 ) (1792 1024 -16 ) (1600 1024 -16 ) (1600 1792 -16 ) 
4 217 218 (1600 1792 -16 ) (1600 1024 -16 ) (1600 1024 0 ) (1600 1792 0 ) 
4 218 248 (1408 1024 0 ) (1216 1024 0 ) (1216 1024 -16 ) (1408 1024 -16 ) 
4 218 247 (1600 1024 0 ) (1408 1024 0 ) (1408 1024 -16 ) (1600 1024 -16 ) 
4 218 219 (1216 2048 -16 ) (1600 2048 -16 ) (1600 1024 -16 ) (1216 1024 -16 ) 
4 219 249 (2048 1024 -112 ) (2048 1024 -16 ) (1024 1024 -16 ) (1024 1024 -112 ) 
4 219 230 (1024 1024 -112 ) (1024 1024 -16 ) (1024 2048 -16 ) (1024 2048 -112 ) 
4 220 284 (0 2048 240 ) (0 2048 128 ) (0 1024 128 ) (0 1024 240 ) 
4 220 250 (0 1024 240 ) (0 1024 128 ) (1024 1024 128 ) (1024 1024 240 ) 
4 220 226 (0 1680 128 ) (0 2048 128 ) (112 2048 128 ) (112 1680 128 ) 
4 220 227 (112 1024 128 ) (0 1024 128 ) (0 1664 128 ) (112 1664 128 ) 
4 220 225 (128 1024 128 ) (112 1024 128 ) (112 1664 128 ) (128 1664 128 ) 
4 220 224 (832 1024 128 ) (128 1024 128 ) (128 1968 128 ) (832 1968 128 ) 
4 220 223 (112 1984 128 ) (112 2048 128 ) (832 2048 128 ) (832 1984 128 ) 
4 220 222 (832 1984 128 ) (832 2048 128 ) (848 2048 128 ) (848 1984 128 ) 
4 220 221 (1024 1024 128 ) (848 1024 128 ) (848 2048 128 ) (1024 2048 128 ) 
4 221 251 (848 1024 0 ) (1024 1024 0 ) (1024 1024 128 ) (848 1024 128 ) 
4 221 222 (848 2048 0 ) (848 1984 0 ) (848 1984 128 ) (848 2048 128 ) 
4 222 223 (832 2048 0 ) (832 1984 0 ) (832 1984 128 ) (832 2048 128 ) 
4 223 226 (112 2048 0 ) (112 1984 0 ) (112 1984 128 ) (112 2048 128 ) 
4 224 254 (128 1024 0 ) (640 1024 0 ) (640 1024 128 ) (128 1024 128 ) 
4 224 253 (640 1024 0 ) (832 1024 0 ) (832 1024 128 ) (640 1024 128 ) 
4 224 228 (832 1024 0 ) (128 1024 0 ) (128 1968 0 ) (832 1968 0 ) 
4 224 225 (128 1664 0 ) (128 1024 0 ) (128 1024 128 ) (128 1664 128 ) 
4 225 254 (112 1024 0 ) (128 1024 0 ) (128 1024 128 ) (112 1024 128 ) 
4 225 229 (128 1024 0 ) (112 1024 0 ) (112 1664 0 ) (128 1664 0 ) 
4 225 227 (112 1664 0 ) (112 1024 0 ) (112 1024 128 ) (112 1664 128 ) 
4 226 288 (0 1920 0 ) (0 1680 0 ) (0 1680 128 ) (0 1920 128 ) 
4 226 287 (0 1936 0 ) (0 1920 0 ) (0 1920 128 ) (0 1936 128 ) 
4 226 285 (0 2048 128 ) (0 2048 0 ) (0 1936 0 ) (0 1936 128 ) 
4 227 289 (0 1664 0 ) (0 1024 0 ) (0 1024 128 ) (0 1664 128 ) 
4 227 254 (0 1024 128 ) (0 1024 0 ) (112 1024 0 ) (112 1024 128 ) 
4 227 229 (112 1024 0 ) (0 1024 0 ) (0 1664 0 ) (112 1664 0 ) 
4 228 261 (128 1024 -16 ) (640 1024 -16 ) (640 1024 0 ) (128 1024 0 ) 
4 228 260 (640 1024 -16 ) (832 1024 -16 ) (832 1024 0 ) (640 1024 0 ) 
4 228 230 (832 1024 -16 ) (128 1024 -16 ) (128 1968 -16 ) (832 1968 -16 ) 
4 228 229 (128 1664 -16 ) (128 1024 -16 ) (128 1024 0 ) (128 1664 0 ) 
4 229 296 (0 1664 -16 ) (0 1024 -16 ) (0 1024 0 ) (0 1664 0 ) 
4 229 261 (0 1024 0 ) (0 1024 -16 ) (128 1024 -16 ) (128 1024 0 ) 
4 229 230 (128 1024 -16 ) (0 1024 -16 ) (0 1664 -16 ) (128 1664 -16 ) 
4 230 300 (0 2048 -16 ) (0 2048 -112 ) (0 1024 -112 ) (0 1024 -16 ) 
4 230 262 (0 1024 -16 ) (0 1024 -112 ) (1024 1024 -112 ) (1024 1024 -16 ) 
4 231 263 (2048 0 128 ) (2048 0 240 ) (1024 0 240 ) (1024 0 128 ) 
4 231 250 (1024 1024 240 ) (1024 1024 128 ) (1024 0 128 ) (1024 0 240 ) 
4 231 245 (1040 0 128 ) (1024 0 128 ) (1024 112 128 ) (1040 112 128 ) 
4 231 243 (1392 0 128 ) (1200 0 128 ) (1200 944 128 ) (1392 944 128 ) 
4 231 244 (1200 0 128 ) (1040 0 128 ) (1040 960 128 ) (1200 960 128 ) 
4 231 241 (1984 0 128 ) (1728 0 128 ) (1728 64 128 ) (1984 64 128 ) 
4 231 240 (2048 0 128 ) (1984 0 128 ) (1984 256 128 ) (2048 256 128 ) 
4 231 242 (1728 0 128 ) (1392 0 128 ) (1392 256 128 ) (1728 256 128 ) 
4 231 238 (1408 816 128 ) (1984 816 128 ) (1984 448 128 ) (1408 448 128 ) 
4 231 237 (1984 816 128 ) (2048 816 128 ) (2048 256 128 ) (1984 256 128 ) 
4 231 239 (1392 256 128 ) (1392 816 128 ) (1408 816 128 ) (1408 256 128 ) 
4 231 236 (1408 960 128 ) (2048 960 128 ) (2048 832 128 ) (1408 832 128 ) 
4 231 235 (1024 976 128 ) (1024 1024 128 ) (1040 1024 128 ) (1040 976 128 ) 
4 231 234 (1040 1024 128 ) (1200 1024 128 ) (1200 960 128 ) (1040 960 128 ) 
4 231 233 (1216 1024 128 ) (1792 1024 128 ) (1792 960 128 ) (1216 960 128 ) 
4 231 232 (2048 1016 128 ) (2048 960 128 ) (1792 960 128 ) (1792 1016 128 ) 
4 232 246 (2048 1016 0 ) (2048 960 0 ) (1792 960 0 ) (1792 1016 0 ) 
4 232 236 (1792 960 0 ) (2048 960 0 ) (2048 960 128 ) (1792 960 128 ) 
4 232 233 (1792 1016 0 ) (1792 960 0 ) (1792 960 128 ) (1792 1016 128 ) 
4 233 248 (1216 1024 0 ) (1408 1024 0 ) (1408 960 0 ) (1216 960 0 ) 
4 233 247 (1408 1024 0 ) (1792 1024 0 ) (1792 960 0 ) (1408 960 0 ) 
4 233 236 (1408 960 0 ) (1792 960 0 ) (1792 960 128 ) (1408 960 128 ) 
4 234 244 (1040 960 0 ) (1200 960 0 ) (1200 960 128 ) (1040 960 128 ) 
4 234 235 (1040 1024 0 ) (1040 976 0 ) (1040 976 128 ) (1040 1024 128 ) 
4 235 251 (1024 1024 128 ) (1024 1024 0 ) (1024 976 0 ) (1024 976 128 ) 
4 236 246 (2048 960 0 ) (2048 832 0 ) (1792 832 0 ) (1792 960 0 ) 
4 236 247 (1792 832 0 ) (1408 832 0 ) (1408 960 0 ) (1792 960 0 ) 
4 237 240 (1984 256 0 ) (2048 256 0 ) (2048 256 128 ) (1984 256 128 ) 
4 237 238 (1984 816 128 ) (1984 816 0 ) (1984 448 0 ) (1984 448 128 ) 
4 238 239 (1408 816 128 ) (1408 816 0 ) (1408 448 0 ) (1408 448 128 ) 
4 239 243 (1392 816 0 ) (1392 256 0 ) (1392 256 128 ) (1392 816 128 ) 
4 239 242 (1392 256 128 ) (1392 256 0 ) (1408 256 0 ) (1408 256 128 ) 
4 240 264 (2048 0 0 ) (2048 0 128 ) (1984 0 128 ) (1984 0 0 ) 
4 240 241 (1984 64 0 ) (1984 0 0 ) (1984 0 128 ) (1984 64 128 ) 
4 241 264 (1984 0 128 ) (1728 0 128 ) (1728 0 0 ) (1984 0 0 ) 
4 241 242 (1728 64 0 ) (1728 0 0 ) (1728 0 128 ) (1728 64 128 ) 
4 242 264 (1728 0 128 ) (1392 0 128 ) (1392 0 0 ) (1728 0 0 ) 
4 242 243 (1392 256 0 ) (1392 0 0 ) (1392 0 128 ) (1392 256 128 ) 
4 243 266 (1232 0 128 ) (1216 0 128 ) (1216 0 0 ) (1232 0 0 ) 
4 243 267 (1216 0 128 ) (1200 0 128 ) (1200 0 0 ) (1216 0 0 ) 
4 243 264 (1392 0 128 ) (1232 0 128 ) (1232 0 0 ) (1392 0 0 ) 
4 243 244 (1200 944 0 ) (1200 0 0 ) (1200 0 128 ) (1200 944 128 ) 
4 244 267 (1200 0 128 ) (1040 0 128 ) (1040 0 0 ) (1200 0 0 ) 
4 244 245 (1040 112 0 ) (1040 0 0 ) (1040 0 128 ) (1040 112 128 ) 
4 245 267 (1040 0 128 ) (1024 0 128 ) (1024 0 0 ) (1040 0 0 ) 
4 245 257 (1024 112 0 ) (1024 0 0 ) (1024 0 128 ) (1024 112 128 ) 
4 246 249 (2048 1016 -16 ) (2048 832 -16 ) (1792 832 -16 ) (1792 1016 -16 ) 
4 246 247 (1792 1016 -16 ) (1792 832 -16 ) (1792 832 0 ) (1792 1016 0 ) 
4 247 249 (1408 832 -16 ) (1408 1024 -16 ) (1792 1024 -16 ) (1792 832 -16 ) 
4 247 248 (1408 1024 -16 ) (1408 960 -16 ) (1408 960 0 ) (1408 1024 0 ) 
4 248 249 (1216 1024 -16 ) (1408 1024 -16 ) (1408 960 -16 ) (1216 960 -16 ) 
4 249 272 (2048 0 -112 ) (2048 0 -16 ) (1024 0 -16 ) (1024 0 -112 ) 
4 249 262 (1024 1024 -16 ) (1024 1024 -112 ) (1024 0 -112 ) (1024 0 -16 ) 
4 250 301 (0 0 128 ) (0 0 240 ) (0 1024 240 ) (0 1024 128 ) 
4 250 273 (1024 0 128 ) (1024 0 240 ) (0 0 240 ) (0 0 128 ) 
4 250 257 (1024 0 128 ) (624 0 128 ) (624 112 128 ) (1024 112 128 ) 
4 250 258 (624 0 128 ) (0 0 128 ) (0 128 128 ) (624 128 128 ) 
4 250 255 (640 688 128 ) (1024 688 128 ) (1024 128 128 ) (640 128 128 ) 
4 250 256 (0 128 128 ) (0 688 128 ) (624 688 128 ) (624 128 128 ) 
4 250 254 (0 704 128 ) (0 1024 128 ) (640 1024 128 ) (640 704 128 ) 
4 250 253 (640 1024 128 ) (832 1024 128 ) (832 688 128 ) (640 688 128 ) 
4 250 252 (1024 960 128 ) (1024 688 128 ) (832 688 128 ) (832 960 128 ) 
4 250 251 (848 1024 128 ) (1024 1024 128 ) (1024 976 128 ) (848 976 128 ) 
4 252 259 (1024 960 0 ) (1024 688 0 ) (832 688 0 ) (832 960 0 ) 
4 252 255 (832 688 0 ) (1024 688 0 ) (1024 688 128 ) (832 688 128 ) 
4 252 253 (832 960 0 ) (832 688 0 ) (832 688 128 ) (832 960 128 ) 
4 253 260 (640 1024 0 ) (832 1024 0 ) (832 688 0 ) (640 688 0 ) 
4 253 255 (640 688 0 ) (832 688 0 ) (832 688 128 ) (640 688 128 ) 
4 253 254 (640 1024 0 ) (640 704 0 ) (640 704 128 ) (640 1024 128 ) 
4 254 302 (0 704 128 ) (0 1024 128 ) (0 1024 0 ) (0 704 0 ) 
4 254 261 (0 704 0 ) (0 1024 0 ) (640 1024 0 ) (640 704 0 ) 
4 255 260 (640 688 0 ) (832 688 0 ) (832 128 0 ) (640 128 0 ) 
4 255 259 (832 688 0 ) (1024 688 0 ) (1024 128 0 ) (832 128 0 ) 
4 256 304 (0 128 128 ) (0 688 128 ) (0 688 0 ) (0 128 0 ) 
4 256 258 (0 128 0 ) (624 128 0 ) (624 128 128 ) (0 128 128 ) 
4 257 274 (1024 0 0 ) (1024 0 128 ) (624 0 128 ) (624 0 0 ) 
4 257 258 (624 112 0 ) (624 0 0 ) (624 0 128 ) (624 112 128 ) 
4 258 306 (0 0 0 ) (0 0 128 ) (0 128 128 ) (0 128 0 ) 
4 258 276 (272 0 128 ) (0 0 128 ) (0 0 0 ) (272 0 0 ) 
4 258 275 (288 0 128 ) (272 0 128 ) (272 0 0 ) (288 0 0 ) 
4 258 274 (624 0 128 ) (288 0 128 ) (288 0 0 ) (624 0 0 ) 
4 259 262 (1024 960 -16 ) (1024 128 -16 ) (832 128 -16 ) (832 960 -16 ) 
4 259 260 (832 960 -16 ) (832 128 -16 ) (832 128 0 ) (832 960 0 ) 
4 260 262 (640 1024 -16 ) (832 1024 -16 ) (832 128 -16 ) (640 128 -16 ) 
4 260 261 (640 1024 -16 ) (640 704 -16 ) (640 704 0 ) (640 1024 0 ) 
4 261 308 (0 704 0 ) (0 1024 0 ) (0 1024 -16 ) (0 704 -16 ) 
4 261 262 (0 704 -16 ) (0 1024 -16 ) (640 1024 -16 ) (640 704 -16 ) 
4 262 310 (0 0 -112 ) (0 0 -16 ) (0 1024 -16 ) (0 1024 -112 ) 
4 262 282 (272 0 -16 ) (0 0 -16 ) (0 0 -112 ) (272 0 -112 ) 
4 262 280 (1024 0 -112 ) (1024 0 -16 ) (272 0 -16 ) (272 0 -112 ) 
4 263 273 (1024 -624 240 ) (1024 0 240 ) (1024 0 128 ) (1024 -624 128 ) 
4 263 269 (1024 -624 128 ) (1024 -320 128 ) (1232 -320 128 ) (1232 -624 128 ) 
4 263 268 (1232 -304 128 ) (2048 -304 128 ) (2048 -624 128 ) (1232 -624 128 ) 
4 263 266 (1216 0 128 ) (1232 0 128 ) (1232 -176 128 ) (1216 -176 128 ) 
4 263 267 (1024 -304 128 ) (1024 0 128 ) (1216 0 128 ) (1216 -304 128 ) 
4 263 264 (1232 0 128 ) (2048 0 128 ) (2048 -176 128 ) (1232 -176 128 ) 
4 263 265 (2048 -192 128 ) (2048 -304 128 ) (1232 -304 128 ) (1232 -192 128 ) 
4 264 266 (1232 0 0 ) (1232 -176 0 ) (1232 -176 128 ) (1232 0 128 ) 
4 265 270 (2048 -192 0 ) (2048 -304 0 ) (1232 -304 0 ) (1232 -192 0 ) 
4 265 268 (1232 -304 0 ) (2048 -304 0 ) (2048 -304 128 ) (1232 -304 128 ) 
4 266 267 (1216 0 0 ) (1216 -176 0 ) (1216 -176 128 ) (1216 0 128 ) 
4 267 274 (1024 -304 128 ) (1024 0 128 ) (1024 0 0 ) (1024 -304 0 ) 
4 268 271 (2048 -320 0 ) (2048 -624 0 ) (1232 -624 0 ) (1232 -320 0 ) 
4 268 270 (1232 -304 0 ) (2048 -304 0 ) (2048 -320 0 ) (1232 -320 0 ) 
4 268 269 (1232 -320 0 ) (1232 -624 0 ) (1232 -624 128 ) (1232 -320 128 ) 
4 269 278 (1024 -624 128 ) (1024 -320 128 ) (1024 -320 0 ) (1024 -624 0 ) 
4 269 271 (1024 -624 0 ) (1024 -320 0 ) (1232 -320 0 ) (1232 -624 0 ) 
4 270 272 (1232 -192 -16 ) (2048 -192 -16 ) (2048 -320 -16 ) (1232 -320 -16 ) 
4 270 271 (1232 -320 -16 ) (2048 -320 -16 ) (2048 -320 0 ) (1232 -320 0 ) 
4 271 281 (1024 -624 0 ) (1024 -320 0 ) (1024 -320 -16 ) (1024 -624 -16 ) 
4 271 272 (1024 -624 -16 ) (1024 -320 -16 ) (2048 -320 -16 ) (2048 -624 -16 ) 
4 272 281 (1024 -624 -16 ) (1024 -320 -16 ) (1024 -320 -112 ) (1024 -624 -112 ) 
4 272 280 (1024 -320 -16 ) (1024 0 -16 ) (1024 0 -112 ) (1024 -320 -112 ) 
4 273 338 (0 -624 240 ) (0 -184 240 ) (0 -184 128 ) (0 -624 128 ) 
4 273 335 (0 -184 240 ) (0 -168 240 ) (0 -168 128 ) (0 -184 128 ) 
4 273 334 (0 -168 240 ) (0 0 240 ) (0 0 128 ) (0 -168 128 ) 
4 273 278 (1024 -320 128 ) (1024 -624 128 ) (272 -624 128 ) (272 -320 128 ) 
4 273 279 (0 -624 128 ) (0 -304 128 ) (272 -304 128 ) (272 -624 128 ) 
4 273 276 (0 -168 128 ) (0 0 128 ) (272 0 128 ) (272 -168 128 ) 
4 273 277 (0 -304 128 ) (0 -184 128 ) (272 -184 128 ) (272 -304 128 ) 
4 273 275 (272 0 128 ) (288 0 128 ) (288 -168 128 ) (272 -168 128 ) 
4 273 274 (288 0 128 ) (1024 0 128 ) (1024 -304 128 ) (288 -304 128 ) 
4 274 275 (288 0 0 ) (288 -168 0 ) (288 -168 128 ) (288 0 128 ) 
4 275 276 (272 0 0 ) (272 -168 0 ) (272 -168 128 ) (272 0 128 ) 
4 276 334 (0 -168 128 ) (0 0 128 ) (0 0 0 ) (0 -168 0 ) 
4 277 338 (0 -304 128 ) (0 -184 128 ) (0 -184 0 ) (0 -304 0 ) 
4 277 283 (272 -184 0 ) (272 -304 0 ) (0 -304 0 ) (0 -184 0 ) 
4 277 279 (0 -304 0 ) (272 -304 0 ) (272 -304 128 ) (0 -304 128 ) 
4 278 281 (1024 -320 0 ) (1024 -624 0 ) (272 -624 0 ) (272 -320 0 ) 
4 278 279 (272 -320 0 ) (272 -624 0 ) (272 -624 128 ) (272 -320 128 ) 
4 279 338 (0 -624 128 ) (0 -304 128 ) (0 -304 0 ) (0 -624 0 ) 
4 279 283 (272 -624 0 ) (0 -624 0 ) (0 -304 0 ) (272 -304 0 ) 
4 280 283 (272 -184 -112 ) (272 -320 -112 ) (272 -320 -16 ) (272 -184 -16 ) 
4 280 282 (272 0 -112 ) (272 -184 -112 ) (272 -184 -16 ) (272 0 -16 ) 
4 280 281 (272 -320 -16 ) (272 -320 -112 ) (1024 -320 -112 ) (1024 -320 -16 ) 
4 281 283 (272 -320 -112 ) (272 -624 -112 ) (272 -624 0 ) (272 -320 0 ) 
4 282 339 (0 0 -16 ) (0 0 -112 ) (0 -184 -112 ) (0 -184 -16 ) 
4 282 283 (0 -184 -112 ) (272 -184 -112 ) (272 -184 -16 ) (0 -184 -16 ) 
4 283 340 (0 -624 0 ) (0 -184 0 ) (0 -184 -112 ) (0 -624 -112 ) 
4 284 311 (-1024 2048 240 ) (-1024 2048 128 ) (-1024 1024 128 ) (-1024 1024 240 ) 
4 284 301 (0 1024 128 ) (0 1024 240 ) (-1024 1024 240 ) (-1024 1024 128 ) 
4 284 294 (-528 1024 128 ) (-704 1024 128 ) (-704 1280 128 ) (-528 1280 128 ) 
4 284 295 (-720 1024 128 ) (-1024 1024 128 ) (-1024 1280 128 ) (-720 1280 128 ) 
4 284 292 (-720 2048 128 ) (-528 2048 128 ) (-528 1296 128 ) (-720 1296 128 ) 
4 284 293 (-1024 1280 128 ) (-1024 2048 128 ) (-720 2048 128 ) (-720 1280 128 ) 
4 284 290 (-528 1680 128 ) (-528 1920 128 ) (-512 1920 128 ) (-512 1680 128 ) 
4 284 291 (-512 1024 128 ) (-528 1024 128 ) (-528 1280 128 ) (-512 1280 128 ) 
4 284 288 (-512 1680 128 ) (-512 1920 128 ) (0 1920 128 ) (0 1680 128 ) 
4 284 289 (0 1024 128 ) (-512 1024 128 ) (-512 1664 128 ) (0 1664 128 ) 
4 284 287 (-192 1936 128 ) (0 1936 128 ) (0 1920 128 ) (-192 1920 128 ) 
4 284 285 (-192 2048 128 ) (0 2048 128 ) (0 1936 128 ) (-192 1936 128 ) 
4 284 286 (-512 1936 128 ) (-512 2048 128 ) (-208 2048 128 ) (-208 1936 128 ) 
4 285 287 (-192 1936 0 ) (0 1936 0 ) (0 1936 128 ) (-192 1936 128 ) 
4 286 297 (-512 2048 0 ) (-208 2048 0 ) (-208 1936 0 ) (-512 1936 0 ) 
4 287 288 (-192 1920 0 ) (0 1920 0 ) (0 1920 128 ) (-192 1920 128 ) 
4 288 290 (-512 1920 0 ) (-512 1680 0 ) (-512 1680 128 ) (-512 1920 128 ) 
4 289 302 (0 1024 0 ) (0 1024 128 ) (-512 1024 128 ) (-512 1024 0 ) 
4 289 298 (-192 1024 0 ) (-512 1024 0 ) (-512 1664 0 ) (-192 1664 0 ) 
4 289 296 (0 1664 0 ) (0 1024 0 ) (-192 1024 0 ) (-192 1664 0 ) 
4 289 291 (-512 1280 0 ) (-512 1024 0 ) (-512 1024 128 ) (-512 1280 128 ) 
4 290 292 (-528 1920 0 ) (-528 1680 0 ) (-528 1680 128 ) (-528 1920 128 ) 
4 291 302 (-512 1024 128 ) (-528 1024 128 ) (-528 1024 0 ) (-512 1024 0 ) 
4 291 299 (-512 1280 0 ) (-512 1024 0 ) (-528 1024 0 ) (-528 1280 0 ) 
4 291 294 (-528 1280 0 ) (-528 1024 0 ) (-528 1024 128 ) (-528 1280 128 ) 
4 292 293 (-720 2048 0 ) (-720 1296 0 ) (-720 1296 128 ) (-720 2048 128 ) 
4 293 314 (-1024 1296 0 ) (-1024 1280 0 ) (-1024 1280 128 ) (-1024 1296 128 ) 
4 293 312 (-1024 2048 128 ) (-1024 2048 0 ) (-1024 1296 0 ) (-1024 1296 128 ) 
4 293 295 (-1024 1280 0 ) (-720 1280 0 ) (-720 1280 128 ) (-1024 1280 128 ) 
4 294 302 (-528 1024 128 ) (-704 1024 128 ) (-704 1024 0 ) (-528 1024 0 ) 
4 294 299 (-704 1280 0 ) (-528 1280 0 ) (-528 1024 0 ) (-704 1024 0 ) 
4 295 314 (-1024 1280 0 ) (-1024 1024 0 ) (-1024 1024 128 ) (-1024 1280 128 ) 
4 295 303 (-720 1024 128 ) (-1024 1024 128 ) (-1024 1024 0 ) (-720 1024 0 ) 
4 296 308 (0 1024 -16 ) (0 1024 0 ) (-192 1024 0 ) (-192 1024 -16 ) 
4 296 300 (0 1024 -16 ) (-192 1024 -16 ) (-192 1664 -16 ) (0 1664 -16 ) 
4 296 298 (-192 1664 -16 ) (-192 1024 -16 ) (-192 1024 0 ) (-192 1664 0 ) 
4 297 300 (-512 1920 -16 ) (-512 2048 -16 ) (-192 2048 -16 ) (-192 1920 -16 ) 
4 298 308 (-192 1024 0 ) (-512 1024 0 ) (-512 1024 -16 ) (-192 1024 -16 ) 
4 298 300 (-192 1024 -16 ) (-512 1024 -16 ) (-512 1664 -16 ) (-192 1664 -16 ) 
4 298 299 (-512 1280 -16 ) (-512 1024 -16 ) (-512 1024 0 ) (-512 1280 0 ) 
4 299 308 (-512 1024 0 ) (-704 1024 0 ) (-704 1024 -16 ) (-512 1024 -16 ) 
4 299 300 (-512 1024 -16 ) (-704 1024 -16 ) (-704 1280 -16 ) (-512 1280 -16 ) 
4 300 323 (-1024 2048 -16 ) (-1024 2048 -112 ) (-1024 1024 -112 ) (-1024 1024 -16 ) 
4 300 310 (0 1024 -112 ) (0 1024 -16 ) (-1024 1024 -16 ) (-1024 1024 -112 ) 
4 301 336 (-224 0 240 ) (-240 0 240 ) (-240 0 128 ) (-224 0 128 ) 
4 301 337 (-240 0 240 ) (-1024 0 240 ) (-1024 0 128 ) (-240 0 128 ) 
4 301 334 (0 0 128 ) (0 0 240 ) (-224 0 240 ) (-224 0 128 ) 
4 301 325 (-1024 128 240 ) (-1024 144 240 ) (-1024 144 128 ) (-1024 128 128 ) 
4 301 324 (-1024 144 240 ) (-1024 1024 240 ) (-1024 1024 128 ) (-1024 144 128 ) 
4 301 326 (-1024 0 128 ) (-1024 0 240 ) (-1024 128 240 ) (-1024 128 128 ) 
4 301 306 (0 0 128 ) (-224 0 128 ) (-224 128 128 ) (0 128 128 ) 
4 301 307 (-240 0 128 ) (-1024 0 128 ) (-1024 128 128 ) (-240 128 128 ) 
4 301 305 (-1024 144 128 ) (-1024 688 128 ) (-224 688 128 ) (-224 144 128 ) 
4 301 304 (-224 688 128 ) (0 688 128 ) (0 128 128 ) (-224 128 128 ) 
4 301 303 (-1024 688 128 ) (-1024 1024 128 ) (-720 1024 128 ) (-720 688 128 ) 
4 301 302 (-704 1024 128 ) (0 1024 128 ) (0 704 128 ) (-704 704 128 ) 
4 302 308 (-704 1024 0 ) (0 1024 0 ) (0 704 0 ) (-704 704 0 ) 
4 303 324 (-1024 688 128 ) (-1024 1024 128 ) (-1024 1024 0 ) (-1024 688 0 ) 
4 303 305 (-1024 688 0 ) (-720 688 0 ) (-720 688 128 ) (-1024 688 128 ) 
4 304 306 (-224 128 0 ) (0 128 0 ) (0 128 128 ) (-224 128 128 ) 
4 304 305 (-224 688 128 ) (-224 688 0 ) (-224 144 0 ) (-224 144 128 ) 
4 305 324 (-1024 144 128 ) (-1024 688 128 ) (-1024 688 0 ) (-1024 144 0 ) 
4 306 334 (0 0 0 ) (0 0 128 ) (-224 0 128 ) (-224 0 0 ) 
4 307 337 (-240 0 128 ) (-1024 0 128 ) (-1024 0 0 ) (-240 0 0 ) 
4 307 326 (-1024 0 0 ) (-1024 0 128 ) (-1024 128 128 ) (-1024 128 0 ) 
4 307 309 (-1024 0 0 ) (-1024 128 0 ) (-240 128 0 ) (-240 0 0 ) 
4 308 310 (-704 1024 -16 ) (0 1024 -16 ) (0 704 -16 ) (-704 704 -16 ) 
4 309 341 (-240 0 0 ) (-1024 0 0 ) (-1024 0 -16 ) (-240 0 -16 ) 
4 309 332 (-1024 0 -16 ) (-1024 0 0 ) (-1024 128 0 ) (-1024 128 -16 ) 
4 309 310 (-240 0 -16 ) (-1024 0 -16 ) (-1024 128 -16 ) (-240 128 -16 ) 
4 310 339 (0 0 -112 ) (0 0 -16 ) (-240 0 -16 ) (-240 0 -112 ) 
4 310 341 (-240 0 -16 ) (-1024 0 -16 ) (-1024 0 -112 ) (-240 0 -112 ) 
4 310 331 (-1024 128 -16 ) (-1024 704 -16 ) (-1024 704 -112 ) (-1024 128 -112 ) 
4 310 332 (-1024 0 -112 ) (-1024 0 -16 ) (-1024 128 -16 ) (-1024 128 -112 ) 
4 310 330 (-1024 704 -16 ) (-1024 1024 -16 ) (-1024 1024 -112 ) (-1024 704 -112 ) 
4 311 327 (-1072 1024 240 ) (-1088 1024 240 ) (-1088 1024 128 ) (-1072 1024 128 ) 
4 311 329 (-1088 1024 240 ) (-2032 1024 240 ) (-2032 1024 128 ) (-1088 1024 128 ) 
4 311 324 (-1024 1024 128 ) (-1024 1024 240 ) (-1072 1024 240 ) (-1072 1024 128 ) 
4 311 319 (-2032 2048 128 ) (-1856 2048 128 ) (-1856 1024 128 ) (-2032 1024 128 ) 
4 311 318 (-1840 1872 128 ) (-1840 1024 128 ) (-1856 1024 128 ) (-1856 1872 128 ) 
4 311 316 (-1840 2048 128 ) (-1664 2048 128 ) (-1664 1888 128 ) (-1840 1888 128 ) 
4 311 317 (-1664 1872 128 ) (-1664 1024 128 ) (-1840 1024 128 ) (-1840 1872 128 ) 
4 311 315 (-1088 1024 128 ) (-1664 1024 128 ) (-1664 1280 128 ) (-1088 1280 128 ) 
4 311 314 (-1024 1296 128 ) (-1024 1024 128 ) (-1072 1024 128 ) (-1072 1296 128 ) 
4 311 313 (-1664 2048 128 ) (-1648 2048 128 ) (-1648 1888 128 ) (-1664 1888 128 ) 
4 311 312 (-1648 2048 128 ) (-1024 2048 128 ) (-1024 1296 128 ) (-1648 1296 128 ) 
4 312 314 (-1072 1296 0 ) (-1024 1296 0 ) (-1024 1296 128 ) (-1072 1296 128 ) 
4 312 313 (-1648 2048 0 ) (-1648 1888 0 ) (-1648 1888 128 ) (-1648 2048 128 ) 
4 313 316 (-1664 2048 0 ) (-1664 1888 0 ) (-1664 1888 128 ) (-1664 2048 128 ) 
4 314 324 (-1024 1024 0 ) (-1024 1024 128 ) (-1072 1024 128 ) (-1072 1024 0 ) 
4 315 329 (-1088 1024 128 ) (-1664 1024 128 ) (-1664 1024 0 ) (-1088 1024 0 ) 
4 315 320 (-1088 1024 0 ) (-1664 1024 0 ) (-1664 1280 0 ) (-1088 1280 0 ) 
4 315 317 (-1664 1280 0 ) (-1664 1024 0 ) (-1664 1024 128 ) (-1664 1280 128 ) 
4 317 329 (-1664 1024 128 ) (-1840 1024 128 ) (-1840 1024 0 ) (-1664 1024 0 ) 
4 317 321 (-1664 1024 0 ) (-1840 1024 0 ) (-1840 1872 0 ) (-1664 1872 0 ) 
4 317 318 (-1840 1872 0 ) (-1840 1024 0 ) (-1840 1024 128 ) (-1840 1872 128 ) 
4 318 329 (-1840 1024 128 ) (-1856 1024 128 ) (-1856 1024 0 ) (-1840 1024 0 ) 
4 318 321 (-1840 1024 0 ) (-1856 1024 0 ) (-1856 1872 0 ) (-1840 1872 0 ) 
4 318 319 (-1856 1872 0 ) (-1856 1024 0 ) (-1856 1024 128 ) (-1856 1872 128 ) 
4 319 329 (-1856 1024 128 ) (-2032 1024 128 ) (-2032 1024 0 ) (-1856 1024 0 ) 
4 319 322 (-1856 1024 0 ) (-2032 1024 0 ) (-2032 2048 0 ) (-1856 2048 0 ) 
4 320 333 (-1088 1024 0 ) (-1664 1024 0 ) (-1664 1024 -16 ) (-1088 1024 -16 ) 
4 320 323 (-1088 1024 -16 ) (-1664 1024 -16 ) (-1664 1280 -16 ) (-1088 1280 -16 ) 
4 320 321 (-1664 1280 -16 ) (-1664 1024 -16 ) (-1664 1024 0 ) (-1664 1280 0 ) 
4 321 333 (-1664 1024 0 ) (-1856 1024 0 ) (-1856 1024 -16 ) (-1664 1024 -16 ) 
4 321 323 (-1664 1872 -16 ) (-1664 1024 -16 ) (-1856 1024 -16 ) (-1856 1872 -16 ) 
4 321 322 (-1856 1872 -16 ) (-1856 1024 -16 ) (-1856 1024 0 ) (-1856 1872 0 ) 
4 322 333 (-1856 1024 0 ) (-2032 1024 0 ) (-2032 1024 -16 ) (-1856 1024 -16 ) 
4 322 323 (-2032 2048 -16 ) (-1856 2048 -16 ) (-1856 1024 -16 ) (-2032 1024 -16 ) 
4 323 333 (-1088 1024 -16 ) (-2032 1024 -16 ) (-2032 1024 -112 ) (-1088 1024 -112 ) 
4 323 330 (-1024 1024 -112 ) (-1024 1024 -16 ) (-1088 1024 -16 ) (-1088 1024 -112 ) 
4 324 327 (-1072 144 128 ) (-1072 144 240 ) (-1072 1024 240 ) (-1072 1024 128 ) 
4 324 325 (-1072 144 240 ) (-1072 144 128 ) (-1024 144 128 ) (-1024 144 240 ) 
4 325 327 (-1072 128 128 ) (-1072 128 240 ) (-1072 144 240 ) (-1072 144 128 ) 
4 325 326 (-1072 128 240 ) (-1072 128 128 ) (-1024 128 128 ) (-1024 128 240 ) 
4 326 342 (-1024 0 0 ) (-1024 0 240 ) (-1072 0 240 ) (-1072 0 0 ) 
4 326 332 (-1024 128 0 ) (-1024 0 0 ) (-1072 0 0 ) (-1072 128 0 ) 
4 326 328 (-1072 128 0 ) (-1072 0 0 ) (-1072 0 240 ) (-1072 128 240 ) 
4 327 328 (-1088 128 240 ) (-1088 128 128 ) (-1072 128 128 ) (-1072 128 240 ) 
4 327 329 (-1088 128 128 ) (-1088 128 240 ) (-1088 1024 240 ) (-1088 1024 128 ) 
4 328 342 (-1072 0 240 ) (-1088 0 240 ) (-1088 0 0 ) (-1072 0 0 ) 
4 328 332 (-1072 128 0 ) (-1072 0 0 ) (-1088 0 0 ) (-1088 128 0 ) 
4 328 329 (-1088 128 0 ) (-1088 0 0 ) (-1088 0 240 ) (-1088 128 240 ) 
4 329 342 (-1088 0 240 ) (-2032 0 240 ) (-2032 0 0 ) (-1088 0 0 ) 
4 329 333 (-2032 1024 0 ) (-1088 1024 0 ) (-1088 0 0 ) (-2032 0 0 ) 
4 330 333 (-1088 1024 -112 ) (-1088 704 -112 ) (-1088 704 -16 ) (-1088 1024 -16 ) 
4 330 331 (-1088 704 -16 ) (-1088 704 -112 ) (-1024 704 -112 ) (-1024 704 -16 ) 
4 331 333 (-1088 704 -112 ) (-1088 128 -112 ) (-1088 128 -16 ) (-1088 704 -16 ) 
4 331 332 (-1088 128 -16 ) (-1088 128 -112 ) (-1024 128 -112 ) (-1024 128 -16 ) 
4 332 342 (-1024 0 -112 ) (-1024 0 0 ) (-1088 0 0 ) (-1088 0 -112 ) 
4 332 333 (-1088 128 -112 ) (-1088 0 -112 ) (-1088 0 0 ) (-1088 128 0 ) 
4 333 342 (-1088 0 0 ) (-2032 0 0 ) (-2032 0 -112 ) (-1088 0 -112 ) 
4 334 336 (-224 -168 128 ) (-224 -168 240 ) (-224 0 240 ) (-224 0 128 ) 
4 334 335 (-224 -168 240 ) (-224 -168 128 ) (0 -168 128 ) (0 -168 240 ) 
4 335 338 (0 -184 128 ) (0 -184 240 ) (-224 -184 240 ) (-224 -184 128 ) 
4 335 336 (-224 -184 128 ) (-224 -184 240 ) (-224 -168 240 ) (-224 -168 128 ) 
4 336 338 (-224 -184 128 ) (-224 -184 240 ) (-240 -184 240 ) (-240 -184 128 ) 
4 336 337 (-240 -184 128 ) (-240 -184 240 ) (-240 0 240 ) (-240 0 128 ) 
4 337 342 (-1024 0 240 ) (-1024 0 0 ) (-1024 -184 0 ) (-1024 -184 240 ) 
4 337 341 (-1024 -184 0 ) (-1024 0 0 ) (-240 0 0 ) (-240 -184 0 ) 
4 337 338 (-1024 -184 0 ) (-240 -184 0 ) (-240 -184 240 ) (-1024 -184 240 ) 
4 338 342 (-1024 -184 0 ) (-1024 -624 0 ) (-1024 -624 240 ) (-1024 -184 240 ) 
4 338 340 (-240 -184 0 ) (0 -184 0 ) (0 -624 0 ) (-240 -624 0 ) 
4 338 341 (-1024 -624 0 ) (-1024 -184 0 ) (-240 -184 0 ) (-240 -624 0 ) 
4 339 340 (-240 -184 -16 ) (-240 -184 -112 ) (0 -184 -112 ) (0 -184 -16 ) 
4 339 341 (-240 0 -112 ) (-240 -184 -112 ) (-240 -184 -16 ) (-240 0 -16 ) 
4 340 341 (-240 -184 -112 ) (-240 -624 -112 ) (-240 -624 0 ) (-240 -184 0 ) 
4 341 342 (-1024 0 0 ) (-1024 0 -112 ) (-1024 -624 -112 ) (-1024 -624 0 ) 
